<?xml version="1.0" encoding="iso-8859-1"?>
<!DOCTYPE html PUBLIC "-//W3C//DTD XHTML 1.0 Strict//EN" "http://www.w3.org/TR/xhtml1/DTD/xhtml1-strict.dtd">
<html xmlns="http://www.w3.org/1999/xhtml">
 <head>
  <title>input/alpha-all.txt Failed -- 2009-10-02 19:43:08</title>
  <link rel="stylesheet" href="http://buildd.net/builddnet.css" type="text/css" />
 </head>
 <body>
  <h1>Failed -- 93 -- 2009-10-02 19:43:08 input/alpha-all.txt</h1>
   <hr />
   <ul>
<li class="packageinfo"><a href="http://buildd.debian.org/build.php?arch=alpha&amp;pkg=acpica-unix&amp;ver=20090521-1">acpica-unix_20090521-1</a>  [buildd_alpha-goedel]<span>
    .
  Previous state was Building until 2009 Jul 09 08:11:03
</span>
</li>
<li class="packageinfo"><a href="http://buildd.debian.org/build.php?arch=alpha&amp;pkg=adolc&amp;ver=1.10.2-3">adolc_1.10.2-3</a>  [buildd_alpha-goedel]<span>
    &gt; dpkg-gensymbols -c4 -plibadolc0
    &gt; dpkg-gensymbols: warning: some new symbols appeared in the symbols file: see diff output below
    &gt; dpkg-gensymbols: warning: debian/tmp/DEBIAN/symbols doesn't match completely debian/libadolc0.symbols
    &gt; --- dpkg-gensymbols142eBW	2009-04-14 22:02:54.000000000 +0000
    &gt; +++ dpkg-gensymbolsHkRjGd	2009-04-14 22:02:54.000000000 +0000
    &gt; @@ -203,8 +203,12 @@
    &gt;   _ZNK8badouble5valueEv@Base 1.10.1
    &gt;   _ZNK9badoublevixERK5along@Base 1.10.1
    &gt;   _ZNK9badoublevixEi@Base 1.10.1
    &gt; + _ZNKSt6vectorIiSaIiEE12_M_check_lenEmPKc@Base 1.10.2-3
    &gt; + _ZNSt12_Vector_baseIiSaIiEE11_M_allocateEm@Base 1.10.2-3
    &gt;   _ZNSt3mapIiS_IiiSt4lessIiESaISt4pairIKiiEEES1_SaIS2_IS3_S6_EEEixERS3_@Base 1.10.1
    &gt;   _ZNSt6vectorIiSaIiEE13_M_insert_auxEN9__gnu_cxx17__normal_iteratorIPiS1_EERKi@Base 1.10.1
    &gt; + _ZNSt6vectorIiSaIiEE14_M_fill_insertEN9__gnu_cxx17__normal_iteratorIPiS1_EEmRKi@Base 1.10.2-3
    &gt; + _ZNSt6vectorIiSaIiEE6resizeEmi@Base 1.10.2-3
    &gt;   _ZNSt6vectorIiSaIiEED1Ev@Base 1.10.1
    &gt;   _ZNSt8_Rb_treeIiSt4pairIKiSt3mapIiiSt4lessIiESaIS0_IS1_iEEEESt10_Select1stIS8_ES4_SaIS8_EE10_M_insert_EPKSt18_Rb_tree_node_baseSF_RKS8_@Base 1.10.1
    &gt;   _ZNSt8_Rb_treeIiSt4pairIKiSt3mapIiiSt4lessIiESaIS0_IS1_iEEEESt10_Select1stIS8_ES4_SaIS8_EE16_M_insert_uniqueERKS8_@Base 1.10.1
    &gt; make: *** [install] Error 2
  Previous state was Building until 2009 Apr 15 06:16:12
</span>
</li>
<li class="packageinfo"><a href="http://buildd.debian.org/build.php?arch=alpha&amp;pkg=aspectc%2B%2B&amp;ver=1.0pre4%7Esvn.20090918-1">aspectc++_1.0pre4~svn.20090918-1</a>  [buildd_alpha-goetz]<span>
    <a href="http://bugs.debian.org/cgi-bin/bugreport.cgi?bug=475458">#475458</a>
  Previous state was Building until 2009 Sep 26 15:21:14
</span>
</li>
<li class="packageinfo"><a href="http://buildd.debian.org/build.php?arch=alpha&amp;pkg=asterisk-addons&amp;ver=1.4.7-1">asterisk-addons_1.4.7-1</a>  [buildd_alpha-goedel]<span>
    <a href="http://bugs.debian.org/cgi-bin/bugreport.cgi?bug=534037">#534037</a>
  Previous state was Building until 2009 Sep 09 14:19:41
</span>
</li>
<li class="packageinfo"><a href="http://buildd.debian.org/build.php?arch=alpha&amp;pkg=atlas&amp;ver=3.6.0-24">atlas_3.6.0-24</a>  [buildd_alpha-goedel]<span>
    <a href="http://bugs.debian.org/cgi-bin/bugreport.cgi?bug=528862">#528862</a>
  Previous state was Dep-Wait until 2009 May 16 10:06:14
</span>
</li>
<li class="packageinfo"><a href="http://buildd.debian.org/build.php?arch=alpha&amp;pkg=axiom&amp;ver=20081101-2">axiom_20081101-2</a>  [buildd_alpha-goetz]<span>
    <a href="http://bugs.debian.org/cgi-bin/bugreport.cgi?bug=500997">#500997</a>
  Previous state was Build-Attempted until 2009 Apr 04 15:53:02
</span>
</li>
<li class="empty"><br /></li>
<li class="packageinfo"><a href="http://buildd.debian.org/build.php?arch=alpha&amp;pkg=bacula&amp;ver=3.0.2-3">bacula_3.0.2-3</a>  [buildd_alpha-goetz]<span>
    <a href="http://bugs.debian.org/cgi-bin/bugreport.cgi?bug=544090">#544090</a>
  Previous state was Building until 2009 Sep 09 15:10:14
</span>
</li>
<li class="packageinfo"><a href="http://buildd.debian.org/build.php?arch=alpha&amp;pkg=barnowl&amp;ver=1.3-1">barnowl_1.3-1</a>  [buildd_alpha-goetz]<span>
    <a href="http://bugs.debian.org/cgi-bin/bugreport.cgi?bug=543015">#543015</a>
  Previous state was Building until 2009 Sep 09 14:25:05
</span>
</li>
<li class="packageinfo"><a href="http://buildd.debian.org/build.php?arch=alpha&amp;pkg=beast&amp;ver=0.7.1-5.1">beast_0.7.1-5.1</a>  [buildd_alpha-goetz]<span>
    <a href="http://bugs.debian.org/cgi-bin/bugreport.cgi?bug=540681">#540681</a>
  Previous state was Building until 2009 Aug 10 17:38:23
</span>
</li>
<li class="packageinfo"><a href="http://buildd.debian.org/build.php?arch=alpha&amp;pkg=bitlbee-skype&amp;ver=0.7.2-1">bitlbee-skype_0.7.2-1</a>  [buildd_alpha-goetz]<span>
    <a href="http://bugs.debian.org/cgi-bin/bugreport.cgi?bug=532917">#532917</a>
  Previous state was Building until 2009 Sep 09 14:37:36
</span>
</li>
<li class="packageinfo"><a href="http://buildd.debian.org/build.php?arch=alpha&amp;pkg=blcr&amp;ver=0.8.2-3">blcr_0.8.2-3</a>  [buildd_alpha-goedel]<span>
    <a href="http://bugs.debian.org/cgi-bin/bugreport.cgi?bug=541818">#541818</a>
  Previous state was Building until 2009 Sep 09 15:22:08
</span>
</li>
<li class="empty"><br /></li>
<li class="packageinfo"><a href="http://buildd.debian.org/build.php?arch=alpha&amp;pkg=caret&amp;ver=5.6.1%7Edfsg.1-4">caret_5.6.1~dfsg.1-4</a>  [buildd_alpha-goetz]<span>
    <a href="http://bugs.debian.org/cgi-bin/bugreport.cgi?bug=520867">#520867</a>
  Previous state was Building until 2009 May 06 20:59:09
</span>
</li>
<li class="packageinfo"><a href="http://buildd.debian.org/build.php?arch=alpha&amp;pkg=classpath&amp;ver=2%3A0.98-4">classpath_2:0.98-4</a>  [buildd_alpha-goetz]<span>
    <a href="http://bugs.debian.org/cgi-bin/bugreport.cgi?bug=548477">#548477</a>
  Previous state was Building until 2009 Sep 26 15:26:59
</span>
</li>
<li class="packageinfo"><a href="http://buildd.debian.org/build.php?arch=alpha&amp;pkg=coreutils&amp;ver=7.5-6">coreutils_7.5-6</a>  [buildd_alpha-goetz]<span>
    <a href="http://bugs.debian.org/cgi-bin/bugreport.cgi?bug=548493">#548493</a>
  Previous state was Building until 2009 Sep 26 15:47:36
</span>
</li>
<li class="packageinfo"><a href="http://buildd.debian.org/build.php?arch=alpha&amp;pkg=crystalspace&amp;ver=1.2.1-2">crystalspace_1.2.1-2</a>  [buildd_alpha-goetz]<span>
    .
    <a href="http://bugs.debian.org/cgi-bin/bugreport.cgi?bug=544831">#544831</a>
  Previous state was Building until 2009 Jul 10 16:37:05
</span>
</li>
<li class="empty"><br /></li>
<li class="packageinfo"><a href="http://buildd.debian.org/build.php?arch=alpha&amp;pkg=darcs&amp;ver=2.3.0-2">darcs_2.3.0-2</a>  [buildd_alpha-goetz]<span>
    <a href="http://bugs.debian.org/cgi-bin/bugreport.cgi?bug=541848">#541848</a>
  Previous state was Building until 2009 Sep 09 15:15:21
</span>
</li>
<li class="packageinfo"><a href="http://buildd.debian.org/build.php?arch=alpha&amp;pkg=deal.ii&amp;ver=6.2.1-1">deal.ii_6.2.1-1</a>  [buildd_alpha-goetz]<span>
    &gt; checking whether we are using the GNU C++ compiler... no
    &gt; checking whether mpicxx accepts -g... no
    &gt; checking for mpicxx... no
    &gt; Unrecognized C++ compiler -- Try to go ahead and get help from dealii@dealii.org
    &gt; checking if the compiler is built for MPI... no
    &gt; Unknown C++ compiler - using generic options
    &gt; configure: error: No threading compiler options for this C++ compiler
    &gt; C compiler is gcc-4.3
    &gt;                          specified at present
    &gt; make: *** [stamp-configure] Error 1
  Previous state was Building until 2009 Aug 01 13:11:22
</span>
</li>
<li class="packageinfo"><a href="http://buildd.debian.org/build.php?arch=alpha&amp;pkg=dhcpcd&amp;ver=1%3A3.2.3-3">dhcpcd_1:3.2.3-3</a>  [buildd_alpha-goedel]<span>
    .
  Previous state was Building until 2009 Jul 05 19:28:39
</span>
</li>
<li class="packageinfo"><a href="http://buildd.debian.org/build.php?arch=alpha&amp;pkg=dmucs&amp;ver=0.6.1-2">dmucs_0.6.1-2</a>  [buildd_alpha-goetz]<span>
    &gt; cc -O -I./HDR   -c -o Svprintf.o Svprintf.c
    &gt; Svprintf.c: In function 'Svprintf':
    &gt; Svprintf.c:55: error: incompatible type for argument 3 of 'vsprintf'
    &gt; make[3]: *** [Svprintf.o] Error 1
    &gt; make[3]: Leaving directory `/build/buildd-dmucs_0.6.1-2-alpha-tR8Mva/dmucs-0.6.1/COSMIC'
  Previous state was Building until 2009 Apr 15 06:17:44
</span>
</li>
<li class="packageinfo"><a href="http://buildd.debian.org/build.php?arch=alpha&amp;pkg=dolfin&amp;ver=0.9.2-1">dolfin_0.9.2-1</a>  [buildd_alpha-goedel]<span>
    <a href="http://bugs.debian.org/cgi-bin/bugreport.cgi?bug=540118">#540118</a>
  Previous state was Building until 2009 Aug 09 15:48:41
</span>
</li>
<li class="empty"><br /></li>
<li class="packageinfo"><a href="http://buildd.debian.org/build.php?arch=alpha&amp;pkg=ecl&amp;ver=9.8.4-2">ecl_9.8.4-2</a>  [buildd_alpha-goetz]<span>
    <a href="http://bugs.debian.org/cgi-bin/bugreport.cgi?bug=548455">#548455</a>
  Previous state was Building until 2009 Sep 26 13:58:48
</span>
</li>
<li class="packageinfo"><a href="http://buildd.debian.org/build.php?arch=alpha&amp;pkg=eclipse&amp;ver=3.4.1-1">eclipse_3.4.1-1</a>  [buildd_alpha-goetz]<span>
    &gt; BUILD FAILED
    &gt; /build/buildd-eclipse_3.4.1-1-alpha-0pj86P/eclipse-3.4.1/source-tree/build.xml:99: The following error occurred while executing this line:
    &gt; java.io.FileNotFoundException: /build/buildd-eclipse_3.4.1-1-alpha-0pj86P/eclipse-3.4.1/source-tree/assemble.org.eclipse.sdk.linux.gtk.alpha.xml (No such file or directory)
  Previous state was Building until 2009 Aug 01 13:01:33
</span>
</li>
<li class="packageinfo"><a href="http://buildd.debian.org/build.php?arch=alpha&amp;pkg=eprover&amp;ver=1.0.004-1">eprover_1.0.004-1</a>  [buildd_alpha-goedel]<span>
    <a href="http://bugs.debian.org/cgi-bin/bugreport.cgi?bug=521918">#521918</a>
  Previous state was Building until 2009 Apr 08 22:28:07
</span>
</li>
<li class="empty"><br /></li>
<li class="packageinfo"><a href="http://buildd.debian.org/build.php?arch=alpha&amp;pkg=fim&amp;ver=0.3-beta-prerelease-1">fim_0.3-beta-prerelease-1</a>  [buildd_alpha-goedel]<span>
    <a href="http://bugs.debian.org/cgi-bin/bugreport.cgi?bug=541696">#541696</a>
  Previous state was Building until 2009 Aug 16 13:26:44
</span>
</li>
<li class="packageinfo"><a href="http://buildd.debian.org/build.php?arch=alpha&amp;pkg=freej&amp;ver=0.10git20090824-1">freej_0.10git20090824-1</a>  [buildd_alpha-goetz]<span>
    <a href="http://bugs.debian.org/cgi-bin/bugreport.cgi?bug=545600">#545600</a>
  Previous state was Building until 2009 Sep 09 14:30:14
</span>
</li>
<li class="empty"><br /></li>
<li class="packageinfo"><a href="http://buildd.debian.org/build.php?arch=alpha&amp;pkg=gksu-polkit&amp;ver=0.0.1-1">gksu-polkit_0.0.1-1</a>  [buildd_alpha-goetz]<span>
    <a href="http://bugs.debian.org/cgi-bin/bugreport.cgi?bug=540420">#540420</a>
  Previous state was Building until 2009 Aug 16 09:20:19
</span>
</li>
<li class="packageinfo"><a href="http://buildd.debian.org/build.php?arch=alpha&amp;pkg=glpk-java&amp;ver=1.0.1-1">glpk-java_1.0.1-1</a>  [buildd_alpha-goetz]<span>
    .
  Previous state was Building until 2009 Jul 13 08:01:51
</span>
</li>
<li class="packageinfo"><a href="http://buildd.debian.org/build.php?arch=alpha&amp;pkg=gmchess&amp;ver=0.20.2-3">gmchess_0.20.2-3</a>  [buildd_alpha-goedel]<span>
  Reasons for BD-Uninstallable:
    gearhead (= 1.100-1) build-depends on fp-compiler {NOT AVAILABLE}
  Previous state was Needs-Build until 2009 Sep 27 19:42:14
</span>
</li>
<li class="packageinfo"><a href="http://buildd.debian.org/build.php?arch=alpha&amp;pkg=gnat-gps&amp;ver=4.3%7E2008.08.09">gnat-gps_4.3~2008.08.09</a>  [buildd_alpha-goedel]<span>
    &gt; gnatlink /build/buildd-gnat-gps_4.3~2008.08.09-alpha-CMSidP/gnat-gps-4.3~2008.08.09/obj/gps-main.ali -shared-libgcc /build/buildd-gnat-gps_4.3~2008.08.09-alpha-CMSidP/gnat-gps-4.3~2008.08.09/obj/libgps.a /build/buildd-gnat-gps_4.3~2008.08.09-alpha-CMSidP/gnat-gps-4.3~2008.08.09/obj/libdb.a -lpython2.5 -L/usr/lib -lgtkada2 -L/usr/lib -lgnatprj -L/usr/lib -ltemplates_parser -L/usr/lib -lgnatvsn -o /build/buildd-gnat-gps_4.3~2008.08.09-alpha-CMSidP/gnat-gps-4.3~2008.08.09/gnat-gps
    &gt; /build/buildd-gnat-gps_4.3~2008.08.09-alpha-CMSidP/gnat-gps-4.3~2008.08.09/obj/project_properties.o: In function `gnatcoll__traces__trace__2':
    &gt; /build/buildd-gnat-gps_4.3~2008.08.09-alpha-CMSidP/gnat-gps-4.3~2008.08.09/gnatlib/src/gnatcoll-traces.adb:510: relocation truncated to fit: GPREL16 against symbol `gnatcoll__traces__handles_list' defined in .sdata section in /build/buildd-gnat-gps_4.3~2008.08.09-alpha-CMSidP/gnat-gps-4.3~2008.08.09/obj/gnatcoll-traces.o
    &gt; /build/buildd-gnat-gps_4.3~2008.08.09-alpha-CMSidP/gnat-gps-4.3~2008.08.09/gnatlib/src/gnatcoll-traces.adb:513: relocation truncated to fit: GPREL16 against symbol `gnatcoll__traces__default_fg' defined in .sdata section in /build/buildd-gnat-gps_4.3~2008.08.09-alpha-CMSidP/gnat-gps-4.3~2008.08.09/obj/gnatcoll-traces.o
    &gt; /build/buildd-gnat-gps_4.3~2008.08.09-alpha-CMSidP/gnat-gps-4.3~2008.08.09/obj/project_properties.o: In function `gnatcoll__traces__assert':
    &gt; /build/buildd-gnat-gps_4.3~2008.08.09-alpha-CMSidP/gnat-gps-4.3~2008.08.09/gnatlib/src/gnatcoll-traces.adb:530: relocation truncated to fit: GPREL16 against symbol `gnatcoll__traces__handles_list' defined in .sdata section in /build/buildd-gnat-gps_4.3~2008.08.09-alpha-CMSidP/gnat-gps-4.3~2008.08.09/obj/gnatcoll-traces.o
    &gt; /build/buildd-gnat-gps_4.3~2008.08.09-alpha-CMSidP/gnat-gps-4.3~2008.08.09/gnatlib/src/gnatcoll-traces.adb:541: relocation truncated to fit: GPREL16 against symbol `gnatcoll__traces__default_fg' defined in .sdata section in /build/buildd-gnat-gps_4.3~2008.08.09-alpha-CMSidP/gnat-gps-4.3~2008.08.09/obj/gnatcoll-traces.o
    &gt; /build/buildd-gnat-gps_4.3~2008.08.09-alpha-CMSidP/gnat-gps-4.3~2008.08.09/obj/project_properties.o: In function `gnatcoll__traces__trace__2':
    &gt; /build/buildd-gnat-gps_4.3~2008.08.09-alpha-CMSidP/gnat-gps-4.3~2008.08.09/gnatlib/src/gnatcoll-traces.adb:510: relocation truncated to fit: GPREL16 against symbol `gnatcoll__traces__handles_list' defined in .sdata section in /build/buildd-gnat-gps_4.3~2008.08.09-alpha-CMSidP/gnat-gps-4.3~2008.08.09/obj/gnatcoll-traces.o
    &gt; /build/buildd-gnat-gps_4.3~2008.08.09-alpha-CMSidP/gnat-gps-4.3~2008.08.09/gnatlib/src/gnatcoll-traces.adb:513: relocation truncated to fit: GPREL16 against symbol `gnatcoll__traces__default_fg' defined in .sdata section in /build/buildd-gnat-gps_4.3~2008.08.09-alpha-CMSidP/gnat-gps-4.3~2008.08.09/obj/gnatcoll-traces.o
    &gt; /build/buildd-gnat-gps_4.3~2008.08.09-alpha-CMSidP/gnat-gps-4.3~2008.08.09/obj/project_properties.o: In function `gnatcoll__traces__active':
    &gt; /build/buildd-gnat-gps_4.3~2008.08.09-alpha-CMSidP/gnat-gps-4.3~2008.08.09/gnatlib/src/gnatcoll-traces.adb:597: relocation truncated to fit: GPREL16 against symbol `gnatcoll__traces__handles_list' defined in .sdata section in /build/buildd-gnat-gps_4.3~2008.08.09-alpha-CMSidP/gnat-gps-4.3~2008.08.09/obj/gnatcoll-traces.o
    &gt; /build/buildd-gnat-gps_4.3~2008.08.09-alpha-CMSidP/gnat-gps-4.3~2008.08.09/obj/project_properties.o: In function `gnatcoll__traces__trace__2':
    &gt; /build/buildd-gnat-gps_4.3~2008.08.09-alpha-CMSidP/gnat-gps-4.3~2008.08.09/gnatlib/src/gnatcoll-traces.adb:513: relocation truncated to fit: GPREL16 against symbol `gnatcoll__traces__default_fg' defined in .sdata section in /build/buildd-gnat-gps_4.3~2008.08.09-alpha-CMSidP/gnat-gps-4.3~2008.08.09/obj/gnatcoll-traces.o
    &gt; /build/buildd-gnat-gps_4.3~2008.08.09-alpha-CMSidP/gnat-gps-4.3~2008.08.09/obj/project_properties.o: In function `gnatcoll__traces__active':
    &gt; /build/buildd-gnat-gps_4.3~2008.08.09-alpha-CMSidP/gnat-gps-4.3~2008.08.09/gnatlib/src/gnatcoll-traces.adb:597: relocation truncated to fit: GPREL16 against symbol `gnatcoll__traces__handles_list' defined in .sdata section in /build/buildd-gnat-gps_4.3~2008.08.09-alpha-CMSidP/gnat-gps-4.3~2008.08.09/obj/gnatcoll-traces.o
    &gt; /build/buildd-gnat-gps_4.3~2008.08.09-alpha-CMSidP/gnat-gps-4.3~2008.08.09/obj/project_properties.o: In function `gnatcoll__traces__trace__2':
    &gt; /build/buildd-gnat-gps_4.3~2008.08.09-alpha-CMSidP/gnat-gps-4.3~2008.08.09/gnatlib/src/gnatcoll-traces.adb:510: relocation truncated to fit: GPREL16 against symbol `gnatcoll__traces__handles_list' defined in .sdata section in /build/buildd-gnat-gps_4.3~2008.08.09-alpha-CMSidP/gnat-gps-4.3~2008.08.09/obj/gnatcoll-traces.o
    &gt; /build/buildd-gnat-gps_4.3~2008.08.09-alpha-CMSidP/gnat-gps-4.3~2008.08.09/gnatlib/src/gnatcoll-traces.adb:513: additional relocation overflows omitted from the output
    &gt; collect2: ld returned 1 exit status
  Previous state was Building until 2009 Apr 15 06:18:28
</span>
</li>
<li class="packageinfo"><a href="http://buildd.debian.org/build.php?arch=alpha&amp;pkg=gnudatalanguage&amp;ver=0.9%7Erc2%2B20090903-1">gnudatalanguage_0.9~rc2+20090903-1</a>  [buildd_alpha-goetz]<span>
    <a href="http://bugs.debian.org/cgi-bin/bugreport.cgi?bug=545849">#545849</a>
  Previous state was Building until 2009 Sep 09 16:15:10
</span>
</li>
<li class="packageinfo"><a href="http://buildd.debian.org/build.php?arch=alpha&amp;pkg=gnuradio&amp;ver=3.0.4-2">gnuradio_3.0.4-2</a>  [buildd_alpha-goetz]<span>
    <a href="http://bugs.debian.org/cgi-bin/bugreport.cgi?bug=524387">#524387</a>
  Previous state was Building until 2009 Apr 26 11:19:26
</span>
</li>
<li class="packageinfo"><a href="http://buildd.debian.org/build.php?arch=alpha&amp;pkg=gridengine&amp;ver=6.2-4">gridengine_6.2-4</a>  [buildd_alpha-goetz]<span>
    ANAIS
  Previous state was Build-Attempted until 2009 Apr 14 21:27:01
</span>
</li>
<li class="packageinfo"><a href="http://buildd.debian.org/build.php?arch=alpha&amp;pkg=gtk2hs&amp;ver=0.10.1-2">gtk2hs_0.10.1-2</a>  [buildd_alpha-goetz]<span>
    <a href="http://bugs.debian.org/cgi-bin/bugreport.cgi?bug=540879">#540879</a>
  Previous state was Building until 2009 Sep 09 15:47:29
</span>
</li>
<li class="empty"><br /></li>
<li class="packageinfo"><a href="http://buildd.debian.org/build.php?arch=alpha&amp;pkg=haskell-curl&amp;ver=1.3.5-2">haskell-curl_1.3.5-2</a>  [buildd_alpha-goetz]<span>
    &gt; [7 of 8] Compiling Network.Curl.Easy ( Network/Curl/Easy.hs, dist/build/Network/Curl/Easy.o )
    &gt;
    &gt; Network/Curl/Easy.hs:218:0:
    &gt;     On Alpha, I can only handle 32 bytes of non-floating-point arguments to foreign export dynamic
    &gt;     When checking declaration:
    &gt;         foreign import ccall safe "wrapper" mkProgress
    &gt;           :: ProgressFunction -&gt; IO (FunPtr ProgressFunction)
    &gt;
    &gt; Network/Curl/Easy.hs:221:0:
    &gt;     On Alpha, I can only handle 32 bytes of non-floating-point arguments to foreign export dynamic
    &gt;     When checking declaration:
    &gt;         foreign import ccall safe "wrapper" mkDebugFun
    &gt;           :: DebugFunctionPrim -&gt; IO (FunPtr DebugFunctionPrim)
    &gt; make: *** [build-ghc6-stamp] Error 1
  Previous state was Building until 2009 Aug 02 17:04:05
</span>
</li>
<li class="packageinfo"><a href="http://buildd.debian.org/build.php?arch=alpha&amp;pkg=haskell-hsh&amp;ver=2.0.3-1">haskell-hsh_2.0.3-1</a>  [buildd_alpha-goedel]<span>
    <a href="http://bugs.debian.org/cgi-bin/bugreport.cgi?bug=542842">#542842</a>
  Previous state was Building until 2009 Sep 09 15:14:00
</span>
</li>
<li class="packageinfo"><a href="http://buildd.debian.org/build.php?arch=alpha&amp;pkg=hat&amp;ver=2.05%2Brerolled-7">hat_2.05+rerolled-7</a>  [buildd_alpha-goedel]<span>
    <a href="http://bugs.debian.org/cgi-bin/bugreport.cgi?bug=522463">#522463</a>
  Previous state was Building until 2009 Aug 08 11:02:31
</span>
</li>
<li class="packageinfo"><a href="http://buildd.debian.org/build.php?arch=alpha&amp;pkg=hdf-eos4&amp;ver=2.16v1.00.dfsg.1-1">hdf-eos4_2.16v1.00.dfsg.1-1</a>  [buildd_alpha-goedel]<span>
    <a href="http://bugs.debian.org/cgi-bin/bugreport.cgi?bug=546352">#546352</a>
  Previous state was Building until 2009 Sep 26 13:54:51
</span>
</li>
<li class="packageinfo"><a href="http://buildd.debian.org/build.php?arch=alpha&amp;pkg=hdf-eos5&amp;ver=5.1.12.dfsg.1-1">hdf-eos5_5.1.12.dfsg.1-1</a>  [buildd_alpha-goedel]<span>
    <a href="http://bugs.debian.org/cgi-bin/bugreport.cgi?bug=545833">#545833</a>
  Previous state was Building until 2009 Sep 09 14:54:42
</span>
</li>
<li class="packageinfo"><a href="http://buildd.debian.org/build.php?arch=alpha&amp;pkg=hfsprogs&amp;ver=332.14-7">hfsprogs_332.14-7</a>  [buildd_alpha-goetz]<span>
    &gt; hfsprogs_332.14-7.dsc: alpha not in arch list: i386 powerpc sparc arm armel armeb kfreebsd-i386 amd64 kfreebsd-amd64 hppa mips mipsel s390 m68k -- skipping
  Previous state was Building until 2009 Aug 02 17:20:25
</span>
</li>
<li class="packageinfo"><a href="http://buildd.debian.org/build.php?arch=alpha&amp;pkg=htcheck&amp;ver=1%3A1.2.4%7Erc1-1">htcheck_1:1.2.4~rc1-1</a>  [buildd_alpha-goetz]<span>
    <a href="http://bugs.debian.org/cgi-bin/bugreport.cgi?bug=542320">#542320</a>
  Previous state was Building until 2009 Sep 09 14:23:13
</span>
</li>
<li class="empty"><br /></li>
<li class="packageinfo"><a href="http://buildd.debian.org/build.php?arch=alpha&amp;pkg=ibam&amp;ver=1%3A0.4-5.1">ibam_1:0.4-5.1</a>  [buildd_alpha-goedel]<span>
    &gt; ibam_0.4-5.1.dsc: alpha not in arch list: amd64 i386 powerpc arm mips mipsel armel -- skipping
  Previous state was Building until 2009 Mar 21 09:16:40
</span>
</li>
<li class="packageinfo"><a href="http://buildd.debian.org/build.php?arch=alpha&amp;pkg=inteltool&amp;ver=0.0%2Br4091-1">inteltool_0.0+r4091-1</a>  [buildd_alpha-goetz]<span>
    Probably not for us.
  Previous state was Building until 2009 Aug 07 21:49:20
</span>
</li>
<li class="packageinfo"><a href="http://buildd.debian.org/build.php?arch=alpha&amp;pkg=ivtools&amp;ver=1.2.6-1">ivtools_1.2.6-1</a>  [buildd_alpha-goetz]<span>
    <a href="http://bugs.debian.org/cgi-bin/bugreport.cgi?bug=545834">#545834</a>
  Previous state was Building until 2009 Sep 09 15:07:58
</span>
</li>
<li class="empty"><br /></li>
<li class="packageinfo"><a href="http://buildd.debian.org/build.php?arch=alpha&amp;pkg=jconv&amp;ver=0.8.1-1">jconv_0.8.1-1</a>  [buildd_alpha-goetz]<span>
    <a href="http://bugs.debian.org/cgi-bin/bugreport.cgi?bug=540427">#540427</a>
  Previous state was Building until 2009 Aug 07 22:20:52
</span>
</li>
<li class="empty"><br /></li>
<li class="packageinfo"><a href="http://buildd.debian.org/build.php?arch=alpha&amp;pkg=kaa-metadata&amp;ver=0.7.7-2">kaa-metadata_0.7.7-2</a>  [buildd_alpha-goetz]<span>
    .
  Previous state was Building until 2009 Jul 09 08:14:03
</span>
</li>
<li class="packageinfo"><a href="http://buildd.debian.org/build.php?arch=alpha&amp;pkg=kaffe&amp;ver=2%3A1.1.8-5.3">kaffe_2:1.1.8-5.3</a>  [buildd_alpha-goetz]<span>
    <a href="http://bugs.debian.org/cgi-bin/bugreport.cgi?bug=548495">#548495</a>
  Previous state was Building until 2009 Sep 26 15:47:52
</span>
</li>
<li class="packageinfo"><a href="http://buildd.debian.org/build.php?arch=alpha&amp;pkg=kde-style-qtcurve&amp;ver=0.67.5-3">kde-style-qtcurve_0.67.5-3</a>  [buildd_alpha-goetz]<span>
    <a href="http://bugs.debian.org/cgi-bin/bugreport.cgi?bug=541667">#541667</a>
  Previous state was Building until 2009 Sep 09 15:17:18
</span>
</li>
<li class="packageinfo"><a href="http://buildd.debian.org/build.php?arch=alpha&amp;pkg=kflickr&amp;ver=0.9.1-2.1">kflickr_0.9.1-2.1</a>  [buildd_alpha-goedel]<span>
    &gt; libtool: install: /usr/bin/install -c -p .libs/libkflickrpart.so /build/buildd-kflickr_0.9.1-2.1-alpha-dSMXE9/kflickr-0.9.1/debian/tmp/usr/lib/kde3/libkflickrpart.so
    &gt; /usr/bin/install: cannot stat `.libs/libkflickrpart.so': No such file or directory
    &gt; make[4]: *** [install-kde_moduleLTLIBRARIES] Error 1
    <a href="http://bugs.debian.org/cgi-bin/bugreport.cgi?bug=540669">#540669</a>
  Previous state was Building until 2009 Aug 05 05:22:56
</span>
</li>
<li class="empty"><br /></li>
<li class="packageinfo"><a href="http://buildd.debian.org/build.php?arch=alpha&amp;pkg=ldap-haskell&amp;ver=0.6.5-1">ldap-haskell_0.6.5-1</a>  [buildd_alpha-goedel]<span>
    <a href="http://bugs.debian.org/cgi-bin/bugreport.cgi?bug=522993">#522993</a>
  Previous state was Building until 2009 Apr 08 20:44:02
</span>
</li>
<li class="packageinfo"><a href="http://buildd.debian.org/build.php?arch=alpha&amp;pkg=libb-size-perl&amp;ver=0.09-1">libb-size-perl_0.09-1</a>  [buildd_alpha-goetz]<span>
    <a href="http://bugs.debian.org/cgi-bin/bugreport.cgi?bug=466738">#466738</a>
  Previous state was Build-Attempted until 2008 May 24 14:49:34
</span>
</li>
<li class="packageinfo"><a href="http://buildd.debian.org/build.php?arch=alpha&amp;pkg=libdc1394&amp;ver=1.1.0-5">libdc1394_1.1.0-5</a>  [buildd_alpha-goetz]<span>
    <a href="http://bugs.debian.org/cgi-bin/bugreport.cgi?bug=516826">#516826</a>
  Previous state was Building until 2009 Aug 09 15:36:26
</span>
</li>
<li class="packageinfo"><a href="http://buildd.debian.org/build.php?arch=alpha&amp;pkg=libexplain&amp;ver=0.19.D001-1">libexplain_0.19.D001-1</a>  [buildd_alpha-goetz]<span>
  Reasons for BD-Uninstallable:
    libcomplearn-mod-ppmd (= 1.0.7-2) build-depends on ppmd {NOT AVAILABLE}
  Previous state was Needs-Build until 2009 Sep 27 19:42:14
</span>
</li>
<li class="packageinfo"><a href="http://buildd.debian.org/build.php?arch=alpha&amp;pkg=libgdiplus&amp;ver=2.4.2-1">libgdiplus_2.4.2-1</a>  [buildd_alpha-goetz]<span>
    ANAIS
  Previous state was Building until 2009 Aug 15 09:27:33
</span>
</li>
<li class="packageinfo"><a href="http://buildd.debian.org/build.php?arch=alpha&amp;pkg=libkarma&amp;ver=0.0.6-4.1">libkarma_0.0.6-4.1</a>  [buildd_alpha-goedel]<span>
    &gt; /usr/bin/csc -debug -unsafe -target:library -out:karma-sharp.dll Song.cs Device.cs  -r:Mono.Posix
    &gt; make[2]: /usr/bin/csc: Command not found
    &gt; make[2]: *** [karma-sharp.dll] Error 127
    &gt; make[2]: Leaving directory `/build/buildd-libkarma_0.0.6-4.1-alpha-l7zu5r/libkarma-0.0.6/karma-sharp'
    <a href="http://bugs.debian.org/cgi-bin/bugreport.cgi?bug=520862">#520862</a>
  Previous state was Building until 2009 Mar 22 21:56:51
</span>
</li>
<li class="packageinfo"><a href="http://buildd.debian.org/build.php?arch=alpha&amp;pkg=libmatthew-java&amp;ver=0.7.2-1">libmatthew-java_0.7.2-1</a>  [buildd_alpha-goetz]<span>
    make[1]: *** [doc/index.html] Illegal instruction
    make[1]: *** Deleting file `doc/index.html
  Previous state was Building until 2009 Apr 16 17:40:52
</span>
</li>
<li class="packageinfo"><a href="http://buildd.debian.org/build.php?arch=alpha&amp;pkg=libmesh&amp;ver=0.6.3.dfsg%7Erc1-1">libmesh_0.6.3.dfsg~rc1-1</a>  [buildd_alpha-goedel]<span>
    &gt; E: Package libpetsc2.3.3-dev has no installation candidate
  Previous state was Building until 2009 Jun 17 17:53:29
</span>
</li>
<li class="packageinfo"><a href="http://buildd.debian.org/build.php?arch=alpha&amp;pkg=llvm-gcc-4.2&amp;ver=2.5-1">llvm-gcc-4.2_2.5-1</a>  [buildd_alpha-goedel]<span>
    &gt; /build/buildd-llvm-gcc-4.2_2.5-1-alpha-I8Pn2x/llvm-gcc-4.2-2.5/build-gcc/./gcc/xgcc -B/build/buildd-llvm-gcc-4.2_2.5-1-alpha-I8Pn2x/llvm-gcc-4.2-2.5/build-gcc/./gcc/ -B/usr/lib/llvm/gcc-4.2/alpha-linux-gnu/bin/ -B/usr/lib/llvm/gcc-4.2/alpha-linux-gnu/lib/ -isystem /usr/lib/llvm/gcc-4.2/alpha-linux-gnu/include -isystem /usr/lib/llvm/gcc-4.2/alpha-linux-gnu/sys-include  -O2  -O2 -g -O2  -mieee -DIN_GCC    -W -Wall -Wwrite-strings -Wstrict-prototypes -Wmissing-prototypes -Wold-style-definition  -isystem ./include  -fPIC -mieee -g -DHAVE_GTHR_DEFAULT -DIN_LIBGCC2 -D__GCC_FLOAT_NOT_NEEDED  -I. -I. -I../../llvm-gcc-4.2-2.5/gcc -I../../llvm-gcc-4.2-2.5/gcc/. -I../../llvm-gcc-4.2-2.5/gcc/../include -I../../llvm-gcc-4.2-2.5/gcc/../libcpp/include  -I../../llvm-gcc-4.2-2.5/gcc/../libdecnumber -I../libdecnumber -I/usr/lib/llvm/include -I/usr/include -I/usr/include/llvm -I/usr/include/llvm-c -DL_popcountdi2 -c ../../llvm-gcc-4.2-2.5/gcc/libgcc2.c -o libgcc/./_popcountdi2.o
    &gt; Cannot yet select: 0x1212eb308: i64,i64 = srl_parts 0x1212cc700, 0x1212cbd50, 0x1212ea290
    &gt; ../../llvm-gcc-4.2-2.5/gcc/libgcc2.c:823: internal compiler error: Aborted
    &gt; Please submit a full bug report,
    &gt; with preprocessed source if appropriate.
    &gt; See &lt;URL:http://developer.apple.com/bugreporter&gt; for instructions.
    &gt; make[5]: *** [libgcc/./_popcountdi2.o] Error 1
    &gt; make[5]: Leaving directory `/build/buildd-llvm-gcc-4.2_2.5-1-alpha-I8Pn2x/llvm-gcc-4.2-2.5/build-gcc/gcc'
  Previous state was Building until 2009 Mar 21 00:31:07
</span>
</li>
<li class="packageinfo"><a href="http://buildd.debian.org/build.php?arch=alpha&amp;pkg=luxrender&amp;ver=0.5-1">luxrender_0.5-1</a>  [buildd_alpha-goetz]<span>
    <a href="http://bugs.debian.org/cgi-bin/bugreport.cgi?bug=494786">#494786</a>
  Previous state was Build-Attempted until 2009 Mar 31 16:53:33
</span>
</li>
<li class="empty"><br /></li>
<li class="packageinfo"><a href="http://buildd.debian.org/build.php?arch=alpha&amp;pkg=m-tx&amp;ver=0.60c-1">m-tx_0.60c-1</a>  [buildd_alpha-goetz]<span>
    ANAIS
  Previous state was Building until 2009 Apr 16 17:14:03
</span>
</li>
<li class="packageinfo"><a href="http://buildd.debian.org/build.php?arch=alpha&amp;pkg=mumps&amp;ver=4.8.4.dfsg-2">mumps_4.8.4.dfsg-2</a>  [buildd_alpha-goedel]<span>
    &gt; gfortran -shared mumps_part9.o mumps_common.o mumps_ooc_common.o mumps_orderings.o mumps_io.o mumps_io_basic.o mumps_io_thread.o mumps_io_err.o mumps_static_mapping.o -Wl,-soname,libmumps_common-4.8.4.so -L../lib -lpord -lpthread -lmpi_f77 -o ../lib/libmumps_common-4.8.4.so
    &gt; /usr/bin/ld: cannot find -lmpi_f77
    &gt; collect2: ld returned 1 exit status
    &gt; make[4]: *** [../lib/libmumps_common.so] Error 1
  Previous state was Building until 2009 Jul 21 08:49:44
</span>
</li>
<li class="packageinfo"><a href="http://buildd.debian.org/build.php?arch=alpha&amp;pkg=mysql-gui-tools&amp;ver=5.0r12-1">mysql-gui-tools_5.0r12-1</a>  [buildd_alpha-goedel]<span>
    <a href="http://bugs.debian.org/cgi-bin/bugreport.cgi?bug=527652">#527652</a>
  Previous state was Building until 2009 Sep 09 14:18:45
</span>
</li>
<li class="empty"><br /></li>
<li class="packageinfo"><a href="http://buildd.debian.org/build.php?arch=alpha&amp;pkg=nipy&amp;ver=0.1.2%2B1741-2">nipy_0.1.2+1741-2</a>  [buildd_alpha-goedel]<span>
    &gt; /usr/bin/gfortran -Wall /build/buildd-nipy_0.1.2+1741-2-alpha-XC0zFR/nipy-0.1.2+1741/./build/temp.linux-alpha-2.5/nipy/neurospin/bindings/linalg.o -L/usr/lib -L/usr/lib -L/build/buildd-nipy_0.1.2+1741-2-alpha-XC0zFR/nipy-0.1.2+1741/./build/temp.linux-alpha-2.5 -lfffpy -llapack -lblas -llapack -lblas -lgfortran -o /build/buildd-nipy_0.1.2+1741-2-alpha-XC0zFR/nipy-0.1.2+1741/./build/lib.linux-alpha-2.5/nipy/neurospin/bindings/linalg.so
    &gt; /build/buildd-nipy_0.1.2+1741-2-alpha-XC0zFR/nipy-0.1.2+1741/./build/temp.linux-alpha-2.5/nipy/neurospin/bindings/linalg.o: In function `__Pyx_RaiseArgtupleInvalid':
    &gt; /build/buildd-nipy_0.1.2+1741-2-alpha-XC0zFR/nipy-0.1.2+1741/nipy/neurospin/bindings/linalg.c:4699: undefined reference to `PyExc_TypeError'
    &gt; /build/buildd-nipy_0.1.2+1741-2-alpha-XC0zFR/nipy-0.1.2+1741/nipy/neurospin/bindings/linalg.c:4699: undefined reference to `PyErr_Format'
    &gt; /build/buildd-nipy_0.1.2+1741-2-alpha-XC0zFR/nipy-0.1.2+1741/nipy/neurospin/bindings/linalg.c:4699: undefined reference to `PyErr_Format'
  Previous state was Building until 2009 Jun 13 07:16:43
</span>
</li>
<li class="empty"><br /></li>
<li class="packageinfo"><a href="http://buildd.debian.org/build.php?arch=alpha&amp;pkg=openvrml&amp;ver=0.17.5-5">openvrml_0.17.5-5</a>  [buildd_alpha-goetz]<span>
    <a href="http://bugs.debian.org/cgi-bin/bugreport.cgi?bug=490334">#490334</a>
  Previous state was Building until 2009 Apr 17 08:36:00
</span>
</li>
<li class="packageinfo"><a href="http://buildd.debian.org/build.php?arch=alpha&amp;pkg=oval-interpreter&amp;ver=5.5.25-1">oval-interpreter_5.5.25-1</a>  [buildd_alpha-goedel]<span>
    <a href="http://bugs.debian.org/cgi-bin/bugreport.cgi?bug=548460">#548460</a>
  Previous state was Building until 2009 Sep 26 14:22:48
</span>
</li>
<li class="empty"><br /></li>
<li class="packageinfo"><a href="http://buildd.debian.org/build.php?arch=alpha&amp;pkg=paraview&amp;ver=3.4.0-4">paraview_3.4.0-4</a>  [buildd_alpha-goetz]<span>
    <a href="http://bugs.debian.org/cgi-bin/bugreport.cgi?bug=542341">#542341</a>
  Previous state was Building until 2009 Sep 09 14:17:33
</span>
</li>
<li class="packageinfo"><a href="http://buildd.debian.org/build.php?arch=alpha&amp;pkg=pcp&amp;ver=2.9.2">pcp_2.9.2</a>  [buildd_alpha-goetz]<span>
    <a href="http://bugs.debian.org/cgi-bin/bugreport.cgi?bug=545851">#545851</a>
  Previous state was Building until 2009 Sep 09 16:14:57
</span>
</li>
<li class="packageinfo"><a href="http://buildd.debian.org/build.php?arch=alpha&amp;pkg=pcscada&amp;ver=0.5-4">pcscada_0.5-4</a>  [buildd_alpha-goedel]<span>
    .
  Previous state was Building until 2009 Jul 09 08:15:47
</span>
</li>
<li class="packageinfo"><a href="http://buildd.debian.org/build.php?arch=alpha&amp;pkg=perlipq&amp;ver=1.25-1.1">perlipq_1.25-1.1</a>  [buildd_alpha-goetz]<span>
    &gt; cc  -shared -O2 -g -L/usr/local/lib IPQueue.o  -o blib/arch/auto/IPTables/IPv4/IPQueue/IPQueue.so 	\
    &gt; 	   -lipq  	\
    &gt;
    &gt; /usr/bin/ld: /usr/lib/gcc/alpha-linux-gnu/4.3.3/../../../libipq.a(libipq.o): gp-relative relocation against dynamic symbol ipq_errmap
    &gt; /usr/bin/ld: /usr/lib/gcc/alpha-linux-gnu/4.3.3/../../../libipq.a(libipq.o): gp-relative relocation against dynamic symbol ipq_errmap
    &gt; /usr/bin/ld: /usr/lib/gcc/alpha-linux-gnu/4.3.3/../../../libipq.a(libipq.o): gp-relative relocation against dynamic symbol ipq_errmap
    &gt; /usr/bin/ld: /usr/lib/gcc/alpha-linux-gnu/4.3.3/../../../libipq.a(libipq.o): gp-relative relocation against dynamic symbol ipq_errmap
    &gt; /usr/bin/ld: final link failed: Nonrepresentable section on output
    &gt; collect2: ld returned 1 exit status
  Previous state was Building until 2009 Apr 15 06:27:09
</span>
</li>
<li class="packageinfo"><a href="http://buildd.debian.org/build.php?arch=alpha&amp;pkg=pgocaml&amp;ver=1.3-1">pgocaml_1.3-1</a>  [buildd_alpha-goedel]<span>
    <a href="http://bugs.debian.org/cgi-bin/bugreport.cgi?bug=541682">#541682</a>
  Previous state was Building until 2009 Aug 16 10:42:02
</span>
</li>
<li class="packageinfo"><a href="http://buildd.debian.org/build.php?arch=alpha&amp;pkg=plt-scheme&amp;ver=4.2.1-1">plt-scheme_4.2.1-1</a>  [buildd_alpha-goetz]<span>
    <a href="http://bugs.debian.org/cgi-bin/bugreport.cgi?bug=540869">#540869</a>
  Previous state was Building until 2009 Aug 15 08:32:13
</span>
</li>
<li class="empty"><br /></li>
<li class="packageinfo"><a href="http://buildd.debian.org/build.php?arch=alpha&amp;pkg=radare&amp;ver=1%3A1.4-1">radare_1:1.4-1</a>  [buildd_alpha-goetz]<span>
    .
  Previous state was Building until 2009 Jul 09 08:16:19
</span>
</li>
<li class="packageinfo"><a href="http://buildd.debian.org/build.php?arch=alpha&amp;pkg=raidutils&amp;ver=0.0.6-9">raidutils_0.0.6-9</a>  [buildd_alpha-goedel]<span>
    &gt; raidutils_0.0.6-9.dsc: alpha not in arch list: amd64 arm armeb armel hppa i386 m32r m68k mips mipsel powerpc s390 sh3 sh4 sparc
  Previous state was Building until 2009 Mar 21 09:15:34
</span>
</li>
<li class="packageinfo"><a href="http://buildd.debian.org/build.php?arch=alpha&amp;pkg=root-system&amp;ver=5.18.00-2.4">root-system_5.18.00-2.4</a>  [buildd_alpha-goedel]<span>
    <a href="http://bugs.debian.org/cgi-bin/bugreport.cgi?bug=548490">#548490</a>
  Previous state was Building until 2009 Sep 26 15:27:18
</span>
</li>
<li class="empty"><br /></li>
<li class="packageinfo"><a href="http://buildd.debian.org/build.php?arch=alpha&amp;pkg=sbcl&amp;ver=1%3A1.0.31.0-2">sbcl_1:1.0.31.0-2</a>  [buildd_alpha-goedel]<span>
    545847
  Previous state was Building until 2009 Sep 26 15:43:25
</span>
</li>
<li class="packageinfo"><a href="http://buildd.debian.org/build.php?arch=alpha&amp;pkg=slicer&amp;ver=3.4.0%7Esvn10438-2">slicer_3.4.0~svn10438-2</a>  [buildd_alpha-goetz]<span>
    <a href="http://bugs.debian.org/cgi-bin/bugreport.cgi?bug=548500">#548500</a>
  Previous state was Building until 2009 Sep 26 16:58:42
</span>
</li>
<li class="packageinfo"><a href="http://buildd.debian.org/build.php?arch=alpha&amp;pkg=squeak-vm&amp;ver=3.10.3%2Bsvn1902.dfsg-1">squeak-vm_3.10.3+svn1902.dfsg-1</a>  [buildd_alpha-goedel]<span>
    .
  Previous state was Building until 2009 Jul 09 08:17:09
</span>
</li>
<li class="packageinfo"><a href="http://buildd.debian.org/build.php?arch=alpha&amp;pkg=staden-io-lib&amp;ver=1.12.1-1">staden-io-lib_1.12.1-1</a>  [buildd_alpha-goetz]<span>
  Reasons for BD-Uninstallable:
    srf (= 0.1+dfsg-1) build-depends on libstaden-read-dev {NOT AVAILABLE}
  Previous state was Needs-Build until 2009 Sep 27 19:42:14
</span>
</li>
<li class="packageinfo"><a href="http://buildd.debian.org/build.php?arch=alpha&amp;pkg=suitesparse-metis&amp;ver=3.1.0-1">suitesparse-metis_3.1.0-1</a>  [buildd_alpha-goetz]<span>
    .
  Previous state was Building until 2009 Apr 17 08:36:49
</span>
</li>
<li class="packageinfo"><a href="http://buildd.debian.org/build.php?arch=alpha&amp;pkg=symmetrica&amp;ver=2.0-1">symmetrica_2.0-1</a>  [buildd_alpha-goetz]<span>
    &gt; gcc -c -g -O2 -g -Wall -O2  -DFAST -DALLTRUE lo.c
    &gt; lo.c:84: error: conflicting types for 'loc_index'
    &gt; macro.h:556: error: previous declaration of 'loc_index' was here
    &gt; lo.c:85: error: conflicting types for 'loc_size'
    &gt; macro.h:556: error: previous declaration of 'loc_size' was here
    &gt; lo.c:86: error: conflicting types for 'loc_counter'
    &gt; macro.h:556: error: previous declaration of 'loc_counter' was here
    &gt; lo.c:88: error: conflicting types for 'mem_counter_loc'
    &gt; macro.h:559: error: previous declaration of 'mem_counter_loc' was here
    &gt; lo.c:89: error: conflicting types for 'longint_speicherindex'
    &gt; macro.h:559: error: previous declaration of 'longint_speicherindex' was here
    &gt; lo.c:90: error: conflicting types for 'longint_speichersize'
    &gt; macro.h:559: error: previous declaration of 'longint_speichersize' was here
  Previous state was Building until 2009 Apr 15 06:28:35
</span>
</li>
<li class="empty"><br /></li>
<li class="packageinfo"><a href="http://buildd.debian.org/build.php?arch=alpha&amp;pkg=tftp-hpa&amp;ver=5.0-6">tftp-hpa_5.0-6</a>  [buildd_alpha-goetz]<span>
    <a href="http://bugs.debian.org/cgi-bin/bugreport.cgi?bug=548464">#548464</a>
  Previous state was Building until 2009 Sep 26 14:23:28
</span>
</li>
<li class="packageinfo"><a href="http://buildd.debian.org/build.php?arch=alpha&amp;pkg=trousers&amp;ver=0.3.2-4">trousers_0.3.2-4</a>  [buildd_alpha-goetz]<span>
    <a href="http://bugs.debian.org/cgi-bin/bugreport.cgi?bug=544685">#544685</a>
  Previous state was Building until 2009 Sep 09 14:36:08
</span>
</li>
<li class="empty"><br /></li>
<li class="packageinfo"><a href="http://buildd.debian.org/build.php?arch=alpha&amp;pkg=ultrastar-ng&amp;ver=0.2.1-1">ultrastar-ng_0.2.1-1</a>  [buildd_alpha-goetz]<span>
    .
  Previous state was Building until 2009 Jul 09 08:19:14
</span>
</li>
<li class="empty"><br /></li>
<li class="packageinfo"><a href="http://buildd.debian.org/build.php?arch=alpha&amp;pkg=vala-terminal&amp;ver=1.1.1%2B20090529-2">vala-terminal_1.1.1+20090529-2</a>  [buildd_alpha-goedel]<span>
    <a href="http://bugs.debian.org/cgi-bin/bugreport.cgi?bug=541678">#541678</a>
  Previous state was Building until 2009 Aug 16 10:40:49
</span>
</li>
<li class="packageinfo"><a href="http://buildd.debian.org/build.php?arch=alpha&amp;pkg=vbetool&amp;ver=1.1-2">vbetool_1.1-2</a>  [buildd_alpha-goetz]<span>
    ANAIS
  Previous state was Building until 2009 Apr 16 17:26:18
</span>
</li>
<li class="packageinfo"><a href="http://buildd.debian.org/build.php?arch=alpha&amp;pkg=vnc4&amp;ver=4.1.1%2BX4.3.0-32">vnc4_4.1.1+X4.3.0-32</a>  [buildd_alpha-goetz]<span>
    <a href="http://bugs.debian.org/cgi-bin/bugreport.cgi?bug=548506">#548506</a>
  Previous state was Building until 2009 Sep 26 18:16:58
</span>
</li>
<li class="empty"><br /></li>
<li class="packageinfo"><a href="http://buildd.debian.org/build.php?arch=alpha&amp;pkg=washngo&amp;ver=2.12-6">washngo_2.12-6</a>  [buildd_alpha-goedel]<span>
    &gt; [36 of 76] Compiling WASH.HTML.HTMLPrelude98 ( WASH/HTML/HTMLPrelude98.hs, dist/build/WASH/HTML/HTMLPrelude98.o )
    &gt; gcc: Internal error: Killed (program cc1)
    &gt; Please submit a full bug report.
    &gt; See &lt;file:///usr/share/doc/gcc-4.3/README.Bugs&gt; for instructions.
    &gt; dh_haskell_build: ./setup returned exit code 1
    &gt; make: *** [install] Error 1
  Previous state was Building until 2009 Aug 03 05:30:20
</span>
</li>
<li class="packageinfo"><a href="http://buildd.debian.org/build.php?arch=alpha&amp;pkg=webkit&amp;ver=1.1.15.1-1">webkit_1.1.15.1-1</a>  [buildd_alpha-goedel]<span>
    <a href="http://bugs.debian.org/cgi-bin/bugreport.cgi?bug=548499">#548499</a>
  Previous state was Building until 2009 Sep 26 15:48:11
</span>
</li>
<li class="packageinfo"><a href="http://buildd.debian.org/build.php?arch=alpha&amp;pkg=whitelister&amp;ver=0.8-5">whitelister_0.8-5</a>  [buildd_alpha-goetz]<span>
    &gt; ocamlfind ocamlopt -package syslog -ccopt -g -ccopt -O2 -ccopt -g -ccopt -Wall -ccopt -O2 -cclib -lspf -c spf.ml
    &gt; ocamlfind: Not supported in your configuration: ocamlopt
  Previous state was Building until 2009 Apr 15 06:30:11
</span>
</li>
<li class="empty"><br /></li>
<li class="packageinfo"><a href="http://buildd.debian.org/build.php?arch=alpha&amp;pkg=xindy&amp;ver=2.4%7Epre1-1">xindy_2.4~pre1-1</a>  [buildd_alpha-goedel]<span>
    <a href="http://bugs.debian.org/cgi-bin/bugreport.cgi?bug=548451">#548451</a>
  Previous state was Building until 2009 Sep 26 13:51:06
</span>
</li>
<li class="packageinfo"><a href="http://buildd.debian.org/build.php?arch=alpha&amp;pkg=xorp&amp;ver=1.6-1%7Erc2">xorp_1.6-1~rc2</a>  [buildd_alpha-goedel]<span>
    <a href="http://bugs.debian.org/cgi-bin/bugreport.cgi?bug=540679">#540679</a>
  Previous state was Building until 2009 Aug 10 17:33:18
</span>
</li>
<li class="packageinfo"><a href="http://buildd.debian.org/build.php?arch=alpha&amp;pkg=xtartan&amp;ver=2.3-14">xtartan_2.3-14</a>  [buildd_alpha-goedel]<span>
    <a href="http://bugs.debian.org/cgi-bin/bugreport.cgi?bug=541647">#541647</a>
  Previous state was Building until 2009 Aug 15 09:06:42
</span>
</li>
<li class="packageinfo"><a href="http://buildd.debian.org/build.php?arch=alpha&amp;pkg=xulrunner&amp;ver=1.9.0.14-1">xulrunner_1.9.0.14-1</a>  [buildd_alpha-goetz]<span>
    <a href="http://bugs.debian.org/cgi-bin/bugreport.cgi?bug=532447">#532447</a>
  Previous state was Building until 2009 Sep 26 15:17:21
</span>
</li>
<li class="empty"><br /></li>
<li class="packageinfo"><a href="http://buildd.debian.org/build.php?arch=alpha&amp;pkg=z88dk&amp;ver=1.8.ds1-5">z88dk_1.8.ds1-5</a>  [buildd_alpha-goetz]<span>
    &gt; gcc -g -g -O2 -Wall -m32  -c appmake.c
    &gt; cc1: error: unrecognized command line option "-m32"
    &gt; make[2]: *** [appmake.o] Error 1
    &gt; make[2]: Leaving directory `/build/buildd-z88dk_1.8.ds1-5-alpha-sYNJp7/z88dk-1.8.ds1/src/appmake'
  Previous state was Building until 2009 Apr 15 06:30:26
</span>
</li>

   </ul>
 </body>
</html>
