<?xml version="1.0" encoding="iso-8859-1"?>
<!DOCTYPE html PUBLIC "-//W3C//DTD XHTML 1.0 Strict//EN" "http://www.w3.org/TR/xhtml1/DTD/xhtml1-strict.dtd">
<html xmlns="http://www.w3.org/1999/xhtml">
 <head>
  <title>input/hurd-i386-all.txt Not-For-Us -- 2009-10-02 19:42:07</title>
  <link rel="stylesheet" href="http://buildd.net/builddnet.css" type="text/css" />
 </head>
 <body>
  <h1>Not-For-Us -- 65 -- 2009-10-02 19:42:07 input/hurd-i386-all.txt</h1>
   <hr />
   <ul>
<li class="packageinfo"><a href="http://buildd.debian-ports.org/build.php?arch=hurd-i386&amp;pkg=aboot&amp;ver=1.0%7Epre20040408-3">aboot_1.0~pre20040408-3</a><span>
  Previous state was Failed until 2009 Sep 18 00:38:44
  Previous failing reasons:
    -------------------- 1.0~pre20040408-3 --------------------
    &gt; ../include/string.h:8:25: error: linux/types.h: No such file or directory
</span>
</li>
<li class="packageinfo"><a href="http://buildd.debian-ports.org/build.php?arch=hurd-i386&amp;pkg=alsaplayer&amp;ver=0.99.80-4">alsaplayer_0.99.80-4</a><span>
  Previous state was Building until 2009 Jul 26 23:38:56
</span>
</li>
<li class="empty"><br /></li>
<li class="packageinfo"><a href="http://buildd.debian-ports.org/build.php?arch=hurd-i386&amp;pkg=beaglefs&amp;ver=1.0.3-2">beaglefs_1.0.3-2</a><span>
  Previous state was Building until 2009 Jul 26 23:39:03
</span>
</li>
<li class="packageinfo"><a href="http://buildd.debian-ports.org/build.php?arch=hurd-i386&amp;pkg=beep&amp;ver=1.2.2-23">beep_1.2.2-23</a><span>
  Previous state was Failed until 2009 Jun 05 22:53:24
  Previous failing reasons:
    -------------------- 1.2.2-23 --------------------
    &gt; gcc -g -Wall -O2 -o beep beep.c
    &gt; beep.c:28:22: error: linux/kd.h: No such file or directory
    &gt; make[1]: *** [beep] Error 1
    &gt; make[1]: Leaving directory `/build/buildd/beep-1.2.2'
    -------------------- 1.2.2-22 --------------------
    &gt; gcc -g -Wall -O2 -o beep beep.c
    &gt; beep.c:28:22: error: linux/kd.h: No such file or directory
    &gt; make[1]: *** [beep] Error 1
    &gt; make[1]: Leaving directory `/build/buildd/beep-1.2.2'
    -------------------- 1.2.2-21 --------------------
    &gt; gcc -g -Wall -O2 -o beep beep.c
    &gt; beep.c:28:22: error: linux/kd.h: No such file or directory
    &gt; make[1]: *** [beep] Error 1
    &gt; make[1]: Leaving directory `/build/buildd/beep-1.2.2'
    -------------------- 1.2.2-20 --------------------
    &gt; gcc -g -Wall -O2 -o beep beep.c
    &gt; beep.c:28:22: error: linux/kd.h: No such file or directory
    &gt; make[1]: *** [beep] Error 1
    &gt; make[1]: Leaving directory `/build/buildd/beep-1.2.2'
    -------------------- 1.2.2-19 --------------------
    &gt; gcc -g -Wall -O2 -o beep beep.c
    &gt; beep.c:28:22: error: linux/kd.h: No such file or directory
    &gt; make[1]: *** [beep] Error 1
    &gt; make[1]: Leaving directory `/build/buildd/beep-1.2.2'
    -------------------- 1.2.2-18 --------------------
    &gt; gcc -g -Wall -O2 -o beep beep.c
    &gt; beep.c:28:22: error: linux/kd.h: No such file or directory
    &gt; beep.c:29:25: error: linux/input.h: No such file or directory
    &gt; beep.c: In function 'do_beep':
    &gt; beep.c:102: error: 'KIOCSOUND' undeclared (first use in this function)
    &gt; beep.c:110: error: storage size of 'e' isn't known
    &gt; beep.c:112: error: 'EV_SND' undeclared (first use in this function)
    &gt; beep.c:113: error: 'SND_TONE' undeclared (first use in this function)
    &gt; beep.c:116: error: invalid application of 'sizeof' to incomplete type 'struct input_event'
    &gt; make[1]: *** [beep] Error 1
    &gt; make[1]: Leaving directory `/build/buildd/beep-1.2.2'
</span>
</li>
<li class="packageinfo"><a href="http://buildd.debian-ports.org/build.php?arch=hurd-i386&amp;pkg=blcr&amp;ver=0.8.2-3">blcr_0.8.2-3</a><span>
  Previous state was Failed until 2009 Sep 18 00:40:09
  Previous failing reasons:
    -------------------- 0.8.2-3 --------------------
    &gt; configure: error: the host system must be Linux (have gnu0.3)
    -------------------- 0.8.2-2 --------------------
    &gt; configure: error: the host system must be Linux (have gnu0.3)
</span>
</li>
<li class="packageinfo"><a href="http://buildd.debian-ports.org/build.php?arch=hurd-i386&amp;pkg=bogl&amp;ver=0.1.18-3">bogl_0.1.18-3</a><span>
  Previous state was Needs-Build until 2006 jui 01 13:39:11
</span>
</li>
<li class="packageinfo"><a href="http://buildd.debian-ports.org/build.php?arch=hurd-i386&amp;pkg=bse-alsa&amp;ver=0.7.1-1">bse-alsa_0.7.1-1</a><span>
  Previous state was Building until 2009 Jul 26 23:38:58
</span>
</li>
<li class="empty"><br /></li>
<li class="packageinfo"><a href="http://buildd.debian-ports.org/build.php?arch=hurd-i386&amp;pkg=cloop&amp;ver=2.6.28.2.2">cloop_2.6.28.2.2</a><span>
  Previous state was Building until 2006 jui 31 22:30:05
</span>
</li>
<li class="packageinfo"><a href="http://buildd.debian-ports.org/build.php?arch=hurd-i386&amp;pkg=console-tools&amp;ver=1%3A0.2.3dbs-66">console-tools_1:0.2.3dbs-66</a><span>
  Previous state was Building until 2005 oct 11 17:49:20
</span>
</li>
<li class="packageinfo"><a href="http://buildd.debian-ports.org/build.php?arch=hurd-i386&amp;pkg=cpqarrayd&amp;ver=2.3-1">cpqarrayd_2.3-1</a><span>
  Previous state was Failed until 2009 Jun 05 22:54:27
  Previous failing reasons:
    -------------------- 2.3-1 --------------------
    &gt; make[1]: *** No rule to make target `/build/buildd/cpqarrayd-2.3/debian/linux/linux-source-2.6.28/arch/i386-AT386/Makefile'.  Stop.
</span>
</li>
<li class="packageinfo"><a href="http://buildd.debian-ports.org/build.php?arch=hurd-i386&amp;pkg=cramfs&amp;ver=1.1-6">cramfs_1.1-6</a><span>
  Previous state was Failed until 2009 Jun 05 22:54:35
  Previous failing reasons:
    -------------------- 1.1-6 --------------------
    -------------------- 1.1-6 --------------------
    -------------------- 1.1-6 --------------------
    -------------------- 1.1-6 --------------------
    -------------------- 1.1-6 --------------------
    -------------------- 1.1-6 --------------------
    -------------------- 1.1-6 --------------------
    -------------------- 1.1-6 --------------------
    -------------------- 1.1-6 --------------------
    -------------------- 1.1-6 --------------------
    -------------------- 1.1-6 --------------------
    -------------------- 1.1-6 --------------------
    -------------------- 1.1-6 --------------------
    &gt; gcc -g -O2 -Wall -I.   cramfsck.c  -lz -o cramfsck
    &gt; cramfsck.c:54:22: error: linux/fs.h: No such file or directory
    &gt; cramfsck.c: In function 'test_super':
    &gt; cramfsck.c:148: error: 'BLKGETSIZE' undeclared (first use in this function)
    &gt; make[1]: *** [cramfsck] Error 1
    &gt; make[1]: Leaving directory `/build/buildd/cramfs-1.1'
</span>
</li>
<li class="packageinfo"><a href="http://buildd.debian-ports.org/build.php?arch=hurd-i386&amp;pkg=cramfsswap&amp;ver=1.4.1">cramfsswap_1.4.1</a><span>
  Previous state was Failed until 2009 Jun 05 22:54:42
  Previous failing reasons:
    -------------------- 1.4.1 --------------------
    &gt; gcc -Wall -g -O -o cramfsswap -lz cramfsswap.c
    &gt; cramfsswap.c:14:29: error: linux/cramfs_fs.h: No such file or directory
    &gt; cramfsswap.c: In function 'main':
    &gt; cramfsswap.c:34: error: storage size of 'inode' isn't known
    &gt; cramfsswap.c:74: error: 'CRAMFS_MAGIC' undeclared (first use in this function)
    &gt; make[1]: *** [cramfsswap] Error 1
    &gt; make[1]: Leaving directory `/build/buildd/cramfsswap-1.3.1'
    -------------------- 1.3.1 --------------------
    &gt; gcc -Wall -g -O -o cramfsswap -lz cramfsswap.c
    &gt; cramfsswap.c:14:29: error: linux/cramfs_fs.h: No such file or directory
    &gt; cramfsswap.c: In function 'main':
    &gt; cramfsswap.c:34: error: storage size of 'inode' isn't known
    &gt; cramfsswap.c:74: error: 'CRAMFS_MAGIC' undeclared (first use in this function)
    &gt; make[1]: *** [cramfsswap] Error 1
    &gt; make[1]: Leaving directory `/build/buildd/cramfsswap-1.3.1'
</span>
</li>
<li class="empty"><br /></li>
<li class="packageinfo"><a href="http://buildd.debian-ports.org/build.php?arch=hurd-i386&amp;pkg=dahdi-tools&amp;ver=1%3A2.2.0%7Erc3-1">dahdi-tools_1:2.2.0~rc3-1</a><span>
  Previous state was Failed until 2009 Jun 05 22:55:07
  Previous failing reasons:
    -------------------- 1:2.2.0~rc3-1 --------------------
    &gt; checking for DAHDI_CODE in dahdi/user.h... no
    # ...
    &gt; checking for GENERIC_HDLC_VERSION version 4 in linux/hdlc.h... no
    &gt; checking for GENERIC_HDLC_VERSION version 4 in linux/hdlc/ioctl.h... no
    &gt; configure: GENERIC_HDLC_VERSION (version 4) not found, disabling sethdlc.
    &gt; configure: ***
    &gt; configure: *** Building this package requires DAHDI support. ***
</span>
</li>
<li class="packageinfo"><a href="http://buildd.debian-ports.org/build.php?arch=hurd-i386&amp;pkg=dov4l&amp;ver=0.9-3">dov4l_0.9-3</a><span>
  Previous state was Building until 2006 Dec 14 16:58:34
</span>
</li>
<li class="empty"><br /></li>
<li class="packageinfo"><a href="http://buildd.debian-ports.org/build.php?arch=hurd-i386&amp;pkg=ebtables&amp;ver=2.0.9.1-1">ebtables_2.0.9.1-1</a><span>
  Previous state was Failed until 2009 Jun 05 22:55:36
  Previous failing reasons:
    -------------------- 2.0.8.2-4 --------------------
    &gt; include/linux/netfilter_bridge/ebtables.h:16:22: error: linux/if.h: No such file or directory
    -------------------- 2.0.8.2-4 --------------------
    &gt; gcc -g -Wall -O2 -DPROGVERSION=\"2.0.6\" -DPROGNAME=\"ebtables\" -DPROGDATE=\"November\ 2003\" -D_PATH_ETHERTYPES=\"/etc/ethertypes\" -c -o getethertype.o getethertype.c -Iinclude/
    &gt; getethertype.c:45:26: error: net/ethernet.h: No such file or directory
    &gt; getethertype.c: In function 'getethertypeent':
    &gt; getethertype.c:110: error: 'ETH_ZLEN' undeclared (first use in this function)
    &gt; make[1]: *** [getethertype.o] Error 1
    &gt; make[1]: Leaving directory `/build/buildd/ebtables-2.0.6'
    -------------------- 2.0.8.2-3 --------------------
    &gt; gcc -g -Wall -O2 -DPROGVERSION=\"2.0.6\" -DPROGNAME=\"ebtables\" -DPROGDATE=\"November\ 2003\" -D_PATH_ETHERTYPES=\"/etc/ethertypes\" -c -o getethertype.o getethertype.c -Iinclude/
    &gt; getethertype.c:45:26: error: net/ethernet.h: No such file or directory
    &gt; getethertype.c: In function 'getethertypeent':
    &gt; getethertype.c:110: error: 'ETH_ZLEN' undeclared (first use in this function)
    &gt; make[1]: *** [getethertype.o] Error 1
    &gt; make[1]: Leaving directory `/build/buildd/ebtables-2.0.6'
    -------------------- 2.0.8.2-2 --------------------
    &gt; gcc -g -Wall -O2 -DPROGVERSION=\"2.0.6\" -DPROGNAME=\"ebtables\" -DPROGDATE=\"November\ 2003\" -D_PATH_ETHERTYPES=\"/etc/ethertypes\" -c -o getethertype.o getethertype.c -Iinclude/
    &gt; getethertype.c:45:26: error: net/ethernet.h: No such file or directory
    &gt; getethertype.c: In function 'getethertypeent':
    &gt; getethertype.c:110: error: 'ETH_ZLEN' undeclared (first use in this function)
    &gt; make[1]: *** [getethertype.o] Error 1
    &gt; make[1]: Leaving directory `/build/buildd/ebtables-2.0.6'
    -------------------- 2.0.8.2-1 --------------------
    &gt; gcc -g -Wall -O2 -DPROGVERSION=\"2.0.6\" -DPROGNAME=\"ebtables\" -DPROGDATE=\"November\ 2003\" -D_PATH_ETHERTYPES=\"/etc/ethertypes\" -c -o getethertype.o getethertype.c -Iinclude/
    &gt; getethertype.c:45:26: error: net/ethernet.h: No such file or directory
    &gt; getethertype.c: In function 'getethertypeent':
    &gt; getethertype.c:110: error: 'ETH_ZLEN' undeclared (first use in this function)
    &gt; make[1]: *** [getethertype.o] Error 1
    &gt; make[1]: Leaving directory `/build/buildd/ebtables-2.0.6'
    -------------------- 2.0.8.1-2 --------------------
    &gt; gcc -g -Wall -O2 -DPROGVERSION=\"2.0.6\" -DPROGNAME=\"ebtables\" -DPROGDATE=\"November\ 2003\" -D_PATH_ETHERTYPES=\"/etc/ethertypes\" -c -o getethertype.o getethertype.c -Iinclude/
    &gt; getethertype.c:45:26: error: net/ethernet.h: No such file or directory
    &gt; getethertype.c: In function 'getethertypeent':
    &gt; getethertype.c:110: error: 'ETH_ZLEN' undeclared (first use in this function)
    &gt; make[1]: *** [getethertype.o] Error 1
    &gt; make[1]: Leaving directory `/build/buildd/ebtables-2.0.6'
    -------------------- 2.0.8.1-1 --------------------
    &gt; gcc -g -Wall -O2 -DPROGVERSION=\"2.0.6\" -DPROGNAME=\"ebtables\" -DPROGDATE=\"November\ 2003\" -D_PATH_ETHERTYPES=\"/etc/ethertypes\" -c -o getethertype.o getethertype.c -Iinclude/
    &gt; getethertype.c:45:26: error: net/ethernet.h: No such file or directory
    &gt; getethertype.c: In function 'getethertypeent':
    &gt; getethertype.c:110: error: 'ETH_ZLEN' undeclared (first use in this function)
    &gt; make[1]: *** [getethertype.o] Error 1
    &gt; make[1]: Leaving directory `/build/buildd/ebtables-2.0.6'
    -------------------- 2.0.6-3 --------------------
    -------------------- 2.0.6-3 --------------------
    -------------------- 2.0.6-3 --------------------
    -------------------- 2.0.6-3 --------------------
    -------------------- 2.0.6-3 --------------------
    -------------------- 2.0.6-3 --------------------
    -------------------- 2.0.6-3 --------------------
    -------------------- 2.0.6-3 --------------------
    -------------------- 2.0.6-3 --------------------
    -------------------- 2.0.6-3 --------------------
    -------------------- 2.0.6-3 --------------------
    -------------------- 2.0.6-3 --------------------
    -------------------- 2.0.6-3 --------------------
    -------------------- 2.0.6-3 --------------------
    -------------------- 2.0.6-3 --------------------
    -------------------- 2.0.6-3 --------------------
    -------------------- 2.0.6-3 --------------------
    -------------------- 2.0.6-3 --------------------
    -------------------- 2.0.6-3 --------------------
    -------------------- 2.0.6-3 --------------------
    -------------------- 2.0.6-3 --------------------
    -------------------- 2.0.6-3 --------------------
    -------------------- 2.0.6-3 --------------------
    -------------------- 2.0.6-3 --------------------
    -------------------- 2.0.6-3 --------------------
    -------------------- 2.0.6-3 --------------------
    -------------------- 2.0.6-3 --------------------
    -------------------- 2.0.6-3 --------------------
    -------------------- 2.0.6-3 --------------------
    -------------------- 2.0.6-3 --------------------
    -------------------- 2.0.6-3 --------------------
    -------------------- 2.0.6-3 --------------------
    -------------------- 2.0.6-3 --------------------
    -------------------- 2.0.6-3 --------------------
    -------------------- 2.0.6-3 --------------------
    -------------------- 2.0.6-3 --------------------
    -------------------- 2.0.6-3 --------------------
    -------------------- 2.0.6-3 --------------------
    &gt; gcc -g -Wall -O2 -DPROGVERSION=\"2.0.6\" -DPROGNAME=\"ebtables\" -DPROGDATE=\"November\ 2003\" -D_PATH_ETHERTYPES=\"/etc/ethertypes\" -c -o getethertype.o getethertype.c -Iinclude/
    &gt; getethertype.c:45:26: error: net/ethernet.h: No such file or directory
    &gt; getethertype.c: In function 'getethertypeent':
    &gt; getethertype.c:110: error: 'ETH_ZLEN' undeclared (first use in this function)
    &gt; make[1]: *** [getethertype.o] Error 1
    &gt; make[1]: Leaving directory `/build/buildd/ebtables-2.0.6'
</span>
</li>
<li class="empty"><br /></li>
<li class="packageinfo"><a href="http://buildd.debian-ports.org/build.php?arch=hurd-i386&amp;pkg=fbgrab&amp;ver=1.0.0-5">fbgrab_1.0.0-5</a><span>
  Previous state was Failed until 2009 Jun 05 22:56:40
  Previous failing reasons:
    -------------------- 1.0.0-4 --------------------
    &gt; gcc -Wall -g -O2 fbgrab.c -lpng -lz -o fbgrab
    &gt; fbgrab.c:24:50: error: sys/vt.h: No such file or directory
    &gt; fbgrab.c:26:57: error: linux/fb.h: No such file or directory
    [...]
    &gt; make[1]: *** [fbgrab] Error 1
    &gt; make[1]: Leaving directory `/build/buildd/fbgrab-1.0.0'
    -------------------- 1.0.0-3 --------------------
    -------------------- 1.0.0-3 --------------------
    -------------------- 1.0.0-3 --------------------
    -------------------- 1.0.0-3 --------------------
    -------------------- 1.0.0-3 --------------------
    &gt; gcc -Wall -g -O2 fbgrab.c -lpng -lz -o fbgrab
    &gt; fbgrab.c:24:50: error: sys/vt.h: No such file or directory
    &gt; fbgrab.c:26:57: error: linux/fb.h: No such file or directory
    [...]
    &gt; make[1]: *** [fbgrab] Error 1
    &gt; make[1]: Leaving directory `/build/buildd/fbgrab-1.0.0'
</span>
</li>
<li class="packageinfo"><a href="http://buildd.debian-ports.org/build.php?arch=hurd-i386&amp;pkg=fprobe-ulog&amp;ver=1.1-7">fprobe-ulog_1.1-7</a><span>
  Previous state was Failed until 2009 Jun 05 22:57:07
  Previous failing reasons:
    -------------------- 1.1-7 --------------------
    &gt; cc -DHAVE_CONFIG_H -I. -I. -I../.. -I../../src/libipulog/include    -g -Wall -O2 -D_BSD_SOURCE -D_REENTRANT -DWALL -W -Wall -c libipulog.c
    &gt; In file included from libipulog.c:32:
    &gt; ../../src/libipulog/include/libipulog/libipulog.h:12:23: error: asm/types.h: No such file or directory
    &gt; ../../src/libipulog/include/libipulog/libipulog.h:13:27: error: linux/netlink.h: No such file or directory
    &gt; ../../src/libipulog/include/libipulog/libipulog.h:15:43: error: linux/netfilter_ipv4/ipt_ULOG.h: No such file or directory
    &gt; make[4]: *** [libipulog.o] Error 1
    &gt; make[4]: Leaving directory `/build/buildd/fprobe-ulog-1.1/src/libipulog'
    -------------------- 1.1-5 --------------------
    &gt; cc -DHAVE_CONFIG_H -I. -I. -I../.. -I../../src/libipulog/include    -g -Wall -O2 -D_BSD_SOURCE -D_REENTRANT -DWALL -W -Wall -c libipulog.c
    &gt; In file included from libipulog.c:32:
    &gt; ../../src/libipulog/include/libipulog/libipulog.h:12:23: error: asm/types.h: No such file or directory
    &gt; ../../src/libipulog/include/libipulog/libipulog.h:13:27: error: linux/netlink.h: No such file or directory
    &gt; ../../src/libipulog/include/libipulog/libipulog.h:15:43: error: linux/netfilter_ipv4/ipt_ULOG.h: No such file or directory
    &gt; make[4]: *** [libipulog.o] Error 1
    &gt; make[4]: Leaving directory `/build/buildd/fprobe-ulog-1.1/src/libipulog'
    -------------------- 1.1-4 --------------------
    &gt; cc -DHAVE_CONFIG_H -I. -I. -I../.. -I../../src/libipulog/include    -g -Wall -O2 -D_BSD_SOURCE -D_REENTRANT -DWALL -W -Wall -c libipulog.c
    &gt; In file included from libipulog.c:32:
    &gt; ../../src/libipulog/include/libipulog/libipulog.h:12:23: error: asm/types.h: No such file or directory
    &gt; ../../src/libipulog/include/libipulog/libipulog.h:13:27: error: linux/netlink.h: No such file or directory
    &gt; ../../src/libipulog/include/libipulog/libipulog.h:15:43: error: linux/netfilter_ipv4/ipt_ULOG.h: No such file or directory
    &gt; make[4]: *** [libipulog.o] Error 1
    &gt; make[4]: Leaving directory `/build/buildd/fprobe-ulog-1.1/src/libipulog'
    -------------------- 1.1-3 --------------------
    -------------------- 1.1-3 --------------------
    -------------------- 1.1-3 --------------------
    -------------------- 1.1-3 --------------------
    -------------------- 1.1-3 --------------------
    -------------------- 1.1-3 --------------------
    -------------------- 1.1-3 --------------------
    -------------------- 1.1-3 --------------------
    -------------------- 1.1-3 --------------------
    -------------------- 1.1-3 --------------------
    -------------------- 1.1-3 --------------------
    -------------------- 1.1-3 --------------------
    -------------------- 1.1-3 --------------------
    -------------------- 1.1-3 --------------------
    -------------------- 1.1-3 --------------------
    -------------------- 1.1-3 --------------------
    -------------------- 1.1-3 --------------------
    -------------------- 1.1-3 --------------------
    -------------------- 1.1-3 --------------------
    -------------------- 1.1-3 --------------------
    -------------------- 1.1-3 --------------------
    -------------------- 1.1-3 --------------------
    -------------------- 1.1-3 --------------------
    -------------------- 1.1-3 --------------------
    -------------------- 1.1-3 --------------------
    -------------------- 1.1-3 --------------------
    -------------------- 1.1-3 --------------------
    -------------------- 1.1-3 --------------------
    -------------------- 1.1-3 --------------------
    -------------------- 1.1-3 --------------------
    -------------------- 1.1-3 --------------------
    -------------------- 1.1-3 --------------------
    -------------------- 1.1-3 --------------------
    -------------------- 1.1-3 --------------------
    -------------------- 1.1-3 --------------------
    -------------------- 1.1-3 --------------------
    -------------------- 1.1-3 --------------------
    -------------------- 1.1-3 --------------------
    &gt; cc -DHAVE_CONFIG_H -I. -I. -I../.. -I../../src/libipulog/include    -g -Wall -O2 -D_BSD_SOURCE -D_REENTRANT -DWALL -W -Wall -c libipulog.c
    &gt; In file included from libipulog.c:32:
    &gt; ../../src/libipulog/include/libipulog/libipulog.h:12:23: error: asm/types.h: No such file or directory
    &gt; ../../src/libipulog/include/libipulog/libipulog.h:13:27: error: linux/netlink.h: No such file or directory
    &gt; ../../src/libipulog/include/libipulog/libipulog.h:15:43: error: linux/netfilter_ipv4/ipt_ULOG.h: No such file or directory
    &gt; In file included from libipulog.c:32:
    &gt; ../../src/libipulog/include/libipulog/libipulog.h:34: error: syntax error before '*' token
    &gt; ../../src/libipulog/include/libipulog/libipulog.h:36: warning: type defaults to 'int' in declaration of 'ipulog_get_packet'
    &gt; ../../src/libipulog/include/libipulog/libipulog.h:36: warning: data definition has no type or storage class
    [...]
</span>
</li>
<li class="packageinfo"><a href="http://buildd.debian-ports.org/build.php?arch=hurd-i386&amp;pkg=fuse&amp;ver=2.7.4-2">fuse_2.7.4-2</a><span>
  Previous state was Building until 2009 Jul 26 23:37:33
</span>
</li>
<li class="empty"><br /></li>
<li class="packageinfo"><a href="http://buildd.debian-ports.org/build.php?arch=hurd-i386&amp;pkg=gnome-alsamixer&amp;ver=0.9.7%7Ecvs.20060916.ds.1-2">gnome-alsamixer_0.9.7~cvs.20060916.ds.1-2</a><span>
  Previous state was Building until 2009 Jul 26 23:39:04
</span>
</li>
<li class="packageinfo"><a href="http://buildd.debian-ports.org/build.php?arch=hurd-i386&amp;pkg=gpm&amp;ver=1.20.4-3.2">gpm_1.20.4-3.2</a><span>
  Previous state was Building until 2005 oct 11 19:38:14
</span>
</li>
<li class="packageinfo"><a href="http://buildd.debian-ports.org/build.php?arch=hurd-i386&amp;pkg=gpsbabel&amp;ver=1.3.6-3">gpsbabel_1.3.6-3</a><span>
  Previous state was Building until 2005 oct 19 22:29:55
</span>
</li>
<li class="empty"><br /></li>
<li class="packageinfo"><a href="http://buildd.debian-ports.org/build.php?arch=hurd-i386&amp;pkg=ifenslave-2.6&amp;ver=1.1.0-14">ifenslave-2.6_1.1.0-14</a><span>
  Previous state was Building until 2009 Jul 26 23:38:17
</span>
</li>
<li class="packageinfo"><a href="http://buildd.debian-ports.org/build.php?arch=hurd-i386&amp;pkg=ifplugd&amp;ver=0.28-15">ifplugd_0.28-15</a><span>
  Previous state was Failed until 2009 Jun 05 22:57:52
  Previous failing reasons:
    -------------------- 0.28-15 --------------------
    &gt; if i486-gnu-gcc -DHAVE_CONFIG_H -I. -I. -I..    -D_REENTRANT   -DSYSCONFDIR="\"/etc\"" -D_GNU_SOURCE -Wall -g -O2 -pipe -W -Wall -Wno-unused-parameter -MT ifplugd.o -MD -MP -MF ".deps/ifplugd.Tpo" -c -o ifplugd.o ifplugd.c; \
    &gt; 	then mv -f ".deps/ifplugd.Tpo" ".deps/ifplugd.Po"; else rm -f ".deps/ifplugd.Tpo"; exit 1; fi
    &gt; ifplugd.c:38:22: error: linux/kd.h: No such file or directory
    &gt; make[4]: *** [ifplugd.o] Error 1
    &gt; make[4]: Leaving directory `/build/buildd/ifplugd-0.28/src'
    -------------------- 0.28-14 --------------------
    &gt; if i486-gnu-gcc -DHAVE_CONFIG_H -I. -I. -I..    -D_REENTRANT   -DSYSCONFDIR="\"/etc\"" -D_GNU_SOURCE -Wall -g -O2 -pipe -W -Wall -Wno-unused-parameter -MT ifplugd.o -MD -MP -MF ".deps/ifplugd.Tpo" -c -o ifplugd.o ifplugd.c; \
    &gt; 	then mv -f ".deps/ifplugd.Tpo" ".deps/ifplugd.Po"; else rm -f ".deps/ifplugd.Tpo"; exit 1; fi
    &gt; ifplugd.c:38:22: error: linux/kd.h: No such file or directory
    &gt; make[4]: *** [ifplugd.o] Error 1
    &gt; make[4]: Leaving directory `/build/buildd/ifplugd-0.28/src'
    -------------------- 0.28-13 --------------------
    &gt; if i486-gnu-gcc -DHAVE_CONFIG_H -I. -I. -I..    -D_REENTRANT   -DSYSCONFDIR="\"/etc\"" -D_GNU_SOURCE -Wall -g -O2 -pipe -W -Wall -Wno-unused-parameter -MT ifplugd.o -MD -MP -MF ".deps/ifplugd.Tpo" -c -o ifplugd.o ifplugd.c; \
    &gt; 	then mv -f ".deps/ifplugd.Tpo" ".deps/ifplugd.Po"; else rm -f ".deps/ifplugd.Tpo"; exit 1; fi
    &gt; ifplugd.c:38:22: error: linux/kd.h: No such file or directory
    &gt; make[4]: *** [ifplugd.o] Error 1
    &gt; make[4]: Leaving directory `/build/buildd/ifplugd-0.28/src'
    -------------------- 0.28-12 --------------------
    &gt; if i486-gnu-gcc -DHAVE_CONFIG_H -I. -I. -I..    -D_REENTRANT   -DSYSCONFDIR="\"/etc\"" -D_GNU_SOURCE -Wall -g -O2 -pipe -W -Wall -Wno-unused-parameter -MT ifplugd.o -MD -MP -MF ".deps/ifplugd.Tpo" -c -o ifplugd.o ifplugd.c; \
    &gt; 	then mv -f ".deps/ifplugd.Tpo" ".deps/ifplugd.Po"; else rm -f ".deps/ifplugd.Tpo"; exit 1; fi
    &gt; ifplugd.c:38:22: error: linux/kd.h: No such file or directory
    &gt; make[4]: *** [ifplugd.o] Error 1
    &gt; make[4]: Leaving directory `/build/buildd/ifplugd-0.28/src'
    -------------------- 0.28-11 --------------------
    &gt; if i486-gnu-gcc -DHAVE_CONFIG_H -I. -I. -I..    -D_REENTRANT   -DSYSCONFDIR="\"/etc\"" -D_GNU_SOURCE -Wall -g -O2 -pipe -W -Wall -Wno-unused-parameter -MT ifplugd.o -MD -MP -MF ".deps/ifplugd.Tpo" -c -o ifplugd.o ifplugd.c; \
    &gt; 	then mv -f ".deps/ifplugd.Tpo" ".deps/ifplugd.Po"; else rm -f ".deps/ifplugd.Tpo"; exit 1; fi
    &gt; ifplugd.c:38:22: error: linux/kd.h: No such file or directory
    &gt; make[4]: *** [ifplugd.o] Error 1
    &gt; make[4]: Leaving directory `/build/buildd/ifplugd-0.28/src'
    -------------------- 0.28-10 --------------------
    &gt; if i486-gnu-gcc -DHAVE_CONFIG_H -I. -I. -I..    -D_REENTRANT   -DSYSCONFDIR="\"/etc\"" -D_GNU_SOURCE -Wall -g -O2 -pipe -W -Wall -Wno-unused-parameter -MT ifplugd.o -MD -MP -MF ".deps/ifplugd.Tpo" -c -o ifplugd.o ifplugd.c; \
    &gt; 	then mv -f ".deps/ifplugd.Tpo" ".deps/ifplugd.Po"; else rm -f ".deps/ifplugd.Tpo"; exit 1; fi
    &gt; ifplugd.c:38:22: error: linux/kd.h: No such file or directory
    &gt; make[4]: *** [ifplugd.o] Error 1
    &gt; make[4]: Leaving directory `/build/buildd/ifplugd-0.28/src'
    -------------------- 0.28-9 --------------------
    &gt; if i486-gnu-gcc -DHAVE_CONFIG_H -I. -I. -I..    -D_REENTRANT   -DSYSCONFDIR="\"/etc\"" -D_GNU_SOURCE -Wall -g -O2 -pipe -W -Wall -Wno-unused-parameter -MT ifplugd.o -MD -MP -MF ".deps/ifplugd.Tpo" -c -o ifplugd.o ifplugd.c; \
    &gt; 	then mv -f ".deps/ifplugd.Tpo" ".deps/ifplugd.Po"; else rm -f ".deps/ifplugd.Tpo"; exit 1; fi
    &gt; ifplugd.c:38:22: error: linux/kd.h: No such file or directory
    &gt; make[4]: *** [ifplugd.o] Error 1
    &gt; make[4]: Leaving directory `/build/buildd/ifplugd-0.28/src'
    -------------------- 0.28-5 --------------------
    &gt; if i486-gnu-gcc -DHAVE_CONFIG_H -I. -I. -I..    -D_REENTRANT   -DSYSCONFDIR="\"/etc\"" -D_GNU_SOURCE -g -O2 -pipe -W -Wall -Wno-unused-parameter -MT ifplugd.o -MD -MP -MF ".deps/ifplugd.Tpo" -c -o ifplugd.o ifplugd.c; \
    &gt; 	then mv -f ".deps/ifplugd.Tpo" ".deps/ifplugd.Po"; else rm -f ".deps/ifplugd.Tpo"; exit 1; fi
    &gt; ifplugd.c:38:22: error: linux/kd.h: No such file or directory
    &gt; make[4]: *** [ifplugd.o] Error 1
    &gt; make[4]: Leaving directory `/build/buildd/ifplugd-0.28/src'
    -------------------- 0.28-4 --------------------
    &gt; if i486-gnu-gcc -DHAVE_CONFIG_H -I. -I. -I..    -D_REENTRANT   -DSYSCONFDIR="\"/etc\"" -D_GNU_SOURCE -g -O2 -pipe -W -Wall -Wno-unused-parameter -MT ifplugd.o -MD -MP -MF ".deps/ifplugd.Tpo" -c -o ifplugd.o ifplugd.c; \
    &gt; 	then mv -f ".deps/ifplugd.Tpo" ".deps/ifplugd.Po"; else rm -f ".deps/ifplugd.Tpo"; exit 1; fi
    &gt; ifplugd.c:38:22: error: linux/kd.h: No such file or directory
    &gt; make[4]: *** [ifplugd.o] Error 1
    &gt; make[4]: Leaving directory `/build/buildd/ifplugd-0.28/src'
    -------------------- 0.28-2.3 --------------------
    &gt; if i486-gnu-gcc -DHAVE_CONFIG_H -I. -I. -I..    -D_REENTRANT   -DSYSCONFDIR="\"/etc\"" -D_GNU_SOURCE -g -O2 -pipe -W -Wall -Wno-unused-parameter -MT ifplugd.o -MD -MP -MF ".deps/ifplugd.Tpo" -c -o ifplugd.o ifplugd.c; \
    &gt; 	then mv -f ".deps/ifplugd.Tpo" ".deps/ifplugd.Po"; else rm -f ".deps/ifplugd.Tpo"; exit 1; fi
    &gt; ifplugd.c:38:22: error: linux/kd.h: No such file or directory
    &gt; make[4]: *** [ifplugd.o] Error 1
    &gt; make[4]: Leaving directory `/build/buildd/ifplugd-0.28/src'
</span>
</li>
<li class="packageinfo"><a href="http://buildd.debian-ports.org/build.php?arch=hurd-i386&amp;pkg=inputlirc&amp;ver=15-1">inputlirc_15-1</a><span>
  Reasons for BD-Uninstallable:
    inoticoming (= 0.2.1-2) build-depends on libinotifytools0-dev | libc6-dev (&gt;= 2.5) | libc6.1-dev (&gt;= 2.5) {NOT AVAILABLE}
  Previous state was Dep-Wait until 2009 Aug 30 22:20:00
  Previous state was Failed until 2009 Jun 05 22:58:07
  Previous failing reasons:
    -------------------- 13-1 --------------------
    &gt; make[1]: *** No rule to make target `/usr/include/linux/input.h', needed by `inputlircd'.  Stop.
    -------------------- 11-2 --------------------
    &gt; make[1]: *** No rule to make target `/usr/include/linux/input.h', needed by `inputlircd'.  Stop.
    -------------------- 11-1 --------------------
    &gt; make[1]: Entering directory `/build/buildd/inputlirc-11'
    &gt; make[1]: *** No rule to make target `/usr/include/linux/input.h', needed by `inputlircd'.  Stop.
    &gt; make[1]: Leaving directory `/build/buildd/inputlirc-11'
</span>
</li>
<li class="packageinfo"><a href="http://buildd.debian-ports.org/build.php?arch=hurd-i386&amp;pkg=iptraf&amp;ver=3.0.0-7">iptraf_3.0.0-7</a><span>
  Previous state was Failed until 2009 Jun 05 22:58:21
  Previous failing reasons:
    -------------------- 3.0.0-6 --------------------
    &gt; gcc -Wall  -DWORKDIR=\"/var/lib/iptraf\" -DLOGDIR=\"/var/log/iptraf\" -DEXECDIR=\"/usr/sbin\" -I/usr/include/ncurses -I../support -DVERSION=\"3.0.0\" -DPLATFORM=\"GNU/i386-AT386\"     -c -o iptraf.o iptraf.c
    &gt; In file included from iptraf.c:54:
    &gt; tcptable.h:17:23: error: asm/types.h: No such file or directory
    &gt; tcptable.h:18:26: error: linux/socket.h: No such file or directory
    &gt; tcptable.h:20:23: error: linux/net.h: No such file or directory
    &gt; tcptable.h:21:22: error: linux/if.h: No such file or directory
    &gt; tcptable.h:22:29: error: linux/if_packet.h: No such file or directory
    &gt; tcptable.h:23:28: error: linux/if_ether.h: No such file or directory
    &gt; tcptable.h:24:27: error: linux/if_fddi.h: No such file or directory
    &gt; tcptable.h:25:25: error: linux/if_tr.h: No such file or directory
    &gt; make[1]: *** [iptraf.o] Error 1
    &gt; make[1]: Leaving directory `/build/buildd/iptraf-3.0.0/src'
    -------------------- 3.0.0-5 --------------------
    &gt; gcc -Wall  -DWORKDIR=\"/var/lib/iptraf\" -DLOGDIR=\"/var/log/iptraf\" -DEXECDIR=\"/usr/sbin\" -I/usr/include/ncurses -I../support -DVERSION=\"3.0.0\" -DPLATFORM=\"GNU/i386-AT386\"     -c -o iptraf.o iptraf.c
    &gt; In file included from iptraf.c:54:
    &gt; tcptable.h:17:23: error: asm/types.h: No such file or directory
    &gt; tcptable.h:18:26: error: linux/socket.h: No such file or directory
    &gt; tcptable.h:20:23: error: linux/net.h: No such file or directory
    &gt; tcptable.h:21:22: error: linux/if.h: No such file or directory
    &gt; tcptable.h:22:29: error: linux/if_packet.h: No such file or directory
    &gt; tcptable.h:23:28: error: linux/if_ether.h: No such file or directory
    &gt; tcptable.h:24:27: error: linux/if_fddi.h: No such file or directory
    &gt; tcptable.h:25:25: error: linux/if_tr.h: No such file or directory
    &gt; make[1]: *** [iptraf.o] Error 1
    &gt; make[1]: Leaving directory `/build/buildd/iptraf-3.0.0/src'
    -------------------- 3.0.0-4 --------------------
    &gt; gcc -Wall  -DWORKDIR=\"/var/lib/iptraf\" -DLOGDIR=\"/var/log/iptraf\" -DEXECDIR=\"/usr/sbin\" -I/usr/include/ncurses -I../support -DVERSION=\"3.0.0\" -DPLATFORM=\"GNU/i386-AT386\"     -c -o iptraf.o iptraf.c
    &gt; In file included from iptraf.c:54:
    &gt; tcptable.h:17:23: error: asm/types.h: No such file or directory
    &gt; tcptable.h:18:26: error: linux/socket.h: No such file or directory
    &gt; tcptable.h:20:23: error: linux/net.h: No such file or directory
    &gt; tcptable.h:21:22: error: linux/if.h: No such file or directory
    &gt; tcptable.h:22:29: error: linux/if_packet.h: No such file or directory
    &gt; tcptable.h:23:28: error: linux/if_ether.h: No such file or directory
    &gt; tcptable.h:24:27: error: linux/if_fddi.h: No such file or directory
    &gt; tcptable.h:25:25: error: linux/if_tr.h: No such file or directory
    &gt; make[1]: *** [iptraf.o] Error 1
    &gt; make[1]: Leaving directory `/build/buildd/iptraf-3.0.0/src'
    -------------------- 3.0.0-3 --------------------
    &gt; gcc -Wall  -DWORKDIR=\"/var/lib/iptraf\" -DLOGDIR=\"/var/log/iptraf\" -DEXECDIR=\"/usr/sbin\" -I/usr/include/ncurses -I../support -DVERSION=\"3.0.0\" -DPLATFORM=\"GNU/i386-AT386\"     -c -o iptraf.o iptraf.c
    &gt; In file included from iptraf.c:54:
    &gt; tcptable.h:17:23: error: asm/types.h: No such file or directory
    &gt; tcptable.h:18:26: error: linux/socket.h: No such file or directory
    &gt; tcptable.h:20:23: error: linux/net.h: No such file or directory
    &gt; tcptable.h:21:22: error: linux/if.h: No such file or directory
    &gt; tcptable.h:22:29: error: linux/if_packet.h: No such file or directory
    &gt; tcptable.h:23:28: error: linux/if_ether.h: No such file or directory
    &gt; tcptable.h:24:27: error: linux/if_fddi.h: No such file or directory
    &gt; tcptable.h:25:25: error: linux/if_tr.h: No such file or directory
    &gt; make[1]: *** [iptraf.o] Error 1
    &gt; make[1]: Leaving directory `/build/buildd/iptraf-3.0.0/src'
</span>
</li>
<li class="empty"><br /></li>
<li class="packageinfo"><a href="http://buildd.debian-ports.org/build.php?arch=hurd-i386&amp;pkg=kerneltop&amp;ver=0.8-2">kerneltop_0.8-2</a><span>
  Previous state was Failed until 2009 Jun 05 22:58:51
  Previous failing reasons:
    -------------------- 0.8-2 --------------------
    -------------------- 0.8-2 --------------------
    -------------------- 0.8-2 --------------------
    -------------------- 0.8-2 --------------------
    -------------------- 0.8-2 --------------------
    -------------------- 0.8-2 --------------------
    -------------------- 0.8-2 --------------------
    -------------------- 0.8-2 --------------------
    -------------------- 0.8-2 --------------------
    -------------------- 0.8-2 --------------------
    -------------------- 0.8-2 --------------------
    -------------------- 0.8-2 --------------------
    -------------------- 0.8-2 --------------------
    &gt; gcc -c -O2 -s -I. -Wall -Wstrict-prototypes kerneltop.c -o kerneltop.o
    &gt; kerneltop.c:397:22: error: linux/kd.h: No such file or directory
    &gt; kerneltop.c: In function 'keypressed':
    &gt; kerneltop.c:405: error: 'K_RAW' undeclared (first use in this function)
    &gt; kerneltop.c:405: error: (Each undeclared identifier is reported only once
    &gt; kerneltop.c:405: error: for each function it appears in.)
    &gt; kerneltop.c:410: error: 'KDGKBMODE' undeclared (first use in this function)
    &gt; kerneltop.c:411: error: 'KDGKBMETA' undeclared (first use in this function)
    &gt; kerneltop.c:420: error: 'KDSKBMODE' undeclared (first use in this function)
    &gt; kerneltop.c:421: error: 'KDSKBMETA' undeclared (first use in this function)
    &gt; make[1]: *** [kerneltop] Error 1
    &gt; make[1]: Leaving directory `/build/buildd/kerneltop-0.8'
</span>
</li>
<li class="packageinfo"><a href="http://buildd.debian-ports.org/build.php?arch=hurd-i386&amp;pkg=kfreebsd-kernel-di-amd64&amp;ver=0.1">kfreebsd-kernel-di-amd64_0.1</a><span>
  Previous state was Building until 2009 Aug 22 00:00:23
</span>
</li>
<li class="packageinfo"><a href="http://buildd.debian-ports.org/build.php?arch=hurd-i386&amp;pkg=kfreebsd-kernel-di-i386&amp;ver=0.1">kfreebsd-kernel-di-i386_0.1</a><span>
  Previous state was Building until 2009 Aug 22 00:01:16
</span>
</li>
<li class="packageinfo"><a href="http://buildd.debian-ports.org/build.php?arch=hurd-i386&amp;pkg=knetfilter&amp;ver=3.5.0-2">knetfilter_3.5.0-2</a><span>
  Previous state was Building until 2009 Jul 26 23:37:35
</span>
</li>
<li class="empty"><br /></li>
<li class="packageinfo"><a href="http://buildd.debian-ports.org/build.php?arch=hurd-i386&amp;pkg=lcd4linux&amp;ver=0.10.1%7Erc2-2">lcd4linux_0.10.1~rc2-2</a><span>
  Previous state was Failed until 2009 Jun 05 22:59:11
  Previous failing reasons:
    -------------------- 0.10.1~rc2-2 --------------------
    &gt; drv_G15.c:45:25: error: linux/input.h: No such file or directory
</span>
</li>
<li class="packageinfo"><a href="http://buildd.debian-ports.org/build.php?arch=hurd-i386&amp;pkg=libaio&amp;ver=0.3.107-7">libaio_0.3.107-7</a><span>
  Previous state was Building until 2009 Jul 26 23:40:38
</span>
</li>
<li class="packageinfo"><a href="http://buildd.debian-ports.org/build.php?arch=hurd-i386&amp;pkg=libdrm&amp;ver=2.4.13-1">libdrm_2.4.13-1</a><span>
  Previous state was Building until 2009 Jun 08 16:33:02
  Previous failing reasons:
    -------------------- 2.4.9-2 --------------------
    &gt; ../../libdrm/xf86drm.c:717: error: '_IOT_drm_version' undeclared (first use in this function)
    -------------------- 2.4.9-1 --------------------
    &gt; ../../libdrm/xf86drm.c:717: error: '_IOT_drm_version' undeclared (first use in this function)
    -------------------- 2.4.5-2 --------------------
    &gt; ../../libdrm/xf86drm.c:717: error: '_IOT_drm_version' undeclared (first use in this function)
    -------------------- 2.3.1-2 --------------------
    &gt;  i486-gnu-gcc -DHAVE_CONFIG_H -I. -I. -I. -I../shared-core -Wall -g -O2 -MT xf86drm.lo -MD -MP -MF .deps/xf86drm.Tpo -c xf86drm.c  -fPIC -DPIC -o .libs/xf86drm.o
    &gt; xf86drm.c: In function 'drmGetVersion':
    &gt; xf86drm.c:661: error: '_IOT__IOTBASE_drm_version_t' undeclared (first use in this function)
    [...]
    &gt; make[3]: *** [xf86drm.lo] Error 1
    &gt; make[3]: Leaving directory `/build/buildd/libdrm-2.0.2/libdrm'
    -------------------- 2.3.1-1 --------------------
    &gt;  i486-gnu-gcc -DHAVE_CONFIG_H -I. -I. -I. -I../shared-core -Wall -g -O2 -MT xf86drm.lo -MD -MP -MF .deps/xf86drm.Tpo -c xf86drm.c  -fPIC -DPIC -o .libs/xf86drm.o
    &gt; xf86drm.c: In function 'drmGetVersion':
    &gt; xf86drm.c:661: error: '_IOT__IOTBASE_drm_version_t' undeclared (first use in this function)
    [...]
    &gt; make[3]: *** [xf86drm.lo] Error 1
    &gt; make[3]: Leaving directory `/build/buildd/libdrm-2.0.2/libdrm'
    -------------------- 2.3.0-4 --------------------
    &gt;  i486-gnu-gcc -DHAVE_CONFIG_H -I. -I. -I. -I../shared-core -Wall -g -O2 -MT xf86drm.lo -MD -MP -MF .deps/xf86drm.Tpo -c xf86drm.c  -fPIC -DPIC -o .libs/xf86drm.o
    &gt; xf86drm.c: In function 'drmGetVersion':
    &gt; xf86drm.c:661: error: '_IOT__IOTBASE_drm_version_t' undeclared (first use in this function)
    [...]
    &gt; make[3]: *** [xf86drm.lo] Error 1
    &gt; make[3]: Leaving directory `/build/buildd/libdrm-2.0.2/libdrm'
    -------------------- 2.0.2-0.1 --------------------
    &gt;  i486-gnu-gcc -DHAVE_CONFIG_H -I. -I. -I. -I../shared-core -Wall -g -O2 -MT xf86drm.lo -MD -MP -MF .deps/xf86drm.Tpo -c xf86drm.c  -fPIC -DPIC -o .libs/xf86drm.o
    &gt; xf86drm.c: In function 'drmGetVersion':
    &gt; xf86drm.c:661: error: '_IOT__IOTBASE_drm_version_t' undeclared (first use in this function)
    [...]
    &gt; make[3]: *** [xf86drm.lo] Error 1
    &gt; make[3]: Leaving directory `/build/buildd/libdrm-2.0.2/libdrm'
</span>
</li>
<li class="packageinfo"><a href="http://buildd.debian-ports.org/build.php?arch=hurd-i386&amp;pkg=liblinux-inotify2-perl&amp;ver=1%3A1.1-2.1">liblinux-inotify2-perl_1:1.1-2.1</a><span>
  Previous state was Building until 2006 mar 19 02:12:36
</span>
</li>
<li class="packageinfo"><a href="http://buildd.debian-ports.org/build.php?arch=hurd-i386&amp;pkg=libnetfilter-queue&amp;ver=0.0.17-1">libnetfilter-queue_0.0.17-1</a><span>
  Previous state was Building until 2006 nov 08 13:08:46
</span>
</li>
<li class="packageinfo"><a href="http://buildd.debian-ports.org/build.php?arch=hurd-i386&amp;pkg=libnl&amp;ver=1.1-5">libnl_1.1-5</a><span>
  Previous state was Failed until 2006 ao√ª 30 18:08:37
</span>
</li>
<li class="packageinfo"><a href="http://buildd.debian-ports.org/build.php?arch=hurd-i386&amp;pkg=libraw1394&amp;ver=2.0.4-1">libraw1394_2.0.4-1</a><span>
  Previous state was Building until 2009 Jul 26 23:31:14
  Previous failing reasons:
    -------------------- 2.0.2-2 --------------------
    Was Not-For-Us previously
    -------------------- 2.0.2-2 --------------------
    &gt; kernel-raw1394.h:75:23: error: asm/types.h: No such file or directory
    -------------------- 1.3.0-4 --------------------
    &gt;  i486-gnu-gcc -DHAVE_CONFIG_H -I. -I. -I.. -Wall -g -O2 -MT main.lo -MD -MP -MF .deps/main.Tpo -c main.c  -fPIC -DPIC -o .libs/main.o
    &gt; In file included from main.c:34:
    &gt; kernel-raw1394.h:75:23: error: asm/types.h: No such file or directory
    &gt; In file included from main.c:34:
    &gt; kernel-raw1394.h:78: error: expected specifier-qualifier-list before '__u32'
    [...]
    &gt; make[3]: *** [main.lo] Error 1
    &gt; make[3]: Leaving directory `/build/buildd/libraw1394-1.2.1/src'
    -------------------- 1.3.0-3 --------------------
    &gt;  i486-gnu-gcc -DHAVE_CONFIG_H -I. -I. -I.. -Wall -g -O2 -MT main.lo -MD -MP -MF .deps/main.Tpo -c main.c  -fPIC -DPIC -o .libs/main.o
    &gt; In file included from main.c:34:
    &gt; kernel-raw1394.h:75:23: error: asm/types.h: No such file or directory
    &gt; In file included from main.c:34:
    &gt; kernel-raw1394.h:78: error: expected specifier-qualifier-list before '__u32'
    [...]
    &gt; make[3]: *** [main.lo] Error 1
    &gt; make[3]: Leaving directory `/build/buildd/libraw1394-1.2.1/src'
    -------------------- 1.3.0-2 --------------------
    &gt;  i486-gnu-gcc -DHAVE_CONFIG_H -I. -I. -I.. -Wall -g -O2 -MT main.lo -MD -MP -MF .deps/main.Tpo -c main.c  -fPIC -DPIC -o .libs/main.o
    &gt; In file included from main.c:34:
    &gt; kernel-raw1394.h:75:23: error: asm/types.h: No such file or directory
    &gt; In file included from main.c:34:
    &gt; kernel-raw1394.h:78: error: expected specifier-qualifier-list before '__u32'
    [...]
    &gt; make[3]: *** [main.lo] Error 1
    &gt; make[3]: Leaving directory `/build/buildd/libraw1394-1.2.1/src'
    -------------------- 1.2.1-3.1 --------------------
    &gt;  i486-gnu-gcc -DHAVE_CONFIG_H -I. -I. -I.. -Wall -g -O2 -MT main.lo -MD -MP -MF .deps/main.Tpo -c main.c  -fPIC -DPIC -o .libs/main.o
    &gt; In file included from main.c:34:
    &gt; kernel-raw1394.h:75:23: error: asm/types.h: No such file or directory
    &gt; In file included from main.c:34:
    &gt; kernel-raw1394.h:78: error: expected specifier-qualifier-list before '__u32'
    [...]
    &gt; make[3]: *** [main.lo] Error 1
    &gt; make[3]: Leaving directory `/build/buildd/libraw1394-1.2.1/src'
    -------------------- 1.2.1-2 --------------------
    &gt;  i486-gnu-gcc -DHAVE_CONFIG_H -I. -I. -I.. -Wall -g -O2 -MT main.lo -MD -MP -MF .deps/main.Tpo -c main.c  -fPIC -DPIC -o .libs/main.o
    &gt; In file included from main.c:34:
    &gt; kernel-raw1394.h:75:23: error: asm/types.h: No such file or directory
    &gt; In file included from main.c:34:
    &gt; kernel-raw1394.h:78: error: expected specifier-qualifier-list before '__u32'
    [...]
    &gt; make[3]: *** [main.lo] Error 1
    &gt; make[3]: Leaving directory `/build/buildd/libraw1394-1.2.1/src'
</span>
</li>
<li class="packageinfo"><a href="http://buildd.debian-ports.org/build.php?arch=hurd-i386&amp;pkg=libusb&amp;ver=2%3A0.1.12-13">libusb_2:0.1.12-13</a><span>
  Previous state was Building until 2005 oct 11 21:20:23
</span>
</li>
<li class="packageinfo"><a href="http://buildd.debian-ports.org/build.php?arch=hurd-i386&amp;pkg=libvideo-capture-v4l-perl&amp;ver=0.902-1">libvideo-capture-v4l-perl_0.902-1</a><span>
  Previous state was Failed until 2009 Jun 05 23:06:55
  Previous failing reasons:
    -------------------- 0.902-1 --------------------
    &gt; cc -c   -D_GNU_SOURCE -fno-strict-aliasing -pipe -I/usr/local/include -Wall -g -O2   -DVERSION=\"0.901\" -DXS_VERSION=\"0.901\" -fPIC "-I/usr/lib/perl/5.8/CORE"   V4l.c
    &gt; V4l.xs:12:28: error: linux/videodev.h: No such file or directory
    &gt; make[2]: *** [V4l.o] Error 1
    &gt; make[2]: Leaving directory `/build/buildd/libvideo-capture-v4l-perl-0.901/V4l'
    -------------------- 0.901-4 --------------------
    &gt; cc -c   -D_GNU_SOURCE -fno-strict-aliasing -pipe -I/usr/local/include -Wall -g -O2   -DVERSION=\"0.901\" -DXS_VERSION=\"0.901\" -fPIC "-I/usr/lib/perl/5.8/CORE"   V4l.c
    &gt; V4l.xs:12:28: error: linux/videodev.h: No such file or directory
    &gt; make[2]: *** [V4l.o] Error 1
    &gt; make[2]: Leaving directory `/build/buildd/libvideo-capture-v4l-perl-0.901/V4l'
    -------------------- 0.901-3 --------------------
    &gt; cc -c   -D_GNU_SOURCE -fno-strict-aliasing -pipe -I/usr/local/include -Wall -g -O2   -DVERSION=\"0.901\" -DXS_VERSION=\"0.901\" -fPIC "-I/usr/lib/perl/5.8/CORE"   V4l.c
    &gt; V4l.xs:12:28: error: linux/videodev.h: No such file or directory
    &gt; make[2]: *** [V4l.o] Error 1
    &gt; make[2]: Leaving directory `/build/buildd/libvideo-capture-v4l-perl-0.901/V4l'
    -------------------- 0.901-2 --------------------
    &gt; cc -c   -fPIC -Wall -g -O2   -DVERSION=\"0.901\" -DXS_VERSION=\"0.901\" -fPIC "-I/usr/lib/perl/5.8/CORE"   V4l.c
    &gt; V4l.xs:12:28: error: linux/videodev.h: No such file or directory
    &gt; V4l.xs: In function 'framesize':
    &gt; V4l.xs:61: error: 'VIDEO_PALETTE_RGB565' undeclared (first use in this function)
    [...]
    &gt; make[2]: *** [V4l.o] Error 1
    &gt; make[2]: Leaving directory `/build/buildd/libvideo-capture-v4l-perl-0.901/V4l'
    -------------------- 0.901-1 --------------------
    &gt; cc -c   -fPIC -Wall -g -O2   -DVERSION=\"0.901\" -DXS_VERSION=\"0.901\" -fPIC "-I/usr/lib/perl/5.8/CORE"   V4l.c
    &gt; V4l.xs:12:28: error: linux/videodev.h: No such file or directory
    &gt; V4l.xs: In function 'framesize':
    &gt; V4l.xs:61: error: 'VIDEO_PALETTE_RGB565' undeclared (first use in this function)
    [...]
    &gt; make[2]: *** [V4l.o] Error 1
    &gt; make[2]: Leaving directory `/build/buildd/libvideo-capture-v4l-perl-0.901/V4l'
</span>
</li>
<li class="packageinfo"><a href="http://buildd.debian-ports.org/build.php?arch=hurd-i386&amp;pkg=libx86&amp;ver=1.1%2Bds1-6">libx86_1.1+ds1-6</a><span>
  Previous state was Building until 2008 May 12 00:08:39
  Previous failing reasons:
    -------------------- 0.99-1 --------------------
    &gt; cc -O2 -Wall -DDEBUG -g   -c -o lrmi.o lrmi.c
    &gt; lrmi.c: In function 'pushw':
    &gt; lrmi.c:125: error: 'CONTEXT_REGS' undeclared (first use in this function)
    &gt; lrmi.c:125: error: 'esp' undeclared (first use in this function)
    &gt; lrmi.c:126: error: 'ss' undeclared (first use in this function)
    [...]
    &gt; make[2]: *** [lrmi.o] Error 1
    &gt; make[2]: Leaving directory `/build/buildd/libx86-0.99'
</span>
</li>
<li class="packageinfo"><a href="http://buildd.debian-ports.org/build.php?arch=hurd-i386&amp;pkg=linux-atm&amp;ver=2.4.1-17.2">linux-atm_2.4.1-17.2</a><span>
  Previous state was Building until 2009 Jul 26 23:38:03
</span>
</li>
<li class="packageinfo"><a href="http://buildd.debian-ports.org/build.php?arch=hurd-i386&amp;pkg=linux-kbuild-2.6&amp;ver=2.6.30-1">linux-kbuild-2.6_2.6.30-1</a><span>
  Previous state was Building until 2006 jui 22 18:25:12
</span>
</li>
<li class="packageinfo"><a href="http://buildd.debian-ports.org/build.php?arch=hurd-i386&amp;pkg=linux-modules-extra-2.6&amp;ver=2.6.30-4">linux-modules-extra-2.6_2.6.30-4</a><span>
  Previous state was Building until 2007 Apr 10 18:14:56
  Previous failing reasons:
    -------------------- 2.6.18-6 --------------------
    Was Not-For-Us previously
    -------------------- 2.6.18-5 --------------------
    Was Not-For-Us previously
    -------------------- 2.6.18-4 --------------------
    Was Not-For-Us previously
    -------------------- 2.6.18-1 --------------------
    -------------------- 2.6.18-1 --------------------
    -------------------- 2.6.18-1 --------------------
    -------------------- 2.6.18-1 --------------------
    -------------------- 2.6.18-1 --------------------
    Was Not-For-Us previously
</span>
</li>
<li class="packageinfo"><a href="http://buildd.debian-ports.org/build.php?arch=hurd-i386&amp;pkg=linux86&amp;ver=0.16.17-3">linux86_0.16.17-3</a><span>
  Previous state was Building until 2006 mai 25 05:08:09
</span>
</li>
<li class="packageinfo"><a href="http://buildd.debian-ports.org/build.php?arch=hurd-i386&amp;pkg=linuxinfo&amp;ver=1.1.8-28">linuxinfo_1.1.8-28</a><span>
  Previous state was Failed until 2009 Jun 05 22:51:08
  Previous failing reasons:
    -------------------- 1.1.8-27 --------------------
    &gt; gcc  -g -O2  -o linuxinfo  linuxinfo.o linuxinfo_common.o linuxinfo_arm.o linuxinfo_alpha.o linuxinfo_ia64.o linuxinfo_intel.o linuxinfo_m68k.o linuxinfo_ppc.o linuxinfo_hppa.o linuxinfo_s390.o linuxinfo_sparc.o linuxinfo_mips.o linuxinfo_unknown.o
    &gt; linuxinfo_unknown.o: In function `GetHardwareInfo':
    &gt; /build/buildd/linuxinfo-1.1.8/linuxinfo_unknown.c:25: multiple definition of `GetHardwareInfo'
    &gt; linuxinfo_intel.o:/build/buildd/linuxinfo-1.1.8/linuxinfo_intel.c:124: first defined here
    &gt; collect2: ld returned 1 exit status
    &gt; make[1]: *** [linuxinfo] Error 1
    &gt; make[1]: Leaving directory `/build/buildd/linuxinfo-1.1.8'
    -------------------- 1.1.8-26 --------------------
    &gt; gcc  -g -O2  -o linuxinfo  linuxinfo.o linuxinfo_common.o linuxinfo_arm.o linuxinfo_alpha.o linuxinfo_ia64.o linuxinfo_intel.o linuxinfo_m68k.o linuxinfo_ppc.o linuxinfo_hppa.o linuxinfo_s390.o linuxinfo_sparc.o linuxinfo_mips.o linuxinfo_unknown.o
    &gt; linuxinfo_unknown.o: In function `GetHardwareInfo':
    &gt; /build/buildd/linuxinfo-1.1.8/linuxinfo_unknown.c:25: multiple definition of `GetHardwareInfo'
    &gt; linuxinfo_intel.o:/build/buildd/linuxinfo-1.1.8/linuxinfo_intel.c:124: first defined here
    &gt; collect2: ld returned 1 exit status
    &gt; make[1]: *** [linuxinfo] Error 1
    &gt; make[1]: Leaving directory `/build/buildd/linuxinfo-1.1.8'
    -------------------- 1.1.8-25 --------------------
    &gt; gcc  -g -O2  -o linuxinfo  linuxinfo.o linuxinfo_common.o linuxinfo_arm.o linuxinfo_alpha.o linuxinfo_ia64.o linuxinfo_intel.o linuxinfo_m68k.o linuxinfo_ppc.o linuxinfo_hppa.o linuxinfo_s390.o linuxinfo_sparc.o linuxinfo_mips.o linuxinfo_unknown.o
    &gt; linuxinfo_unknown.o: In function `GetHardwareInfo':
    &gt; /build/buildd/linuxinfo-1.1.8/linuxinfo_unknown.c:25: multiple definition of `GetHardwareInfo'
    &gt; linuxinfo_intel.o:/build/buildd/linuxinfo-1.1.8/linuxinfo_intel.c:124: first defined here
    &gt; collect2: ld returned 1 exit status
    &gt; make[1]: *** [linuxinfo] Error 1
    &gt; make[1]: Leaving directory `/build/buildd/linuxinfo-1.1.8'
    -------------------- 1.1.8-24 --------------------
    &gt; gcc  -g -O2  -o linuxinfo  linuxinfo.o linuxinfo_common.o linuxinfo_arm.o linuxinfo_alpha.o linuxinfo_ia64.o linuxinfo_intel.o linuxinfo_m68k.o linuxinfo_ppc.o linuxinfo_hppa.o linuxinfo_s390.o linuxinfo_sparc.o linuxinfo_mips.o linuxinfo_unknown.o
    &gt; linuxinfo_unknown.o: In function `GetHardwareInfo':
    &gt; /build/buildd/linuxinfo-1.1.8/linuxinfo_unknown.c:25: multiple definition of `GetHardwareInfo'
    &gt; linuxinfo_intel.o:/build/buildd/linuxinfo-1.1.8/linuxinfo_intel.c:124: first defined here
    &gt; collect2: ld returned 1 exit status
    &gt; make[1]: *** [linuxinfo] Error 1
    &gt; make[1]: Leaving directory `/build/buildd/linuxinfo-1.1.8'
    -------------------- 1.1.8-23 --------------------
    &gt; gcc  -g -O2  -o linuxinfo  linuxinfo.o linuxinfo_common.o linuxinfo_arm.o linuxinfo_alpha.o linuxinfo_ia64.o linuxinfo_intel.o linuxinfo_m68k.o linuxinfo_ppc.o linuxinfo_hppa.o linuxinfo_s390.o linuxinfo_sparc.o linuxinfo_mips.o linuxinfo_unknown.o
    &gt; linuxinfo_unknown.o: In function `GetHardwareInfo':
    &gt; /build/buildd/linuxinfo-1.1.8/linuxinfo_unknown.c:25: multiple definition of `GetHardwareInfo'
    &gt; linuxinfo_intel.o:/build/buildd/linuxinfo-1.1.8/linuxinfo_intel.c:116: first defined here
    &gt; /usr/bin/ld: Warning: size of symbol `GetHardwareInfo' changed from 1049 in linuxinfo_intel.o to 121 in linuxinfo_unknown.o
    &gt; collect2: ld returned 1 exit status
    &gt; make[1]: *** [linuxinfo] Error 1
    &gt; make[1]: Leaving directory `/build/buildd/linuxinfo-1.1.8'
    Same as previous version (couldn't extract the text)
    -------------------- 1.1.8-22 --------------------
    &gt; gcc  -g -O2  -o linuxinfo  linuxinfo.o linuxinfo_common.o linuxinfo_arm.o linuxinfo_alpha.o linuxinfo_ia64.o linuxinfo_intel.o linuxinfo_m68k.o linuxinfo_ppc.o linuxinfo_hppa.o linuxinfo_s390.o linuxinfo_sparc.o linuxinfo_mips.o linuxinfo_unknown.o
    &gt; linuxinfo_unknown.o: In function `GetHardwareInfo':
    &gt; /build/buildd/linuxinfo-1.1.8/linuxinfo_unknown.c:25: multiple definition of `GetHardwareInfo'
    &gt; linuxinfo_intel.o:/build/buildd/linuxinfo-1.1.8/linuxinfo_intel.c:116: first defined here
    &gt; /usr/bin/ld: Warning: size of symbol `GetHardwareInfo' changed from 1049 in linuxinfo_intel.o to 121 in linuxinfo_unknown.o
    &gt; collect2: ld returned 1 exit status
    &gt; make[1]: *** [linuxinfo] Error 1
    &gt; make[1]: Leaving directory `/build/buildd/linuxinfo-1.1.8'
    Same as previous version (couldn't extract the text)
    -------------------- 1.1.8-21 --------------------
    -------------------- 1.1.8-20 --------------------
    -------------------- 1.1.8-20 --------------------
    -------------------- 1.1.8-20 --------------------
    -------------------- 1.1.8-20 --------------------
    -------------------- 1.1.8-20 --------------------
    -------------------- 1.1.8-20 --------------------
    -------------------- 1.1.8-20 --------------------
    -------------------- 1.1.8-20 --------------------
    -------------------- 1.1.8-20 --------------------
    -------------------- 1.1.8-20 --------------------
    -------------------- 1.1.8-20 --------------------
    -------------------- 1.1.8-20 --------------------
    -------------------- 1.1.8-20 --------------------
    &gt; gcc  -g -O2  -o linuxinfo  linuxinfo.o linuxinfo_common.o linuxinfo_arm.o linuxinfo_alpha.o linuxinfo_ia64.o linuxinfo_intel.o linuxinfo_m68k.o linuxinfo_ppc.o linuxinfo_hppa.o linuxinfo_s390.o linuxinfo_sparc.o linuxinfo_mips.o linuxinfo_unknown.o
    &gt; linuxinfo_unknown.o: In function `GetHardwareInfo':
    &gt; /build/buildd/linuxinfo-1.1.8/linuxinfo_unknown.c:25: multiple definition of `GetHardwareInfo'
    &gt; linuxinfo_intel.o:/build/buildd/linuxinfo-1.1.8/linuxinfo_intel.c:116: first defined here
    &gt; /usr/bin/ld: Warning: size of symbol `GetHardwareInfo' changed from 1049 in linuxinfo_intel.o to 121 in linuxinfo_unknown.o
    &gt; collect2: ld returned 1 exit status
    &gt; make[1]: *** [linuxinfo] Error 1
    &gt; make[1]: Leaving directory `/build/buildd/linuxinfo-1.1.8'
    Same as previous version (couldn't extract the text)
</span>
</li>
<li class="packageinfo"><a href="http://buildd.debian-ports.org/build.php?arch=hurd-i386&amp;pkg=linuxtv-dvb-apps&amp;ver=1.1.1%2Brev1273-1">linuxtv-dvb-apps_1.1.1+rev1273-1</a><span>
  Previous state was Building until 2007 Jan 20 02:46:24
</span>
</li>
<li class="packageinfo"><a href="http://buildd.debian-ports.org/build.php?arch=hurd-i386&amp;pkg=lksctp-tools&amp;ver=1.0.10%2Bdfsg-1">lksctp-tools_1.0.10+dfsg-1</a><span>
  Previous state was Building until 2005 Dec 21 15:29:23
</span>
</li>
<li class="packageinfo"><a href="http://buildd.debian-ports.org/build.php?arch=hurd-i386&amp;pkg=loop-aes-utils&amp;ver=2.15.1%7Erc1-2">loop-aes-utils_2.15.1~rc1-2</a><span>
  Previous state was Building until 2007 Jan 07 14:38:16
</span>
</li>
<li class="packageinfo"><a href="http://buildd.debian-ports.org/build.php?arch=hurd-i386&amp;pkg=lslk&amp;ver=1.29-5">lslk_1.29-5</a><span>
  Previous state was Failed until 2009 Jun 05 23:00:35
  Previous failing reasons:
    -------------------- 1.29-5 --------------------
    &gt; gcc -O  -DLINUXV=0300    -c -o dlock.o dlock.c
    &gt; In file included from lslk.h:51,
    &gt;                  from dlock.c:43:
    &gt; dlslk.h:60:22: error: linux/fs.h: No such file or directory
    &gt; dlslk.h:61:25: error: linux/sched.h: No such file or directory
    &gt; dlslk.h:72:26: error: linux/module.h: No such file or directory
    &gt; dlslk.h:73:26: error: linux/unistd.h: No such file or directory
    &gt; dlock.c: In function 'gather_lock_info':
    &gt; dlock.c:88: error: storage size of 'f' isn't known
    &gt; dlock.c:89: error: storage size of 'fl' isn't known
    &gt; dlock.c:96: error: storage size of 'i' isn't known
    &gt; dlock.c:97: error: storage size of 't' isn't known
    &gt; dlock.c:166: error: 'FIRSTFILE' undeclared (first use in this function)
    &gt; dlock.c:166: error: (Each undeclared identifier is reported only once
    &gt; dlock.c:166: error: for each function it appears in.)
    &gt; dlock.c: In function 'nlist_private':
    &gt; dlock.c:405: error: '__NR_get_kernel_syms' undeclared (first use in this function)
    &gt; dlock.c:421: error: invalid application of 'sizeof' to incomplete type 'struct kernel_sym'
    &gt; dlock.c:453: error: increment of pointer to unknown structure
    &gt; dlock.c:453: error: arithmetic on pointer to an incomplete type
    &gt; dlock.c:454: error: dereferencing pointer to incomplete type
    [...]
    &gt; make[1]: *** [dlock.o] Error 1
    &gt; make[1]: Leaving directory `/build/buildd/lslk-1.29'
    -------------------- 1.29-4 --------------------
    &gt; gcc -O  -DLINUXV=0300    -c -o dlock.o dlock.c
    &gt; In file included from lslk.h:51,
    &gt;                  from dlock.c:43:
    &gt; dlslk.h:60:22: error: linux/fs.h: No such file or directory
    &gt; dlslk.h:61:25: error: linux/sched.h: No such file or directory
    &gt; dlslk.h:72:26: error: linux/module.h: No such file or directory
    &gt; dlslk.h:73:26: error: linux/unistd.h: No such file or directory
    &gt; dlock.c: In function 'gather_lock_info':
    &gt; dlock.c:88: error: storage size of 'f' isn't known
    &gt; dlock.c:89: error: storage size of 'fl' isn't known
    &gt; dlock.c:96: error: storage size of 'i' isn't known
    &gt; dlock.c:97: error: storage size of 't' isn't known
    &gt; dlock.c:166: error: 'FIRSTFILE' undeclared (first use in this function)
    &gt; dlock.c:166: error: (Each undeclared identifier is reported only once
    &gt; dlock.c:166: error: for each function it appears in.)
    &gt; dlock.c: In function 'nlist_private':
    &gt; dlock.c:405: error: '__NR_get_kernel_syms' undeclared (first use in this function)
    &gt; dlock.c:421: error: invalid application of 'sizeof' to incomplete type 'struct kernel_sym'
    &gt; dlock.c:453: error: increment of pointer to unknown structure
    &gt; dlock.c:453: error: arithmetic on pointer to an incomplete type
    &gt; dlock.c:454: error: dereferencing pointer to incomplete type
    [...]
    &gt; make[1]: *** [dlock.o] Error 1
    &gt; make[1]: Leaving directory `/build/buildd/lslk-1.29'
    -------------------- 1.29-3 --------------------
    -------------------- 1.29-3 --------------------
    -------------------- 1.29-3 --------------------
    -------------------- 1.29-3 --------------------
    -------------------- 1.29-3 --------------------
    -------------------- 1.29-3 --------------------
    -------------------- 1.29-3 --------------------
    -------------------- 1.29-3 --------------------
    -------------------- 1.29-3 --------------------
    -------------------- 1.29-3 --------------------
    -------------------- 1.29-3 --------------------
    -------------------- 1.29-3 --------------------
    -------------------- 1.29-3 --------------------
    &gt; gcc -O  -DLINUXV=0300    -c -o dlock.o dlock.c
    &gt; In file included from lslk.h:51,
    &gt;                  from dlock.c:43:
    &gt; dlslk.h:60:22: error: linux/fs.h: No such file or directory
    &gt; dlslk.h:61:25: error: linux/sched.h: No such file or directory
    &gt; dlslk.h:72:26: error: linux/module.h: No such file or directory
    &gt; dlslk.h:73:26: error: linux/unistd.h: No such file or directory
    &gt; dlock.c: In function 'gather_lock_info':
    &gt; dlock.c:88: error: storage size of 'f' isn't known
    &gt; dlock.c:89: error: storage size of 'fl' isn't known
    &gt; dlock.c:96: error: storage size of 'i' isn't known
    &gt; dlock.c:97: error: storage size of 't' isn't known
    &gt; dlock.c:166: error: 'FIRSTFILE' undeclared (first use in this function)
    &gt; dlock.c:166: error: (Each undeclared identifier is reported only once
    &gt; dlock.c:166: error: for each function it appears in.)
    &gt; dlock.c: In function 'nlist_private':
    &gt; dlock.c:405: error: '__NR_get_kernel_syms' undeclared (first use in this function)
    &gt; dlock.c:421: error: invalid application of 'sizeof' to incomplete type 'struct kernel_sym'
    &gt; dlock.c:453: error: increment of pointer to unknown structure
    &gt; dlock.c:453: error: arithmetic on pointer to an incomplete type
    &gt; dlock.c:454: error: dereferencing pointer to incomplete type
    [...]
    &gt; make[1]: *** [dlock.o] Error 1
    &gt; make[1]: Leaving directory `/build/buildd/lslk-1.29'
</span>
</li>
<li class="packageinfo"><a href="http://buildd.debian-ports.org/build.php?arch=hurd-i386&amp;pkg=ltp&amp;ver=20090531%2Bdfsg-4">ltp_20090531+dfsg-4</a><span>
  Previous state was Building until 2006 jui 31 22:31:38
</span>
</li>
<li class="empty"><br /></li>
<li class="packageinfo"><a href="http://buildd.debian-ports.org/build.php?arch=hurd-i386&amp;pkg=mdadm&amp;ver=3.0-3.1">mdadm_3.0-3.1</a><span>
  Reasons for BD-Uninstallable:
    mcstrans (= 0.2.11-2) build-depends on libcap2-dev {NOT AVAILABLE}
  Previous state was Dep-Wait until 2009 Aug 30 22:17:59
  Previous state was Failed until 2009 Jun 05 23:01:04
  Previous failing reasons:
    -------------------- 2.6.9-3 --------------------
    &gt; mdadm.h:60:26: error: linux/kdev_t.h: No such file or directory
    -------------------- 2.6.9-2 --------------------
    &gt; mdadm.h:60:26: error: linux/kdev_t.h: No such file or directory
    -------------------- 2.6.9-1 --------------------
    &gt; mdadm.h:60:26: error: linux/kdev_t.h: No such file or directory
    -------------------- 2.6.8-12-gb47dff6-2 --------------------
    &gt; mdadm.h:60:26: error: linux/kdev_t.h: No such file or directory
    -------------------- 2.6.7.2-1 --------------------
    &gt; gcc -Wall -Werror -Wstrict-prototypes -ggdb -fomit-frame-pointer -Os -DSendmail=\""/usr/sbin/sendmail -t"\" -DCONFFILE=\"/tmp/mdadm.conf\" -DCONFFILE2=\"/etc/mdadm.conf\" -DDEBIAN  -c -o mdadm.o mdadm.c
    &gt; In file included from mdadm.c:33:
    &gt; mdadm.h:59:26: error: linux/kdev_t.h: No such file or directory
    &gt; make[2]: *** [mdadm.o] Error 1
    &gt; make[2]: Leaving directory `/build/buildd/mdadm-2.6.4'
    -------------------- 2.6.7.1-1 --------------------
    &gt; gcc -Wall -Werror -Wstrict-prototypes -ggdb -fomit-frame-pointer -Os -DSendmail=\""/usr/sbin/sendmail -t"\" -DCONFFILE=\"/tmp/mdadm.conf\" -DCONFFILE2=\"/etc/mdadm.conf\" -DDEBIAN  -c -o mdadm.o mdadm.c
    &gt; In file included from mdadm.c:33:
    &gt; mdadm.h:59:26: error: linux/kdev_t.h: No such file or directory
    &gt; make[2]: *** [mdadm.o] Error 1
    &gt; make[2]: Leaving directory `/build/buildd/mdadm-2.6.4'
    -------------------- 2.6.7-3.1 --------------------
    &gt; gcc -Wall -Werror -Wstrict-prototypes -ggdb -fomit-frame-pointer -Os -DSendmail=\""/usr/sbin/sendmail -t"\" -DCONFFILE=\"/tmp/mdadm.conf\" -DCONFFILE2=\"/etc/mdadm.conf\" -DDEBIAN  -c -o mdadm.o mdadm.c
    &gt; In file included from mdadm.c:33:
    &gt; mdadm.h:59:26: error: linux/kdev_t.h: No such file or directory
    &gt; make[2]: *** [mdadm.o] Error 1
    &gt; make[2]: Leaving directory `/build/buildd/mdadm-2.6.4'
    -------------------- 2.6.7-3 --------------------
    &gt; gcc -Wall -Werror -Wstrict-prototypes -ggdb -fomit-frame-pointer -Os -DSendmail=\""/usr/sbin/sendmail -t"\" -DCONFFILE=\"/tmp/mdadm.conf\" -DCONFFILE2=\"/etc/mdadm.conf\" -DDEBIAN  -c -o mdadm.o mdadm.c
    &gt; In file included from mdadm.c:33:
    &gt; mdadm.h:59:26: error: linux/kdev_t.h: No such file or directory
    &gt; make[2]: *** [mdadm.o] Error 1
    &gt; make[2]: Leaving directory `/build/buildd/mdadm-2.6.4'
    -------------------- 2.6.7-1 --------------------
    &gt; gcc -Wall -Werror -Wstrict-prototypes -ggdb -fomit-frame-pointer -Os -DSendmail=\""/usr/sbin/sendmail -t"\" -DCONFFILE=\"/tmp/mdadm.conf\" -DCONFFILE2=\"/etc/mdadm.conf\" -DDEBIAN  -c -o mdadm.o mdadm.c
    &gt; In file included from mdadm.c:33:
    &gt; mdadm.h:59:26: error: linux/kdev_t.h: No such file or directory
    &gt; make[2]: *** [mdadm.o] Error 1
    &gt; make[2]: Leaving directory `/build/buildd/mdadm-2.6.4'
    -------------------- 2.6.4-2 --------------------
    &gt; gcc -Wall -Werror -Wstrict-prototypes -ggdb -fomit-frame-pointer -Os -DSendmail=\""/usr/sbin/sendmail -t"\" -DCONFFILE=\"/tmp/mdadm.conf\" -DCONFFILE2=\"/etc/mdadm.conf\" -DDEBIAN  -c -o mdadm.o mdadm.c
    &gt; In file included from mdadm.c:33:
    &gt; mdadm.h:59:26: error: linux/kdev_t.h: No such file or directory
    &gt; make[2]: *** [mdadm.o] Error 1
    &gt; make[2]: Leaving directory `/build/buildd/mdadm-2.6.4'
    -------------------- 2.6.4-1 --------------------
    &gt; gcc -Wall -Werror -Wstrict-prototypes -ggdb -fomit-frame-pointer -Os -DSendmail=\""/usr/sbin/sendmail -t"\" -DCONFFILE=\"/tmp/mdadm.conf\" -DCONFFILE2=\"/etc/mdadm.conf\" -DDEBIAN  -c -o mdadm.o mdadm.c
    &gt; In file included from mdadm.c:33:
    &gt; mdadm.h:59:26: error: linux/kdev_t.h: No such file or directory
    &gt; make[2]: *** [mdadm.o] Error 1
    &gt; make[2]: Leaving directory `/build/buildd/mdadm-2.6.4'
    -------------------- 2.6.3+200709292116+4450e59-3 --------------------
    &gt; gcc -Wall -Werror -Wstrict-prototypes -ggdb -fomit-frame-pointer -Os -DSendmail=\""/usr/sbin/sendmail -t"\" -DCONFFILE=\"/tmp/mdadm.conf\" -DCONFFILE2=\"/etc/mdadm.conf\" -DDEBIAN  -c -o mdadm.o mdadm.c
    &gt; In file included from mdadm.c:33:
    &gt; mdadm.h:55:26: error: linux/kdev_t.h: No such file or directory
    &gt; mdadm.h:57:23: error: sys/mount.h: No such file or directory
    &gt; mdadm.h:58:23: error: asm/types.h: No such file or directory
    &gt; make[2]: *** [mdadm.o] Error 1
    &gt; make[2]: Leaving directory `/build/buildd/mdadm-2.5.6'
    -------------------- 2.6.2-2 --------------------
    &gt; gcc -Wall -Werror -Wstrict-prototypes -ggdb -fomit-frame-pointer -Os -DSendmail=\""/usr/sbin/sendmail -t"\" -DCONFFILE=\"/tmp/mdadm.conf\" -DCONFFILE2=\"/etc/mdadm.conf\" -DDEBIAN  -c -o mdadm.o mdadm.c
    &gt; In file included from mdadm.c:33:
    &gt; mdadm.h:55:26: error: linux/kdev_t.h: No such file or directory
    &gt; mdadm.h:57:23: error: sys/mount.h: No such file or directory
    &gt; mdadm.h:58:23: error: asm/types.h: No such file or directory
    &gt; make[2]: *** [mdadm.o] Error 1
    &gt; make[2]: Leaving directory `/build/buildd/mdadm-2.5.6'
    -------------------- 2.6.2-1 --------------------
    &gt; gcc -Wall -Werror -Wstrict-prototypes -ggdb -fomit-frame-pointer -Os -DSendmail=\""/usr/sbin/sendmail -t"\" -DCONFFILE=\"/tmp/mdadm.conf\" -DCONFFILE2=\"/etc/mdadm.conf\" -DDEBIAN  -c -o mdadm.o mdadm.c
    &gt; In file included from mdadm.c:33:
    &gt; mdadm.h:55:26: error: linux/kdev_t.h: No such file or directory
    &gt; mdadm.h:57:23: error: sys/mount.h: No such file or directory
    &gt; mdadm.h:58:23: error: asm/types.h: No such file or directory
    &gt; make[2]: *** [mdadm.o] Error 1
    &gt; make[2]: Leaving directory `/build/buildd/mdadm-2.5.6'
    -------------------- 2.6.1-1 --------------------
    &gt; gcc -Wall -Werror -Wstrict-prototypes -ggdb -fomit-frame-pointer -Os -DSendmail=\""/usr/sbin/sendmail -t"\" -DCONFFILE=\"/tmp/mdadm.conf\" -DCONFFILE2=\"/etc/mdadm.conf\" -DDEBIAN  -c -o mdadm.o mdadm.c
    &gt; In file included from mdadm.c:33:
    &gt; mdadm.h:55:26: error: linux/kdev_t.h: No such file or directory
    &gt; mdadm.h:57:23: error: sys/mount.h: No such file or directory
    &gt; mdadm.h:58:23: error: asm/types.h: No such file or directory
    &gt; make[2]: *** [mdadm.o] Error 1
    &gt; make[2]: Leaving directory `/build/buildd/mdadm-2.5.6'
    -------------------- 2.5.6-9 --------------------
    &gt; gcc -Wall -Werror -Wstrict-prototypes -ggdb -fomit-frame-pointer -Os -DSendmail=\""/usr/sbin/sendmail -t"\" -DCONFFILE=\"/tmp/mdadm.conf\" -DCONFFILE2=\"/etc/mdadm.conf\" -DDEBIAN  -c -o mdadm.o mdadm.c
    &gt; In file included from mdadm.c:33:
    &gt; mdadm.h:55:26: error: linux/kdev_t.h: No such file or directory
    &gt; mdadm.h:57:23: error: sys/mount.h: No such file or directory
    &gt; mdadm.h:58:23: error: asm/types.h: No such file or directory
    &gt; make[2]: *** [mdadm.o] Error 1
    &gt; make[2]: Leaving directory `/build/buildd/mdadm-2.5.6'
    -------------------- 2.5.6-8 --------------------
    &gt; gcc -Wall -Werror -Wstrict-prototypes -ggdb -fomit-frame-pointer -Os -DSendmail=\""/usr/sbin/sendmail -t"\" -DCONFFILE=\"/tmp/mdadm.conf\" -DCONFFILE2=\"/etc/mdadm.conf\" -DDEBIAN  -c -o mdadm.o mdadm.c
    &gt; In file included from mdadm.c:33:
    &gt; mdadm.h:55:26: error: linux/kdev_t.h: No such file or directory
    &gt; mdadm.h:57:23: error: sys/mount.h: No such file or directory
    &gt; mdadm.h:58:23: error: asm/types.h: No such file or directory
    &gt; make[2]: *** [mdadm.o] Error 1
    &gt; make[2]: Leaving directory `/build/buildd/mdadm-2.5.6'
    -------------------- 2.5.6-7 --------------------
    &gt; gcc -Wall -Werror -Wstrict-prototypes -ggdb -fomit-frame-pointer -Os -DSendmail=\""/usr/sbin/sendmail -t"\" -DCONFFILE=\"/tmp/mdadm.conf\" -DCONFFILE2=\"/etc/mdadm.conf\" -DDEBIAN  -c -o mdadm.o mdadm.c
    &gt; In file included from mdadm.c:33:
    &gt; mdadm.h:55:26: error: linux/kdev_t.h: No such file or directory
    &gt; mdadm.h:57:23: error: sys/mount.h: No such file or directory
    &gt; mdadm.h:58:23: error: asm/types.h: No such file or directory
    [...]
    &gt; make[2]: *** [mdadm.o] Error 1
    &gt; make[2]: Leaving directory `/build/buildd/mdadm-2.5.6'
</span>
</li>
<li class="packageinfo"><a href="http://buildd.debian-ports.org/build.php?arch=hurd-i386&amp;pkg=mtd-utils&amp;ver=20090606-1">mtd-utils_20090606-1</a><span>
  Previous state was Building until 2009 Jun 06 16:54:02
  Previous failing reasons:
    -------------------- 20090511-1 --------------------
    &gt; gcc -I./include -O2 -Wall -g -c -o ftl_format.o ftl_format.c -g -Wp,-MD,./.ftl_format.c.dep
    &gt; ftl_format.c: In function 'format_partition':
    &gt; ftl_format.c:145: error: '_IOT_mtd_info_user' undeclared (first use in this function)
    &gt; ftl_format.c:145: error: (Each undeclared identifier is reported only once
    &gt; ftl_format.c:145: error: for each function it appears in.)
    &gt; ftl_format.c:205: error: '_IOT_erase_info_user' undeclared (first use in this function)
    -------------------- 20090217-1 --------------------
    &gt; gcc -I./include -O2 -Wall -g -c -o ftl_format.o ftl_format.c -g -Wp,-MD,./.ftl_format.c.dep
    &gt; ftl_format.c: In function 'format_partition':
    &gt; ftl_format.c:145: error: '_IOT_mtd_info_user' undeclared (first use in this function)
    &gt; ftl_format.c:145: error: (Each undeclared identifier is reported only once
    &gt; ftl_format.c:145: error: for each function it appears in.)
    &gt; ftl_format.c:205: error: '_IOT_erase_info_user' undeclared (first use in this function)
    -------------------- 20080508-1 --------------------
    &gt; gcc -I./include -O2 -Wall -g -c -o ftl_format.o ftl_format.c -g -Wp,-MD,./.ftl_format.c.dep
    &gt; ftl_format.c: In function 'format_partition':
    &gt; ftl_format.c:145: error: '_IOT_mtd_info_user' undeclared (first use in this function)
    &gt; ftl_format.c:145: error: (Each undeclared identifier is reported only once
    &gt; ftl_format.c:145: error: for each function it appears in.)
    &gt; ftl_format.c:205: error: '_IOT_erase_info_user' undeclared (first use in this function)
</span>
</li>
<li class="empty"><br /></li>
<li class="packageinfo"><a href="http://buildd.debian-ports.org/build.php?arch=hurd-i386&amp;pkg=nufw&amp;ver=2.2.21-4">nufw_2.2.21-4</a><span>
  Previous state was Building until 2009 Jul 26 23:38:05
</span>
</li>
<li class="empty"><br /></li>
<li class="packageinfo"><a href="http://buildd.debian-ports.org/build.php?arch=hurd-i386&amp;pkg=open-iscsi&amp;ver=2.0.870%7Erc3-0.5">open-iscsi_2.0.870~rc3-0.5</a><span>
  Previous state was Failed until 2009 Jun 05 23:01:56
  Previous failing reasons:
    -------------------- 2.0.870~rc3-0.4 --------------------
    &gt; cc -DDISCOVERY_FILE=\"/var/lib/open-iscsi/discovery\" -DNODE_FILE=\"/var/lib/open-iscsi/node\" -Wall -Wstrict-prototypes -I../include -DGNU    -c -o util.o util.c
    &gt; util.c:13:25: error: linux/types.h: No such file or directory
    &gt; util.c:14:26: error: linux/unistd.h: No such file or directory
    &gt; make[1]: *** [util.o] Error 1
    &gt; make[1]: Leaving directory `/build/buildd/open-iscsi-2.0.730/usr'
    -------------------- 2.0.870~rc3-0.3 --------------------
    &gt; cc -DDISCOVERY_FILE=\"/var/lib/open-iscsi/discovery\" -DNODE_FILE=\"/var/lib/open-iscsi/node\" -Wall -Wstrict-prototypes -I../include -DGNU    -c -o util.o util.c
    &gt; util.c:13:25: error: linux/types.h: No such file or directory
    &gt; util.c:14:26: error: linux/unistd.h: No such file or directory
    &gt; make[1]: *** [util.o] Error 1
    &gt; make[1]: Leaving directory `/build/buildd/open-iscsi-2.0.730/usr'
    -------------------- 2.0.870~rc3-0.2 --------------------
    &gt; cc -DDISCOVERY_FILE=\"/var/lib/open-iscsi/discovery\" -DNODE_FILE=\"/var/lib/open-iscsi/node\" -Wall -Wstrict-prototypes -I../include -DGNU    -c -o util.o util.c
    &gt; util.c:13:25: error: linux/types.h: No such file or directory
    &gt; util.c:14:26: error: linux/unistd.h: No such file or directory
    &gt; make[1]: *** [util.o] Error 1
    &gt; make[1]: Leaving directory `/build/buildd/open-iscsi-2.0.730/usr'
    -------------------- 2.0.870~rc3-0.1 --------------------
    &gt; cc -DDISCOVERY_FILE=\"/var/lib/open-iscsi/discovery\" -DNODE_FILE=\"/var/lib/open-iscsi/node\" -Wall -Wstrict-prototypes -I../include -DGNU    -c -o util.o util.c
    &gt; util.c:13:25: error: linux/types.h: No such file or directory
    &gt; util.c:14:26: error: linux/unistd.h: No such file or directory
    &gt; make[1]: *** [util.o] Error 1
    &gt; make[1]: Leaving directory `/build/buildd/open-iscsi-2.0.730/usr'
    -------------------- 2.0.869.2-2.1 --------------------
    &gt; cc -DDISCOVERY_FILE=\"/var/lib/open-iscsi/discovery\" -DNODE_FILE=\"/var/lib/open-iscsi/node\" -Wall -Wstrict-prototypes -I../include -DGNU    -c -o util.o util.c
    &gt; util.c:13:25: error: linux/types.h: No such file or directory
    &gt; util.c:14:26: error: linux/unistd.h: No such file or directory
    &gt; make[1]: *** [util.o] Error 1
    &gt; make[1]: Leaving directory `/build/buildd/open-iscsi-2.0.730/usr'
    -------------------- 2.0.869.2-2 --------------------
    &gt; cc -DDISCOVERY_FILE=\"/var/lib/open-iscsi/discovery\" -DNODE_FILE=\"/var/lib/open-iscsi/node\" -Wall -Wstrict-prototypes -I../include -DGNU    -c -o util.o util.c
    &gt; util.c:13:25: error: linux/types.h: No such file or directory
    &gt; util.c:14:26: error: linux/unistd.h: No such file or directory
    &gt; make[1]: *** [util.o] Error 1
    &gt; make[1]: Leaving directory `/build/buildd/open-iscsi-2.0.730/usr'
    -------------------- 2.0.865-1 --------------------
    &gt; cc -DDISCOVERY_FILE=\"/var/lib/open-iscsi/discovery\" -DNODE_FILE=\"/var/lib/open-iscsi/node\" -Wall -Wstrict-prototypes -I../include -DGNU    -c -o util.o util.c
    &gt; util.c:13:25: error: linux/types.h: No such file or directory
    &gt; util.c:14:26: error: linux/unistd.h: No such file or directory
    &gt; make[1]: *** [util.o] Error 1
    &gt; make[1]: Leaving directory `/build/buildd/open-iscsi-2.0.730/usr'
    -------------------- 2.0.730-1 --------------------
    &gt; cc -DDISCOVERY_FILE=\"/var/lib/open-iscsi/discovery\" -DNODE_FILE=\"/var/lib/open-iscsi/node\" -Wall -Wstrict-prototypes -I../include -DGNU    -c -o util.o util.c
    &gt; util.c:13:25: error: linux/types.h: No such file or directory
    &gt; util.c:14:26: error: linux/unistd.h: No such file or directory
    &gt; make[1]: *** [util.o] Error 1
    &gt; make[1]: Leaving directory `/build/buildd/open-iscsi-2.0.730/usr'
    -------------------- 1.0.485-3 --------------------
    -------------------- 1.0.485-3 --------------------
    -------------------- 1.0.485-3 --------------------
    -------------------- 1.0.485-3 --------------------
    -------------------- 1.0.485-3 --------------------
    -------------------- 1.0.485-3 --------------------
    -------------------- 1.0.485-3 --------------------
    -------------------- 1.0.485-3 --------------------
    -------------------- 1.0.485-3 --------------------
    -------------------- 1.0.485-3 --------------------
    -------------------- 1.0.485-3 --------------------
    -------------------- 1.0.485-3 --------------------
    -------------------- 1.0.485-3 --------------------
    &gt; cc -DDISCOVERY_FILE=\"/var/lib/open-iscsi/discovery\" -DNODE_FILE=\"/var/lib/open-iscsi/node\" -Wall -Wstrict-prototypes -I../include -DGNU    -c -o io.o io.c
    &gt; In file included from io.c:38:
    &gt; log.h:62: error: field 'semarg' has incomplete type
    &gt; make[1]: *** [io.o] Error 1
    &gt; make[1]: Leaving directory `/build/buildd/open-iscsi-1.0.485/usr'
</span>
</li>
<li class="empty"><br /></li>
<li class="packageinfo"><a href="http://buildd.debian-ports.org/build.php?arch=hurd-i386&amp;pkg=reiserfsprogs&amp;ver=1%3A3.6.21-1">reiserfsprogs_1:3.6.21-1</a><span>
  Previous state was Failed until 2009 Jun 05 23:02:49
  Previous failing reasons:
    -------------------- 1:3.6.21-1 --------------------
    &gt; if i486-gnu-gcc -DHAVE_CONFIG_H -I. -I. -I../include     -Wall -g -O2 -fPIC -DPIC -MT io.o -MD -MP -MF ".deps/io.Tpo" \
    &gt; 	  -c -o io.o `test -f 'io.c' || echo './'`io.c; \
    &gt; 	then mv -f ".deps/io.Tpo" ".deps/io.Po"; \
    &gt; 	else rm -f ".deps/io.Tpo"; exit 1; \
    &gt; 	fi
    &gt; In file included from ../include/io.h:18,
    &gt;                  from io.c:6:
    &gt; ../include/misc.h:22:25: error: linux/major.h: No such file or directory
    &gt; In file included from ../include/misc.h:30,
    &gt;                  from ../include/io.h:18,
    &gt;                  from io.c:6:
    &gt; ../include/swab.h:10:23: error: asm/types.h: No such file or directory
    &gt; make[2]: *** [io.o] Error 1
    &gt; make[2]: Leaving directory `/build/buildd/reiserfsprogs-3.6.19/lib'
    -------------------- 1:3.6.19-6 --------------------
    &gt; if i486-gnu-gcc -DHAVE_CONFIG_H -I. -I. -I../include     -Wall -g -O2 -fPIC -DPIC -MT io.o -MD -MP -MF ".deps/io.Tpo" \
    &gt; 	  -c -o io.o `test -f 'io.c' || echo './'`io.c; \
    &gt; 	then mv -f ".deps/io.Tpo" ".deps/io.Po"; \
    &gt; 	else rm -f ".deps/io.Tpo"; exit 1; \
    &gt; 	fi
    &gt; In file included from ../include/io.h:18,
    &gt;                  from io.c:6:
    &gt; ../include/misc.h:22:25: error: linux/major.h: No such file or directory
    &gt; In file included from ../include/misc.h:30,
    &gt;                  from ../include/io.h:18,
    &gt;                  from io.c:6:
    &gt; ../include/swab.h:10:23: error: asm/types.h: No such file or directory
    &gt; make[2]: *** [io.o] Error 1
    &gt; make[2]: Leaving directory `/build/buildd/reiserfsprogs-3.6.19/lib'
    -------------------- 1:3.6.19-5 --------------------
    &gt; if i486-gnu-gcc -DHAVE_CONFIG_H -I. -I. -I../include     -Wall -g -O2 -fPIC -DPIC -MT io.o -MD -MP -MF ".deps/io.Tpo" \
    &gt; 	  -c -o io.o `test -f 'io.c' || echo './'`io.c; \
    &gt; 	then mv -f ".deps/io.Tpo" ".deps/io.Po"; \
    &gt; 	else rm -f ".deps/io.Tpo"; exit 1; \
    &gt; 	fi
    &gt; In file included from ../include/io.h:18,
    &gt;                  from io.c:6:
    &gt; ../include/misc.h:22:25: error: linux/major.h: No such file or directory
    &gt; In file included from ../include/misc.h:30,
    &gt;                  from ../include/io.h:18,
    &gt;                  from io.c:6:
    &gt; ../include/swab.h:10:23: error: asm/types.h: No such file or directory
    &gt; make[2]: *** [io.o] Error 1
    &gt; make[2]: Leaving directory `/build/buildd/reiserfsprogs-3.6.19/lib'
    -------------------- 1:3.6.19-4 --------------------
    &gt; if i486-gnu-gcc -DHAVE_CONFIG_H -I. -I. -I../include     -Wall -g -O2 -fPIC -DPIC -MT io.o -MD -MP -MF ".deps/io.Tpo" \
    &gt; 	  -c -o io.o `test -f 'io.c' || echo './'`io.c; \
    &gt; 	then mv -f ".deps/io.Tpo" ".deps/io.Po"; \
    &gt; 	else rm -f ".deps/io.Tpo"; exit 1; \
    &gt; 	fi
    &gt; In file included from ../include/io.h:18,
    &gt;                  from io.c:6:
    &gt; ../include/misc.h:22:25: error: linux/major.h: No such file or directory
    &gt; In file included from ../include/misc.h:30,
    &gt;                  from ../include/io.h:18,
    &gt;                  from io.c:6:
    &gt; ../include/swab.h:10:23: error: asm/types.h: No such file or directory
    &gt; make[2]: *** [io.o] Error 1
    &gt; make[2]: Leaving directory `/build/buildd/reiserfsprogs-3.6.19/lib'
</span>
</li>
<li class="packageinfo"><a href="http://buildd.debian-ports.org/build.php?arch=hurd-i386&amp;pkg=ruby-v4l&amp;ver=0.1.2-4">ruby-v4l_0.1.2-4</a><span>
  Previous state was Failed until 2009 Jun 05 23:07:04
  Previous failing reasons:
    -------------------- 0.1.2-4 --------------------
    &gt; checking for linux/videodev.h... no
    &gt; *** extconf.rb failed ***
    &gt; Could not create Makefile due to some reason, probably lack of
    &gt; necessary libraries and/or headers.  Check the mkmf.log file for more
    &gt; details.  You may need configuration options.
    -------------------- 0.1.2-3 --------------------
    -------------------- 0.1.2-3 --------------------
    -------------------- 0.1.2-3 --------------------
    -------------------- 0.1.2-3 --------------------
    -------------------- 0.1.2-3 --------------------
    -------------------- 0.1.2-3 --------------------
    -------------------- 0.1.2-3 --------------------
    -------------------- 0.1.2-3 --------------------
    -------------------- 0.1.2-3 --------------------
    -------------------- 0.1.2-3 --------------------
    -------------------- 0.1.2-3 --------------------
    -------------------- 0.1.2-3 --------------------
    -------------------- 0.1.2-3 --------------------
    -------------------- 0.1.2-3 --------------------
    -------------------- 0.1.2-3 --------------------
    -------------------- 0.1.2-3 --------------------
    -------------------- 0.1.2-3 --------------------
    -------------------- 0.1.2-3 --------------------
    -------------------- 0.1.2-3 --------------------
    -------------------- 0.1.2-3 --------------------
    -------------------- 0.1.2-3 --------------------
    -------------------- 0.1.2-3 --------------------
    -------------------- 0.1.2-3 --------------------
    -------------------- 0.1.2-3 --------------------
    -------------------- 0.1.2-3 --------------------
    -------------------- 0.1.2-3 --------------------
    -------------------- 0.1.2-3 --------------------
    -------------------- 0.1.2-3 --------------------
    -------------------- 0.1.2-3 --------------------
    -------------------- 0.1.2-3 --------------------
    -------------------- 0.1.2-3 --------------------
    -------------------- 0.1.2-3 --------------------
    -------------------- 0.1.2-3 --------------------
    -------------------- 0.1.2-3 --------------------
    -------------------- 0.1.2-3 --------------------
    -------------------- 0.1.2-3 --------------------
    -------------------- 0.1.2-3 --------------------
    -------------------- 0.1.2-3 --------------------
    &gt; checking for linux/videodev.h... no
    &gt; *** extconf.rb failed ***
    &gt; Could not create Makefile due to some reason, probably lack of
    &gt; necessary libraries and/or headers.  Check the mkmf.log file for more
    &gt; details.  You may need configuration options.
</span>
</li>
<li class="empty"><br /></li>
<li class="packageinfo"><a href="http://buildd.debian-ports.org/build.php?arch=hurd-i386&amp;pkg=screader&amp;ver=1.8-5">screader_1.8-5</a><span>
  Previous state was Failed until 2009 Jun 05 23:03:46
  Previous failing reasons:
    -------------------- 1.8-5 --------------------
    &gt; gcc -c -I.    -O2 -D__SCREADER -Wall screader.c
    &gt; In file included from screader.c:34:
    &gt; tts.h:16:21: error: sys/vt.h: No such file or directory
    &gt; tts.h:17:23: error: linux/kd.h: No such file or directory
    &gt; make[1]: *** [screader.o] Error 1
    &gt; make[1]: Leaving directory `/build/buildd/screader-1.8'
</span>
</li>
<li class="packageinfo"><a href="http://buildd.debian-ports.org/build.php?arch=hurd-i386&amp;pkg=squashfs&amp;ver=1%3A4.0-2">squashfs_1:4.0-2</a><span>
  Previous state was Building until 2006 mai 30 00:37:04
</span>
</li>
<li class="packageinfo"><a href="http://buildd.debian-ports.org/build.php?arch=hurd-i386&amp;pkg=sshfs-fuse&amp;ver=2.2-1">sshfs-fuse_2.2-1</a><span>
  Previous state was Building until 2009 Jul 26 23:37:16
</span>
</li>
<li class="packageinfo"><a href="http://buildd.debian-ports.org/build.php?arch=hurd-i386&amp;pkg=strace&amp;ver=4.5.18-1">strace_4.5.18-1</a><span>
  Previous state was Building until 2005 oct 11 18:38:37
</span>
</li>
<li class="empty"><br /></li>
<li class="packageinfo"><a href="http://buildd.debian-ports.org/build.php?arch=hurd-i386&amp;pkg=ulog-acctd&amp;ver=0.4.3-2.1">ulog-acctd_0.4.3-2.1</a><span>
  Previous state was Failed until 2009 Jun 05 23:04:51
  Previous failing reasons:
    -------------------- 0.4.3-2.1 --------------------
    &gt; gcc -o ulog-acctd -Wall -Wstrict-prototypes -O2 -g  main.o daemon.o process.o utils.o config.o capture.c
    &gt; capture.c:39:23: error: asm/types.h: No such file or directory
    &gt; capture.c:46:27: error: linux/netlink.h: No such file or directory
    &gt; capture.c:49:22: error: linux/if.h: No such file or directory
    &gt; capture.c:50:43: error: linux/netfilter_ipv4/ipt_ULOG.h: No such file or directory
    &gt; capture.c: In function 'init_capture':
    &gt; capture.c:58: error: storage size of 'local_addr' isn't known
    &gt; capture.c:61: error: 'PF_NETLINK' undeclared (first use in this function)
    &gt; capture.c:61: error: 'NETLINK_NFLOG' undeclared (first use in this function)
    &gt; capture.c:79: error: 'AF_NETLINK' undeclared (first use in this function)
    &gt; capture.c:84: error: invalid application of 'sizeof' to incomplete type 'struct sockaddr_nl'
    &gt; capture.c: In function 'packet_loop':
    &gt; capture.c:99: error: storage size of 'saddr' isn't known
    &gt; capture.c:111: error: 'ULOG_MAX_QLEN' undeclared (first use in this function)
    &gt; capture.c:111: error: invalid operands to binary -
    &gt; capture.c:111: error: invalid application of 'sizeof' to incomplete type 'struct ulog_packet_msg'
    &gt; capture.c:124: error: invalid operands to binary -
    &gt; capture.c:124: error: invalid application of 'sizeof' to incomplete type 'struct ulog_packet_msg'
    &gt; capture.c:231: error: invalid application of 'sizeof' to incomplete type 'struct sockaddr_nl'
    &gt; capture.c:234: error: invalid operands to binary -
    &gt; capture.c:234: error: invalid application of 'sizeof' to incomplete type 'struct ulog_packet_msg'
    &gt; capture.c:291: error: 'NLMSG_DONE' undeclared (first use in this function)
    &gt; capture.c:292: error: 'NLM_F_MULTI' undeclared (first use in this function)
    &gt; make[1]: *** [ulog-acctd] Error 1
    &gt; make[1]: Leaving directory `/build/buildd/ulog-acctd-0.4.3/src'
    -------------------- 0.4.3-2 --------------------
    -------------------- 0.4.3-2 --------------------
    -------------------- 0.4.3-2 --------------------
    -------------------- 0.4.3-2 --------------------
    -------------------- 0.4.3-2 --------------------
    -------------------- 0.4.3-2 --------------------
    -------------------- 0.4.3-2 --------------------
    -------------------- 0.4.3-2 --------------------
    -------------------- 0.4.3-2 --------------------
    -------------------- 0.4.3-2 --------------------
    -------------------- 0.4.3-2 --------------------
    -------------------- 0.4.3-2 --------------------
    -------------------- 0.4.3-2 --------------------
    -------------------- 0.4.3-2 --------------------
    -------------------- 0.4.3-2 --------------------
    -------------------- 0.4.3-2 --------------------
    -------------------- 0.4.3-2 --------------------
    -------------------- 0.4.3-2 --------------------
    -------------------- 0.4.3-2 --------------------
    -------------------- 0.4.3-2 --------------------
    -------------------- 0.4.3-2 --------------------
    -------------------- 0.4.3-2 --------------------
    -------------------- 0.4.3-2 --------------------
    -------------------- 0.4.3-2 --------------------
    -------------------- 0.4.3-2 --------------------
    -------------------- 0.4.3-2 --------------------
    -------------------- 0.4.3-2 --------------------
    -------------------- 0.4.3-2 --------------------
    -------------------- 0.4.3-2 --------------------
    -------------------- 0.4.3-2 --------------------
    -------------------- 0.4.3-2 --------------------
    -------------------- 0.4.3-2 --------------------
    -------------------- 0.4.3-2 --------------------
    -------------------- 0.4.3-2 --------------------
    -------------------- 0.4.3-2 --------------------
    -------------------- 0.4.3-2 --------------------
    -------------------- 0.4.3-2 --------------------
    -------------------- 0.4.3-2 --------------------
    &gt; gcc -o ulog-acctd -Wall -Wstrict-prototypes -O2 -g  main.o daemon.o process.o utils.o config.o capture.c
    &gt; capture.c:39:23: error: asm/types.h: No such file or directory
    &gt; capture.c:46:27: error: linux/netlink.h: No such file or directory
    &gt; capture.c:49:22: error: linux/if.h: No such file or directory
    &gt; capture.c:50:43: error: linux/netfilter_ipv4/ipt_ULOG.h: No such file or directory
    &gt; capture.c: In function 'init_capture':
    &gt; capture.c:58: error: storage size of 'local_addr' isn't known
    &gt; capture.c:61: error: 'PF_NETLINK' undeclared (first use in this function)
    &gt; capture.c:61: error: 'NETLINK_NFLOG' undeclared (first use in this function)
    &gt; capture.c:79: error: 'AF_NETLINK' undeclared (first use in this function)
    &gt; capture.c:84: error: invalid application of 'sizeof' to incomplete type 'struct sockaddr_nl'
    &gt; capture.c: In function 'packet_loop':
    &gt; capture.c:99: error: storage size of 'saddr' isn't known
    &gt; capture.c:111: error: 'ULOG_MAX_QLEN' undeclared (first use in this function)
    &gt; capture.c:111: error: invalid operands to binary -
    &gt; capture.c:111: error: invalid application of 'sizeof' to incomplete type 'struct ulog_packet_msg'
    &gt; capture.c:124: error: invalid operands to binary -
    &gt; capture.c:124: error: invalid application of 'sizeof' to incomplete type 'struct ulog_packet_msg'
    &gt; capture.c:231: error: invalid application of 'sizeof' to incomplete type 'struct sockaddr_nl'
    &gt; capture.c:234: error: invalid operands to binary -
    &gt; capture.c:234: error: invalid application of 'sizeof' to incomplete type 'struct ulog_packet_msg'
    &gt; capture.c:291: error: 'NLMSG_DONE' undeclared (first use in this function)
    &gt; capture.c:292: error: 'NLM_F_MULTI' undeclared (first use in this function)
    &gt; make[1]: *** [ulog-acctd] Error 1
    &gt; make[1]: Leaving directory `/build/buildd/ulog-acctd-0.4.3/src'
</span>
</li>
<li class="packageinfo"><a href="http://buildd.debian-ports.org/build.php?arch=hurd-i386&amp;pkg=uml-utilities&amp;ver=20070815-1.1">uml-utilities_20070815-1.1</a><span>
  Previous state was Building until 2009 Jul 26 23:41:00
</span>
</li>
<li class="empty"><br /></li>
<li class="packageinfo"><a href="http://buildd.debian-ports.org/build.php?arch=hurd-i386&amp;pkg=vlan&amp;ver=1.9-3">vlan_1.9-3</a><span>
  Previous state was Failed until 2009 Jun 05 23:05:21
  Previous failing reasons:
    -------------------- 1.9-3 --------------------
    &gt; gcc        -g -D_GNU_SOURCE -Wall -Iinclude-2.4 -c vconfig.c
    &gt; vconfig.c:29:27: error: linux/if_vlan.h: No such file or directory
    &gt; vconfig.c:30:27: error: linux/sockios.h: No such file or directory
    &gt; vconfig.c: In function 'main':
    &gt; vconfig.c:98: error: storage size of 'if_request' isn't known
    &gt; vconfig.c:105: error: 'VLAN_NAME_TYPE_PLUS_VID' undeclared (first use in this function)
    &gt; vconfig.c:109: error: invalid application of 'sizeof' to incomplete type 'struct vlan_ioctl_args'
    &gt; vconfig.c:125: error: 'VLAN_NAME_TYPE_PLUS_VID_NO_PAD' undeclared (first use in this function)
    &gt; vconfig.c:128: error: 'VLAN_NAME_TYPE_RAW_PLUS_VID' undeclared (first use in this function)
    &gt; vconfig.c:131: error: 'VLAN_NAME_TYPE_RAW_PLUS_VID_NO_PAD' undeclared (first use in this function)
    &gt; vconfig.c:187: error: 'ADD_VLAN_CMD' undeclared (first use in this function)
    &gt; vconfig.c:188: error: 'SIOCSIFVLAN' undeclared (first use in this function)
    &gt; vconfig.c:201: error: 'DEL_VLAN_CMD' undeclared (first use in this function)
    &gt; vconfig.c:211: error: 'SET_VLAN_EGRESS_PRIORITY_CMD' undeclared (first use in this function)
    &gt; vconfig.c:223: error: 'SET_VLAN_INGRESS_PRIORITY_CMD' undeclared (first use in this function)
    &gt; vconfig.c:235: error: 'SET_VLAN_FLAG_CMD' undeclared (first use in this function)
    &gt; vconfig.c:247: error: 'SET_VLAN_NAME_TYPE_CMD' undeclared (first use in this function)
    &gt; make[1]: *** [vconfig.o] Error 1
    &gt; make[1]: Leaving directory `/build/buildd/vlan-1.9'
    -------------------- 1.9-2 --------------------
    &gt; gcc        -g -D_GNU_SOURCE -Wall -Iinclude-2.4 -c vconfig.c
    &gt; vconfig.c:29:27: error: linux/if_vlan.h: No such file or directory
    &gt; vconfig.c:30:27: error: linux/sockios.h: No such file or directory
    &gt; vconfig.c: In function 'main':
    &gt; vconfig.c:98: error: storage size of 'if_request' isn't known
    &gt; vconfig.c:105: error: 'VLAN_NAME_TYPE_PLUS_VID' undeclared (first use in this function)
    &gt; vconfig.c:109: error: invalid application of 'sizeof' to incomplete type 'struct vlan_ioctl_args'
    &gt; vconfig.c:125: error: 'VLAN_NAME_TYPE_PLUS_VID_NO_PAD' undeclared (first use in this function)
    &gt; vconfig.c:128: error: 'VLAN_NAME_TYPE_RAW_PLUS_VID' undeclared (first use in this function)
    &gt; vconfig.c:131: error: 'VLAN_NAME_TYPE_RAW_PLUS_VID_NO_PAD' undeclared (first use in this function)
    &gt; vconfig.c:187: error: 'ADD_VLAN_CMD' undeclared (first use in this function)
    &gt; vconfig.c:188: error: 'SIOCSIFVLAN' undeclared (first use in this function)
    &gt; vconfig.c:201: error: 'DEL_VLAN_CMD' undeclared (first use in this function)
    &gt; vconfig.c:211: error: 'SET_VLAN_EGRESS_PRIORITY_CMD' undeclared (first use in this function)
    &gt; vconfig.c:223: error: 'SET_VLAN_INGRESS_PRIORITY_CMD' undeclared (first use in this function)
    &gt; vconfig.c:235: error: 'SET_VLAN_FLAG_CMD' undeclared (first use in this function)
    &gt; vconfig.c:247: error: 'SET_VLAN_NAME_TYPE_CMD' undeclared (first use in this function)
    &gt; make[1]: *** [vconfig.o] Error 1
    &gt; make[1]: Leaving directory `/build/buildd/vlan-1.9'
</span>
</li>
<li class="empty"><br /></li>
<li class="packageinfo"><a href="http://buildd.debian-ports.org/build.php?arch=hurd-i386&amp;pkg=wireless-tools&amp;ver=29-2">wireless-tools_29-2</a><span>
  Previous state was Building until 2009 Jul 26 23:40:06
</span>
</li>
<li class="empty"><br /></li>
<li class="packageinfo"><a href="http://buildd.debian-ports.org/build.php?arch=hurd-i386&amp;pkg=xserver-xorg-input-evdev&amp;ver=1%3A2.2.5-1">xserver-xorg-input-evdev_1:2.2.5-1</a><span>
  Previous state was Building until 2009 Jul 26 23:39:02
</span>
</li>
<li class="empty"><br /></li>
<li class="packageinfo"><a href="http://buildd.debian-ports.org/build.php?arch=hurd-i386&amp;pkg=z8530-utils2&amp;ver=3.0-1-6">z8530-utils2_3.0-1-6</a><span>
  Previous state was Failed until 2009 Jun 05 23:06:25
  Previous failing reasons:
    -------------------- 3.0-1-6 --------------------
    &gt; gcc -O2 -Wall -g -Wstrict-prototypes  sccparam.c -o sccparam
    &gt; sccparam.c:43:23: error: linux/scc.h: No such file or directory
    -------------------- 3.0-1-4 --------------------
    &gt; gcc -O2 -Wall -g -Wstrict-prototypes  sccparam.c -o sccparam
    &gt; sccparam.c:43:23: error: linux/scc.h: No such file or directory
    &gt; sccparam.c:45:23: error: linux/tty.h: No such file or directory
    &gt; sccparam.c:47:25: error: linux/errno.h: No such file or directory
    &gt; sccparam.c:64: error: 'PARAM_FULLDUP' undeclared here (not in a function)
    &gt; sccparam.c:65: error: 'PARAM_GROUP' undeclared here (not in a function)
    [...]
    &gt; make[1]: *** [sccparam] Error 1
    &gt; make[1]: Leaving directory `/build/buildd/z8530-utils2-3.0-1'
    -------------------- 3.0-1-3 --------------------
    &gt; gcc -O2 -Wall -g -Wstrict-prototypes  sccparam.c -o sccparam
    &gt; sccparam.c:43:23: error: linux/scc.h: No such file or directory
    &gt; sccparam.c:45:23: error: linux/tty.h: No such file or directory
    &gt; sccparam.c:47:25: error: linux/errno.h: No such file or directory
    &gt; sccparam.c:64: error: 'PARAM_FULLDUP' undeclared here (not in a function)
    &gt; sccparam.c:65: error: 'PARAM_GROUP' undeclared here (not in a function)
    [...]
    &gt; make[1]: *** [sccparam] Error 1
    &gt; make[1]: Leaving directory `/build/buildd/z8530-utils2-3.0-1'
</span>
</li>

   </ul>
 </body>
</html>
