<?xml version="1.0" encoding="iso-8859-1"?>
<!DOCTYPE html PUBLIC "-//W3C//DTD XHTML 1.0 Strict//EN" "http://www.w3.org/TR/xhtml1/DTD/xhtml1-strict.dtd">
<html xmlns="http://www.w3.org/1999/xhtml">
 <head>
  <title>input/hurd-i386-all.txt Failed-Removed -- 2009-10-02 19:42:07</title>
  <link rel="stylesheet" href="http://buildd.net/builddnet.css" type="text/css" />
 </head>
 <body>
  <h1>Failed-Removed -- 82 -- 2009-10-02 19:42:07 input/hurd-i386-all.txt</h1>
   <hr />
   <ul>
<li class="packageinfo"><a href="http://buildd.debian-ports.org/build.php?arch=hurd-i386&amp;pkg=acpidump&amp;ver=20071116-1">acpidump_20071116-1</a>  [buildd_hurd-i386-beethoven]<span>
  Previous state was Failed until 2009 Jul 26 11:10:31
  Previous failing reasons:
    -------------------- 20071116-1 --------------------
    &gt; : hurd-i386 not in arch list: i386 ia64 amd64 -- skipping
    -------------------- 20061130-1 --------------------
    &gt; : hurd-i386 not in arch list: i386 ia64 amd64 -- skipping
    -------------------- 20060606-1 --------------------
    -------------------- 20060606-1 --------------------
    -------------------- 20060606-1 --------------------
    -------------------- 20060606-1 --------------------
    -------------------- 20060606-1 --------------------
    -------------------- 20060606-1 --------------------
    -------------------- 20060606-1 --------------------
    -------------------- 20060606-1 --------------------
    &gt; : hurd-i386 not in arch list: i386 ia64 amd64 -- skipping
    -------------------- 20051111-1 --------------------
    -------------------- 20051111-1 --------------------
    -------------------- 20051111-1 --------------------
    -------------------- 20051111-1 --------------------
    -------------------- 20051111-1 --------------------
    -------------------- 20051111-1 --------------------
    &gt; : hurd-i386 not in arch list: i386 ia64 amd64 -- skipping
</span>
</li>
<li class="packageinfo"><a href="http://buildd.debian-ports.org/build.php?arch=hurd-i386&amp;pkg=acpitail&amp;ver=0.1-2">acpitail_0.1-2</a>  [buildd_hurd-i386-rossini]<span>
  Previous state was Failed until 2009 Jul 26 11:10:31
  Previous failing reasons:
    -------------------- 0.1-2 --------------------
    &gt; : hurd-i386 not in arch list: i386 amd64 ia64 -- skipping
    -------------------- 0.1-1 --------------------
    &gt; : hurd-i386 not in arch list: i386 amd64 ia64 -- skipping
</span>
</li>
<li class="packageinfo"><a href="http://buildd.debian-ports.org/build.php?arch=hurd-i386&amp;pkg=alsa-lib&amp;ver=1.0.20-3">alsa-lib_1.0.20-3</a>  [buildd_hurd-i386-rossini]<span>
  Previous state was Failed until 2009 Aug 16 01:40:26
  Previous failing reasons:
    -------------------- 1.0.20-3 --------------------
    &gt; : hurd-i386 not in arch list: alpha amd64 arm armeb armel avr32 hppa i386 ia64 lpia m32r m68k mips mipsel powerpc ppc64 s390 s390x sh3 sh3eb sh4 sh4eb sparc all -- skipping
</span>
</li>
<li class="packageinfo"><a href="http://buildd.debian-ports.org/build.php?arch=hurd-i386&amp;pkg=autofs&amp;ver=4.1.4%2Bdebian-2.1">autofs_4.1.4+debian-2.1</a>  [buildd_hurd-i386-beethoven]<span>
  Previous state was Failed until 2009 Aug 16 01:40:26
  Previous failing reasons:
    -------------------- 4.1.4+debian-2.1 --------------------
    &gt; gcc -Wall -g -DLDAP_DEPRECATED -O2 -I../include -fPIC -D_GNU_SOURCE -DHAVE_TCP_WRAPPER -DNFS3_SUPPORTED -o listmount.o -c listmount.c
    &gt; : listmount.o
    &gt; gcc -Wall -g -DLDAP_DEPRECATED -O2 -I../include -fPIC -D_GNU_SOURCE -DHAVE_TCP_WRAPPER -DNFS3_SUPPORTED -c cat_path.c
    &gt; cat_path.c: In function 'ncat_path':
    &gt; cat_path.c:82: error: 'PATH_MAX' undeclared (first use in this function)
    &gt; make[2]: *** [cat_path.o] Error 1
    &gt; make[2]: Leaving directory `/build/buildd/autofs-4.1.4+debian/lib'
    -------------------- 4.1.4+debian-2 --------------------
    &gt; gcc -Wall -g -O2 -I../include -fPIC -D_GNU_SOURCE -DHAVE_TCP_WRAPPER -DNFS3_SUPPORTED -c cat_path.c
    &gt; cat_path.c: In function 'ncat_path':
    &gt; cat_path.c:82: error: 'PATH_MAX' undeclared (first use in this function)
    &gt; make[2]: *** [cat_path.o] Error 1
    &gt; make[2]: Leaving directory `/build/buildd/autofs-4.1.4+debian/lib'
    -------------------- 4.1.4+debian-1 --------------------
    &gt; gcc -Wall -g -O2 -I../include -fPIC -D_GNU_SOURCE -DHAVE_TCP_WRAPPER -DNFS3_SUPPORTED -c cat_path.c
    &gt; cat_path.c: In function 'ncat_path':
    &gt; cat_path.c:82: error: 'PATH_MAX' undeclared (first use in this function)
    &gt; make[2]: *** [cat_path.o] Error 1
    &gt; make[2]: Leaving directory `/build/buildd/autofs-4.1.4+debian/lib'
</span>
</li>
<li class="packageinfo"><a href="http://buildd.debian-ports.org/build.php?arch=hurd-i386&amp;pkg=autorun4linuxcd&amp;ver=0.13">autorun4linuxcd_0.13</a>  [buildd_hurd-i386-mozart]<span>
  Previous state was Failed until 2009 Jul 26 11:10:31
  Previous failing reasons:
    -------------------- 0.13 --------------------
    &gt; : hurd-i386 not in arch list: amd64 i386 -- skipping
</span>
</li>
<li class="packageinfo"><a href="http://buildd.debian-ports.org/build.php?arch=hurd-i386&amp;pkg=avifile&amp;ver=1%3A0.7.47.20070718-1.2">avifile_1:0.7.47.20070718-1.2</a>  [buildd_hurd-i386-beethoven]<span>
  Previous state was Failed until 2009 Jul 26 11:10:31
  Previous failing reasons:
    -------------------- 1:0.7.47.20070718-1.2 --------------------
    &gt; i486-gnu-g++ -O2 -mtune=i386 -march=i386 -ffast-math -fomit-frame-pointer -pipe -o .libs/aviplay actioncfg.o main.o playercontrol.o decoder_config.o configdialog.o configdialog_impl.o  ../libavqt/.libs/libqavm.so /build/buildd/avifile-0.7.47.20070718/lib/.libs/libaviplay.so -L/usr/X11R6/lib /usr/lib/libqt-mt.so -laudio -lXt /usr/lib/libjpeg.so -lpng -lXrender -lXrandr -lXcursor /usr/lib/libfreetype.so -lm ../lib/.libs/libaviplay.so /build/buildd/avifile-0.7.47.20070718/ffmpeg/libavformat/.libs/libaviplayavformat.so -lz /build/buildd/avifile-0.7.47.20070718/ffmpeg/libavcodec/.libs/libaviplayavcodec.so /usr/lib/liba52.so -ldts /build/buildd/avifile-0.7.47.20070718/ffmpeg/libswscale/.libs/libaviplayswscale.so /build/buildd/avifile-0.7.47.20070718/ffmpeg/libavutil/.libs/libaviplayavutil.so /usr/lib/libSDL.so -lSM -lICE -lXinerama -lXi -lXext -lX11 -lXft -lfontconfig -lpthread -ldl -lnsl
    &gt; /build/buildd/avifile-0.7.47.20070718/ffmpeg/libavformat/.libs/libaviplayavformat.so: undefined reference to `video_grab_v4l_demuxer'
    &gt; /build/buildd/avifile-0.7.47.20070718/ffmpeg/libavformat/.libs/libaviplayavformat.so: undefined reference to `v4l2_demuxer'
    &gt; collect2: ld returned 1 exit status
    &gt; make[2]: *** [aviplay] Error 1
    &gt; make[2]: Leaving directory `/build/buildd/avifile-0.7.47.20070718/player'
</span>
</li>
<li class="empty"><br /></li>
<li class="packageinfo"><a href="http://buildd.debian-ports.org/build.php?arch=hurd-i386&amp;pkg=cciss-vol-status&amp;ver=1.03-1">cciss-vol-status_1.03-1</a>  [buildd_hurd-i386-beethoven]<span>
  Reasons for BD-Uninstallable:
    bluez-hcidump (= 1.42-1) build-depends on libbluetooth-dev (&gt;= 3.14) {NOT AVAILABLE}
  Previous state was Dep-Wait until 2009 Aug 30 22:21:25
  Reasons for failing:
    [Category: none]
  Previous state was Failed until 2009 Jul 26 11:10:31
  Previous failing reasons:
    -------------------- 1.03-1 --------------------
    &gt; : hurd-i386 not in arch list: amd64 i386 -- skipping
</span>
</li>
<li class="packageinfo"><a href="http://buildd.debian-ports.org/build.php?arch=hurd-i386&amp;pkg=cobalt-panel-utils&amp;ver=1.0.2-3">cobalt-panel-utils_1.0.2-3</a>  [None]<span>
  Previous state was Failed until 2009 Jul 26 11:10:31
  Previous failing reasons:
    -------------------- 1.0.2-3 --------------------
    -------------------- 1.0.2-3 --------------------
    -------------------- 1.0.2-3 --------------------
    -------------------- 1.0.2-3 --------------------
    -------------------- 1.0.2-3 --------------------
    Was Not-For-Us previously
</span>
</li>
<li class="empty"><br /></li>
<li class="packageinfo"><a href="http://buildd.debian-ports.org/build.php?arch=hurd-i386&amp;pkg=debian-edu-artwork&amp;ver=0.0.30-2">debian-edu-artwork_0.0.30-2</a>  [buildd_hurd-i386-mozart]<span>
  Previous state was Failed until 2009 Jul 26 11:10:31
  Previous failing reasons:
    -------------------- 0.0.30-2 --------------------
    &gt; : hurd-i386 not in arch list: all i386 amd64 powerpc sparc -- skipping
</span>
</li>
<li class="packageinfo"><a href="http://buildd.debian-ports.org/build.php?arch=hurd-i386&amp;pkg=dfsbuild&amp;ver=1.0.2.0">dfsbuild_1.0.2.0</a>  [buildd_hurd-i386-rossini]<span>
  Previous state was Failed until 2009 Jul 26 11:10:31
  Previous failing reasons:
    -------------------- 1.0.2.0 --------------------
    &gt; : hurd-i386 not in arch list: i386 alpha powerpc amd64 -- skipping
    -------------------- 1.0.1 --------------------
    &gt; : hurd-i386 not in arch list: i386 alpha powerpc amd64 -- skipping
    &gt; : hurd-i386 not in arch list: i386 alpha powerpc amd64 -- skipping
    -------------------- 1.0.0 --------------------
    &gt; : hurd-i386 not in arch list: i386 alpha powerpc amd64 -- skipping
    &gt; : hurd-i386 not in arch list: i386 alpha powerpc amd64 -- skipping
    -------------------- 0.99.4 --------------------
    &gt; : hurd-i386 not in arch list: i386 alpha powerpc amd64 -- skipping
    &gt; : hurd-i386 not in arch list: i386 alpha powerpc amd64 -- skipping
    -------------------- 0.99.2 --------------------
    -------------------- 0.99.1 --------------------
    -------------------- 0.99.1 --------------------
    -------------------- 0.99.1 --------------------
    -------------------- 0.99.1 --------------------
    -------------------- 0.99.1 --------------------
    -------------------- 0.99.1 --------------------
    -------------------- 0.99.1 --------------------
    -------------------- 0.99.1 --------------------
    -------------------- 0.99.1 --------------------
    -------------------- 0.99.1 --------------------
    -------------------- 0.99.1 --------------------
    -------------------- 0.99.1 --------------------
    -------------------- 0.99.1 --------------------
    &gt; : hurd-i386 not in arch list: i386 alpha powerpc amd64 -- skipping
    &gt; : hurd-i386 not in arch list: i386 alpha powerpc amd64 -- skipping
</span>
</li>
<li class="packageinfo"><a href="http://buildd.debian-ports.org/build.php?arch=hurd-i386&amp;pkg=digitools&amp;ver=1.03-1">digitools_1.03-1</a>  [buildd_hurd-i386-beethoven]<span>
  Previous state was Failed until 2009 Jul 26 11:10:31
  Previous failing reasons:
    -------------------- 1.03-1 --------------------
    &gt; : hurd-i386 not in arch list: i386 -- skipping
    -------------------- 1.0-1.1 --------------------
    &gt; : hurd-i386 not in arch list: i386 -- skipping
    -------------------- 1.0-1 --------------------
    &gt; : hurd-i386 not in arch list: i386 -- skipping
</span>
</li>
<li class="empty"><br /></li>
<li class="packageinfo"><a href="http://buildd.debian-ports.org/build.php?arch=hurd-i386&amp;pkg=e3&amp;ver=1%3A2.71-1">e3_1:2.71-1</a>  [buildd_hurd-i386-beethoven]<span>
  Previous state was Failed until 2009 Jul 26 11:10:31
  Previous failing reasons:
    -------------------- 1:2.71-1 --------------------
    &gt; : hurd-i386 not in arch list: i386 kfreebsd-i386 amd64 kfreebsd-amd64 -- skipping
</span>
</li>
<li class="packageinfo"><a href="http://buildd.debian-ports.org/build.php?arch=hurd-i386&amp;pkg=efibootmgr&amp;ver=0.5.4-2">efibootmgr_0.5.4-2</a>  [buildd_hurd-i386-beethoven]<span>
  Previous state was Failed until 2009 Jul 26 11:10:31
  Previous failing reasons:
    -------------------- 0.5.4-2 --------------------
    &gt; : hurd-i386 not in arch list: amd64 i386 ia64 -- skipping
    -------------------- 0.5.4-1 --------------------
    &gt; : hurd-i386 not in arch list: amd64 i386 ia64 -- skipping
</span>
</li>
<li class="empty"><br /></li>
<li class="packageinfo"><a href="http://buildd.debian-ports.org/build.php?arch=hurd-i386&amp;pkg=fnfx&amp;ver=0.3-14">fnfx_0.3-14</a>  [buildd_hurd-i386-rossini]<span>
  Reasons for BD-Uninstallable:
    fio (= 1.33.1-1) build-depends on libaio-dev {NOT AVAILABLE}
  Previous state was Needs-Build until 2009 Sep 10 11:30:46
  Reasons for failing:
    [Category: none]
  Previous state was Failed until 2009 Jul 26 11:10:31
  Previous failing reasons:
    -------------------- 0.3-14 --------------------
    &gt; fnfxd_cmds.c:56:29: error: linux/soundcard.h: No such file or directory
    -------------------- 0.3-13 --------------------
    &gt; fnfxd_cmds.c:56:29: error: linux/soundcard.h: No such file or directory
</span>
</li>
<li class="packageinfo"><a href="http://buildd.debian-ports.org/build.php?arch=hurd-i386&amp;pkg=fpc&amp;ver=2.2.4-3">fpc_2.2.4-3</a>  [buildd_hurd-i386-bach]<span>
  Previous state was Failed until 2009 Jul 26 11:10:31
  Previous failing reasons:
    -------------------- 2.2.4-3 --------------------
    &gt; : hurd-i386 not in arch list: all i386 powerpc sparc amd64 arm -- skipping
    -------------------- 2.2.4-2 --------------------
    &gt; : hurd-i386 not in arch list: all i386 powerpc sparc amd64 arm -- skipping
</span>
</li>
<li class="packageinfo"><a href="http://buildd.debian-ports.org/build.php?arch=hurd-i386&amp;pkg=framewave&amp;ver=1.3-5">framewave_1.3-5</a>  [buildd_hurd-i386-rossini]<span>
  Previous state was Failed until 2009 Jul 26 11:10:31
  Previous failing reasons:
    -------------------- 1.3-5 --------------------
    &gt; : hurd-i386 not in arch list: i386 amd64 -- skipping
    -------------------- 1.3-4 --------------------
    &gt; : hurd-i386 not in arch list: i386 amd64 -- skipping
    -------------------- 1.3-1 --------------------
    &gt; : hurd-i386 not in arch list: i386 amd64 -- skipping
    -------------------- 1.2-1 --------------------
    &gt; : hurd-i386 not in arch list: i386 amd64 -- skipping
    -------------------- 1.1-1 --------------------
    &gt; : hurd-i386 not in arch list: i386 amd64 -- skipping
    -------------------- 1.1~svn20080417-1 --------------------
    &gt; : hurd-i386 not in arch list: i386 amd64 -- skipping
</span>
</li>
<li class="empty"><br /></li>
<li class="packageinfo"><a href="http://buildd.debian-ports.org/build.php?arch=hurd-i386&amp;pkg=gatos&amp;ver=0.0.5-19">gatos_0.0.5-19</a>  [buildd_hurd-i386-bach]<span>
  Reasons for BD-Uninstallable:
    fso-usaged (= 0.9.1-1) build-depends on libfso-glib-dev (&gt;= 0.2.1) {NOT AVAILABLE}
  Previous state was Needs-Build until 2009 Sep 27 12:45:45
  Reasons for failing:
    [Category: none]
  Previous state was Failed until 2009 Jul 26 11:10:31
  Previous failing reasons:
    -------------------- 0.0.5-19 --------------------
    &gt; checking host system type... i386-unknown-gnu0.3
    &gt; configure: error: --- Wow it s only work under Linux
    -------------------- 0.0.5-18 --------------------
    &gt; checking host system type... i386-unknown-gnu0.3
    &gt; configure: error: --- Wow it s only work under Linux
</span>
</li>
<li class="packageinfo"><a href="http://buildd.debian-ports.org/build.php?arch=hurd-i386&amp;pkg=geordi&amp;ver=0%3A20080916T2006-2">geordi_0:20080916T2006-2</a>  [buildd_hurd-i386-rossini]<span>
  Previous state was Failed until 2009 Jul 26 11:10:31
  Previous failing reasons:
    -------------------- 0:20080916T2006-2 --------------------
    &gt; : hurd-i386 not in arch list: i386 amd64 -- skipping
    -------------------- 0:20080916T2006-1 --------------------
    &gt; : hurd-i386 not in arch list: i386 amd64 -- skipping
    -------------------- 0:20080803T2044-1 --------------------
    &gt; : hurd-i386 not in arch list: i386 amd64 -- skipping
    -------------------- 0:20080725T0146-1 --------------------
    &gt; : hurd-i386 not in arch list: i386 amd64 -- skipping
    -------------------- 0:20080711T2132-1 --------------------
    &gt; : hurd-i386 not in arch list: i386 amd64 -- skipping
    -------------------- 0:20080509T0027-1 --------------------
    &gt; : hurd-i386 not in arch list: i386 amd64 -- skipping
    -------------------- 0:20080416T2132-1 --------------------
    &gt; : hurd-i386 not in arch list: i386 amd64 -- skipping
</span>
</li>
<li class="packageinfo"><a href="http://buildd.debian-ports.org/build.php?arch=hurd-i386&amp;pkg=glide&amp;ver=2002.04.10ds1-3">glide_2002.04.10ds1-3</a>  [buildd_hurd-i386-bach]<span>
  Previous state was Failed until 2009 Jul 26 11:10:31
  Previous failing reasons:
    -------------------- 2002.04.10ds1-3 --------------------
    &gt; : hurd-i386 not in arch list: i386 alpha ia64 amd64 -- skipping
    -------------------- 2002.04.10ds1-2 --------------------
    &gt; : hurd-i386 not in arch list: i386 alpha ia64 amd64 -- skipping
    -------------------- 2002.04.10-18 --------------------
    &gt; : hurd-i386 not in arch list: i386 alpha ia64 amd64 -- skipping
    -------------------- 2002.04.10-16 --------------------
    &gt; : hurd-i386 not in arch list: i386 alpha ia64 amd64 -- skipping
</span>
</li>
<li class="packageinfo"><a href="http://buildd.debian-ports.org/build.php?arch=hurd-i386&amp;pkg=gmod&amp;ver=3.1-13">gmod_3.1-13</a>  [buildd_hurd-i386-beethoven]<span>
  Previous state was Failed until 2009 Jul 26 11:10:31
  Previous failing reasons:
    -------------------- 3.1-13 --------------------
    &gt; : hurd-i386 not in arch list: i386 -- skipping
</span>
</li>
<li class="packageinfo"><a href="http://buildd.debian-ports.org/build.php?arch=hurd-i386&amp;pkg=gnu-efi&amp;ver=3.0e-3">gnu-efi_3.0e-3</a>  [buildd_hurd-i386-bach]<span>
  Previous state was Failed until 2009 Jul 26 11:10:31
  Previous failing reasons:
    -------------------- 3.0e-3 --------------------
    &gt; : hurd-i386 not in arch list: i386 ia64 amd64 -- skipping
    -------------------- 3.0e-2 --------------------
    &gt; : hurd-i386 not in arch list: i386 ia64 amd64 -- skipping
    -------------------- 3.0e-1.1 --------------------
    &gt; : hurd-i386 not in arch list: i386 ia64 amd64 -- skipping
    -------------------- 3.0e-1 --------------------
    &gt; : hurd-i386 not in arch list: i386 ia64 amd64 -- skipping
</span>
</li>
<li class="packageinfo"><a href="http://buildd.debian-ports.org/build.php?arch=hurd-i386&amp;pkg=google-perftools&amp;ver=0.98-1">google-perftools_0.98-1</a>  [buildd_hurd-i386-bach]<span>
  Reasons for BD-Uninstallable:
    gearmand (= 0.10-1) build-depends on memcached {memcached (= 1.1.12-1)}
    memcached (= 1.1.12-1) depends on libevent1 (&gt;= 1.0b) {NOT AVAILABLE}
  Previous state was Needs-Build until 2009 Sep 30 17:00:46
  Reasons for failing:
    [Category: none]
  Previous state was Failed until 2009 Jul 26 11:10:31
  Previous failing reasons:
    -------------------- 0.98-1 --------------------
    &gt; src/base/logging.h:175: error: 'SYS_write' was not declared in this scope
    -------------------- 0.8-5.1 --------------------
    &gt;  g++ -DHAVE_CONFIG_H -I. -I. -I./src -I./src -pthread -DNDEBUG -g -O2 -g -Wall -O2 -c src/maybe_threads.cc  -fPIC -DPIC -o .libs/libtcmalloc_minimal_la-maybe_threads.o
    &gt; src/maybe_threads.cc: In function 'int perftools_pthread_once(pthread_once_t*, void (*)())':
    &gt; src/maybe_threads.cc:88: error: expected primary-expression before '{' token
    &gt; /usr/include/bits/once.h:26: note: candidates are: __pthread_once&amp; __pthread_once::operator=(const __pthread_once&amp;)
    &gt; make[1]: *** [libtcmalloc_minimal_la-maybe_threads.lo] Error 1
    &gt; make[1]: Leaving directory `/build/buildd/google-perftools-0.8'
    -------------------- 0.8-5 --------------------
    &gt;  g++ -DHAVE_CONFIG_H -I. -I. -I./src -I./src -pthread -DNDEBUG -g -Wall -O2 -c src/maybe_threads.cc  -fPIC -DPIC -o .libs/libtcmalloc_minimal_la-maybe_threads.o
    &gt; src/maybe_threads.cc:88: error: expected primary-expression before '{' token
    &gt; make[1]: *** [libtcmalloc_minimal_la-maybe_threads.lo] Error 1
    &gt; make[1]: Leaving directory `/build/buildd/google-perftools-0.8'
</span>
</li>
<li class="packageinfo"><a href="http://buildd.debian-ports.org/build.php?arch=hurd-i386&amp;pkg=gprolog&amp;ver=1.3.0-6">gprolog_1.3.0-6</a>  [buildd_hurd-i386-beethoven]<span>
  Previous state was Failed until 2009 Jul 26 11:10:31
  Previous failing reasons:
    -------------------- 1.3.0-6 --------------------
    &gt; checking host system type... i686-unknown-gnu0.3
    &gt; configure: error: unsupported architecture
</span>
</li>
<li class="empty"><br /></li>
<li class="packageinfo"><a href="http://buildd.debian-ports.org/build.php?arch=hurd-i386&amp;pkg=hdapsd&amp;ver=1%3A20090401-1">hdapsd_1:20090401-1</a>  [buildd_hurd-i386-mozart]<span>
  Previous state was Failed until 2009 Jul 26 11:10:31
  Previous failing reasons:
    -------------------- 1:20090401-1 --------------------
    &gt; : hurd-i386 not in arch list: i386 amd64 -- skipping
    -------------------- 1:0.0.20070803-2 --------------------
    &gt; : hurd-i386 not in arch list: i386 amd64 -- skipping
    -------------------- 1:0.0.20070803-1 --------------------
    &gt; : hurd-i386 not in arch list: i386 amd64 -- skipping
</span>
</li>
<li class="packageinfo"><a href="http://buildd.debian-ports.org/build.php?arch=hurd-i386&amp;pkg=hotkey-setup&amp;ver=0.1-23">hotkey-setup_0.1-23</a>  [buildd_hurd-i386-beethoven]<span>
  Previous state was Failed until 2009 Jul 26 11:10:31
  Previous failing reasons:
    -------------------- 0.1-23 --------------------
    &gt; : hurd-i386 not in arch list: i386 amd64 lpia -- skipping
    -------------------- 0.1-21 --------------------
    &gt; : hurd-i386 not in arch list: i386 amd64 lpia -- skipping
    -------------------- 0.1-17.1 --------------------
    &gt; : hurd-i386 not in arch list: i386 amd64 -- skipping
    -------------------- 0.1-17 --------------------
    -------------------- 0.1-17 --------------------
    -------------------- 0.1-17 --------------------
    -------------------- 0.1-17 --------------------
    -------------------- 0.1-17 --------------------
    &gt; : hurd-i386 not in arch list: i386 amd64 -- skipping
</span>
</li>
<li class="empty"><br /></li>
<li class="packageinfo"><a href="http://buildd.debian-ports.org/build.php?arch=hurd-i386&amp;pkg=ikarus&amp;ver=0.0.3-4">ikarus_0.0.3-4</a>  [buildd_hurd-i386-bach]<span>
  Previous state was Failed until 2009 Jul 26 11:10:31
  Previous failing reasons:
    -------------------- 0.0.3-4 --------------------
    &gt; : hurd-i386 not in arch list: i386 -- skipping
    -------------------- 0.0.3-3 --------------------
    &gt; : hurd-i386 not in arch list: i386 -- skipping
    -------------------- 0.0.3-2 --------------------
    &gt; : hurd-i386 not in arch list: i386 -- skipping
</span>
</li>
<li class="empty"><br /></li>
<li class="packageinfo"><a href="http://buildd.debian-ports.org/build.php?arch=hurd-i386&amp;pkg=kon2&amp;ver=0.3.9b-20">kon2_0.3.9b-20</a>  [buildd_hurd-i386-bach]<span>
  Previous state was Failed until 2009 Jul 26 11:10:31
  Previous failing reasons:
    -------------------- 0.3.9b-20 --------------------
    &gt; s3.c:46:20: error: sys/kd.h: No such file or directory
    -------------------- 0.3.9b-19 --------------------
    &gt; s3.c:46:20: error: sys/kd.h: No such file or directory
</span>
</li>
<li class="empty"><br /></li>
<li class="packageinfo"><a href="http://buildd.debian-ports.org/build.php?arch=hurd-i386&amp;pkg=ledstats&amp;ver=0.3.1-5.1">ledstats_0.3.1-5.1</a>  [buildd_hurd-i386-beethoven]<span>
  Previous state was Failed until 2009 Jul 26 11:10:31
  Previous failing reasons:
    -------------------- 0.3.1-5.1 --------------------
    &gt; : hurd-i386 not in arch list: i386 amd64 kfreebsd-i386 kfreebsd-amd64 -- skipping
</span>
</li>
<li class="packageinfo"><a href="http://buildd.debian-ports.org/build.php?arch=hurd-i386&amp;pkg=libextractor-java&amp;ver=0.5.18-6">libextractor-java_0.5.18-6</a>  [buildd_hurd-i386-mozart]<span>
  Previous state was Failed until 2009 Jul 26 11:10:31
  Previous failing reasons:
    -------------------- 0.5.18-6 --------------------
    &gt; : hurd-i386 not in arch list: amd64 armel i386 ia64 kfreebsd-amd64 kfreebsd-i386 m68k mips mipsel powerpc s390 sparc -- skipping
    -------------------- 0.5.18-5 --------------------
    &gt; : hurd-i386 not in arch list: amd64 armel i386 ia64 kfreebsd-amd64 kfreebsd-i386 m68k mips mipsel powerpc s390 sparc -- skipping
</span>
</li>
<li class="packageinfo"><a href="http://buildd.debian-ports.org/build.php?arch=hurd-i386&amp;pkg=libgcr410&amp;ver=2.4.0-9">libgcr410_2.4.0-9</a>  [buildd_hurd-i386-rossini]<span>
  Previous state was Failed until 2009 Jul 26 11:10:31
  Previous failing reasons:
    -------------------- 2.4.0-9 --------------------
    &gt; gserial.c:271: error: 'PATH_MAX' undeclared (first use in this function)
</span>
</li>
<li class="packageinfo"><a href="http://buildd.debian-ports.org/build.php?arch=hurd-i386&amp;pkg=libopenspc&amp;ver=0.3.99a-2">libopenspc_0.3.99a-2</a>  [buildd_hurd-i386-beethoven]<span>
  Previous state was Failed until 2009 Jul 26 11:10:31
  Previous failing reasons:
    -------------------- 0.3.99a-2 --------------------
    -------------------- 0.3.99a-2 --------------------
    -------------------- 0.3.99a-2 --------------------
    -------------------- 0.3.99a-2 --------------------
    -------------------- 0.3.99a-2 --------------------
    -------------------- 0.3.99a-2 --------------------
    -------------------- 0.3.99a-2 --------------------
    -------------------- 0.3.99a-2 --------------------
    -------------------- 0.3.99a-2 --------------------
    -------------------- 0.3.99a-2 --------------------
    -------------------- 0.3.99a-2 --------------------
    -------------------- 0.3.99a-2 --------------------
    -------------------- 0.3.99a-2 --------------------
    -------------------- 0.3.99a-2 --------------------
    -------------------- 0.3.99a-2 --------------------
    -------------------- 0.3.99a-2 --------------------
    -------------------- 0.3.99a-2 --------------------
    -------------------- 0.3.99a-2 --------------------
    -------------------- 0.3.99a-2 --------------------
    -------------------- 0.3.99a-2 --------------------
    -------------------- 0.3.99a-2 --------------------
    -------------------- 0.3.99a-2 --------------------
    -------------------- 0.3.99a-2 --------------------
    -------------------- 0.3.99a-2 --------------------
    -------------------- 0.3.99a-2 --------------------
    -------------------- 0.3.99a-2 --------------------
    -------------------- 0.3.99a-2 --------------------
    -------------------- 0.3.99a-2 --------------------
    -------------------- 0.3.99a-2 --------------------
    -------------------- 0.3.99a-2 --------------------
    -------------------- 0.3.99a-2 --------------------
    -------------------- 0.3.99a-2 --------------------
    -------------------- 0.3.99a-2 --------------------
    -------------------- 0.3.99a-2 --------------------
    -------------------- 0.3.99a-2 --------------------
    -------------------- 0.3.99a-2 --------------------
    -------------------- 0.3.99a-2 --------------------
    -------------------- 0.3.99a-2 --------------------
    &gt; : hurd-i386 not in arch list: i386 kfreebsd-i386 -- skipping
</span>
</li>
<li class="packageinfo"><a href="http://buildd.debian-ports.org/build.php?arch=hurd-i386&amp;pkg=libpfm3-3.2&amp;ver=3.2.070507-1.1">libpfm3-3.2_3.2.070507-1.1</a>  [buildd_hurd-i386-mozart]<span>
  Previous state was Failed until 2009 Jul 26 11:10:31
  Previous failing reasons:
    -------------------- 3.2.070507-1.1 --------------------
    &gt; pfmlib_os.c:121:2: error: #error "you need to define some OS dependent interfaces"
    -------------------- 3.2.070507-1 --------------------
    &gt; : hurd-i386 not in arch list: ia64 amd64 i386 mips -- skipping
    -------------------- 3.2.060926-2 --------------------
    &gt; : hurd-i386 not in arch list: ia64 amd64 i386 mips -- skipping
</span>
</li>
<li class="packageinfo"><a href="http://buildd.debian-ports.org/build.php?arch=hurd-i386&amp;pkg=libsepol&amp;ver=2.0.37-2">libsepol_2.0.37-2</a>  [buildd_hurd-i386-rossini]<span>
  Previous state was Failed until 2009 Aug 28 01:30:42
  Previous failing reasons:
    -------------------- 2.0.37-2 --------------------
    &gt; genusers.c:271: error: 'PATH_MAX' undeclared (first use in this function)
    -------------------- 2.0.37-1 --------------------
    &gt; genusers.c:271: error: 'PATH_MAX' undeclared (first use in this function)
    -------------------- 2.0.36-1 --------------------
    &gt; genusers.c:271: error: 'PATH_MAX' undeclared (first use in this function)
    -------------------- 2.0.32-1 --------------------
    &gt; genusers.c:271: error: 'PATH_MAX' undeclared (first use in this function)
    -------------------- 2.0.30-2 --------------------
    &gt; genusers.c:271: error: 'PATH_MAX' undeclared (first use in this function)
    -------------------- 2.0.30-1 --------------------
    &gt; genusers.c:271: error: 'PATH_MAX' undeclared (first use in this function)
    -------------------- 2.0.25-2 --------------------
    &gt; genusers.c:271: error: 'PATH_MAX' undeclared (first use in this function)
    -------------------- 2.0.25-1 --------------------
    &gt; genusers.c:271: error: 'PATH_MAX' undeclared (first use in this function)
    -------------------- 2.0.3-1 --------------------
    &gt; cc -O2 -g -I. -I../include -D_GNU_SOURCE -fPIC -c -o genusers.o genusers.c
    &gt; genusers.c: In function 'sepol_genusers':
    &gt; genusers.c:268: error: 'PATH_MAX' undeclared (first use in this function)
    &gt; make[2]: *** [genusers.o] Error 1
    &gt; make[2]: Leaving directory `/build/buildd/libsepol-2.0.3/src'
    -------------------- 1.14-3 --------------------
    &gt; cc -O2 -g -I. -I../include -D_GNU_SOURCE -fPIC -c -o genusers.o genusers.c
    &gt; genusers.c: In function 'sepol_genusers':
    &gt; genusers.c:268: error: 'PATH_MAX' undeclared (first use in this function)
    &gt; make[2]: *** [genusers.o] Error 1
    -------------------- 1.14-2 --------------------
    &gt; cc -O2 -g -I. -I../include -D_GNU_SOURCE -fPIC -c -o genusers.o genusers.c
    &gt; genusers.c: In function 'sepol_genusers':
    &gt; genusers.c:268: error: 'PATH_MAX' undeclared (first use in this function)
    &gt; genusers.c: In function 'sepol_genusers_policydb':
    &gt; genusers.c:297: error: 'PATH_MAX' undeclared (first use in this function)
    &gt; make[2]: *** [genusers.o] Error 1
    &gt; make[2]: Leaving directory `/build/buildd/libsepol-1.14/src'
    -------------------- 1.14-1 --------------------
    &gt; cc -O2 -g -I. -I../include -D_GNU_SOURCE -fpic -c -o genusers.o genusers.c
    &gt; genusers.c: In function 'sepol_genusers':
    &gt; genusers.c:268: error: 'PATH_MAX' undeclared (first use in this function)
    &gt; genusers.c: In function 'sepol_genusers_policydb':
    &gt; genusers.c:297: error: 'PATH_MAX' undeclared (first use in this function)
    &gt; make[2]: *** [genusers.o] Error 1
    &gt; make[2]: Leaving directory `/build/buildd/libsepol-1.14/src'
</span>
</li>
<li class="packageinfo"><a href="http://buildd.debian-ports.org/build.php?arch=hurd-i386&amp;pkg=libsmbios&amp;ver=2.0.3.dfsg-1">libsmbios_2.0.3.dfsg-1</a>  [buildd_hurd-i386-beethoven]<span>
  Previous state was Failed until 2009 Jul 26 11:10:31
  Previous failing reasons:
    -------------------- 2.0.3.dfsg-1 --------------------
    &gt; libraries/memory/Memory.cpp:164: error: 'FSEEK' was not declared in this scope
    -------------------- 0.13.13-1 --------------------
    &gt; libraries/memory/Memory.cpp:164: error: 'FSEEK' was not declared in this scope
</span>
</li>
<li class="packageinfo"><a href="http://buildd.debian-ports.org/build.php?arch=hurd-i386&amp;pkg=lldpd&amp;ver=0.4.0-1">lldpd_0.4.0-1</a>  [buildd_hurd-i386-mozart]<span>
  Previous state was Failed until 2009 Jul 26 11:10:31
  Previous failing reasons:
    -------------------- 0.4.0-1 --------------------
    &gt; lldpd.h:36:27: error: linux/ethtool.h: No such file or directory
</span>
</li>
<li class="packageinfo"><a href="http://buildd.debian-ports.org/build.php?arch=hurd-i386&amp;pkg=longrun&amp;ver=0.9-22">longrun_0.9-22</a>  [buildd_hurd-i386-rossini]<span>
  Previous state was Failed until 2009 Jul 26 11:10:31
  Previous failing reasons:
    -------------------- 0.9-22 --------------------
    &gt; : hurd-i386 not in arch list: i386 -- skipping
    -------------------- 0.9-21 --------------------
    &gt; : hurd-i386 not in arch list: i386 -- skipping
    -------------------- 0.9-20 --------------------
    &gt; : hurd-i386 not in arch list: i386 -- skipping
</span>
</li>
<li class="packageinfo"><a href="http://buildd.debian-ports.org/build.php?arch=hurd-i386&amp;pkg=lphdisk&amp;ver=0.9.1.ds1-1">lphdisk_0.9.1.ds1-1</a>  [buildd_hurd-i386-rossini]<span>
  Previous state was Failed until 2009 Jul 26 11:10:31
  Previous failing reasons:
    -------------------- 0.9.1.ds1-1 --------------------
    &gt; lrmi.c:15:22: error: asm/vm86.h: No such file or directory
    -------------------- 0.9.1-3 --------------------
    &gt; lrmi.c:15:22: error: asm/vm86.h: No such file or directory
</span>
</li>
<li class="packageinfo"><a href="http://buildd.debian-ports.org/build.php?arch=hurd-i386&amp;pkg=lsb-appchk3&amp;ver=3.2.2-1">lsb-appchk3_3.2.2-1</a>  [buildd_hurd-i386-beethoven]<span>
  Previous state was Failed until 2009 Jul 26 11:10:31
  Previous failing reasons:
    -------------------- 3.2.2-1 --------------------
    &gt; : hurd-i386 not in arch list: i386 amd64 ia64 powerpc s390 -- skipping
    -------------------- 3.1.1-3 --------------------
    &gt; cc -g -Wall -I../tetj   -c -o proghdr.o proghdr.c
    &gt; proghdr.c: In function 'checkPT_LOAD':
    &gt; proghdr.c:67: error: 'PATH_MAX' undeclared (first use in this function)
    &gt; make[2]: *** [proghdr.o] Error 1
    &gt; make[2]: Leaving directory `/build/buildd/lsb-appchk3-3.1.1/tests/misc/elfchk'
    -------------------- 3.1.1-1 --------------------
    &gt; cc -g -Wall -I../tetj   -c -o proghdr.o proghdr.c
    &gt; proghdr.c: In function 'checkPT_LOAD':
    &gt; proghdr.c:67: error: 'PATH_MAX' undeclared (first use in this function)
    &gt; proghdr.c:67: error: (Each undeclared identifier is reported only once
    &gt; proghdr.c:67: error: for each function it appears in.)
    &gt; proghdr.c:67: warning: unused variable 'tmp_string'
    &gt; proghdr.c: In function 'checkPT_DYNAMIC':
    &gt; proghdr.c:131: error: 'PATH_MAX' undeclared (first use in this function)
    &gt; proghdr.c:131: warning: unused variable 'tmp_string'
    &gt; proghdr.c: In function 'checkPT_INTERP':
    &gt; proghdr.c:194: error: 'PATH_MAX' undeclared (first use in this function)
    &gt; proghdr.c:194: warning: unused variable 'tmp_string'
    &gt; proghdr.c: In function 'checkPT_NOTE':
    &gt; proghdr.c:222: error: 'PATH_MAX' undeclared (first use in this function)
    &gt; proghdr.c:222: warning: unused variable 'tmp_string'
    &gt; proghdr.c: In function 'checkPT_SHLIB':
    &gt; proghdr.c:283: error: 'PATH_MAX' undeclared (first use in this function)
    &gt; proghdr.c:283: warning: unused variable 'tmp_string'
    &gt; proghdr.c: In function 'checkPT_PHDR':
    &gt; proghdr.c:302: error: 'PATH_MAX' undeclared (first use in this function)
    &gt; proghdr.c:302: warning: unused variable 'tmp_string'
    &gt; proghdr.c: In function 'checkPT_TLS':
    &gt; proghdr.c:332: error: 'PATH_MAX' undeclared (first use in this function)
    &gt; proghdr.c:332: warning: unused variable 'tmp_string'
    &gt; proghdr.c: In function 'checkPT_GNU_EH_FRAME':
    &gt; proghdr.c:394: error: 'PATH_MAX' undeclared (first use in this function)
    &gt; proghdr.c:394: warning: unused variable 'tmp_string'
    &gt; proghdr.c: In function 'checkPT_GNU_STACK':
    &gt; proghdr.c:429: error: 'PATH_MAX' undeclared (first use in this function)
    &gt; proghdr.c:429: warning: unused variable 'tmp_string'
    &gt; make[2]: *** [proghdr.o] Error 1
    &gt; make[2]: Leaving directory `/build/buildd/lsb-appchk3-3.0.3/tests/misc/elfchk'
    -------------------- 3.0.3-7 --------------------
    &gt; cc -g -Wall -I../tetj   -c -o proghdr.o proghdr.c
    &gt; proghdr.c: In function 'checkPT_LOAD':
    &gt; proghdr.c:67: error: 'PATH_MAX' undeclared (first use in this function)
    &gt; proghdr.c:67: error: (Each undeclared identifier is reported only once
    &gt; proghdr.c:67: error: for each function it appears in.)
    &gt; proghdr.c:67: warning: unused variable 'tmp_string'
    &gt; proghdr.c: In function 'checkPT_DYNAMIC':
    &gt; proghdr.c:131: error: 'PATH_MAX' undeclared (first use in this function)
    &gt; proghdr.c:131: warning: unused variable 'tmp_string'
    &gt; proghdr.c: In function 'checkPT_INTERP':
    &gt; proghdr.c:194: error: 'PATH_MAX' undeclared (first use in this function)
    &gt; proghdr.c:194: warning: unused variable 'tmp_string'
    &gt; proghdr.c: In function 'checkPT_NOTE':
    &gt; proghdr.c:222: error: 'PATH_MAX' undeclared (first use in this function)
    &gt; proghdr.c:222: warning: unused variable 'tmp_string'
    &gt; proghdr.c: In function 'checkPT_SHLIB':
    &gt; proghdr.c:283: error: 'PATH_MAX' undeclared (first use in this function)
    &gt; proghdr.c:283: warning: unused variable 'tmp_string'
    &gt; proghdr.c: In function 'checkPT_PHDR':
    &gt; proghdr.c:302: error: 'PATH_MAX' undeclared (first use in this function)
    &gt; proghdr.c:302: warning: unused variable 'tmp_string'
    &gt; proghdr.c: In function 'checkPT_TLS':
    &gt; proghdr.c:332: error: 'PATH_MAX' undeclared (first use in this function)
    &gt; proghdr.c:332: warning: unused variable 'tmp_string'
    &gt; proghdr.c: In function 'checkPT_GNU_EH_FRAME':
    &gt; proghdr.c:394: error: 'PATH_MAX' undeclared (first use in this function)
    &gt; proghdr.c:394: warning: unused variable 'tmp_string'
    &gt; proghdr.c: In function 'checkPT_GNU_STACK':
    &gt; proghdr.c:429: error: 'PATH_MAX' undeclared (first use in this function)
    &gt; proghdr.c:429: warning: unused variable 'tmp_string'
    &gt; make[2]: *** [proghdr.o] Error 1
    &gt; make[2]: Leaving directory `/build/buildd/lsb-appchk3-3.0.3/tests/misc/elfchk'
</span>
</li>
<li class="packageinfo"><a href="http://buildd.debian-ports.org/build.php?arch=hurd-i386&amp;pkg=lsb-build-base3&amp;ver=3.2.2%7Epre1-1">lsb-build-base3_3.2.2~pre1-1</a>  [buildd_hurd-i386-beethoven]<span>
  Previous state was Failed until 2009 Jul 26 11:10:31
  Previous failing reasons:
    -------------------- 3.2.2~pre1-1 --------------------
    &gt; : hurd-i386 not in arch list: i386 amd64 ia64 powerpc s390 -- skipping
    -------------------- 3.1.1-3 --------------------
    &gt; : hurd-i386 not in arch list: i386 amd64 ia64 powerpc s390 -- skipping
    -------------------- 3.1.1-2 --------------------
    &gt; : hurd-i386 not in arch list: i386 amd64 ia64 powerpc s390 -- skipping
    -------------------- 3.1.1-1 --------------------
    &gt; : hurd-i386 not in arch list: i386 amd64 ia64 powerpc s390 -- skipping
    -------------------- 3.0.3-9 --------------------
    &gt; : hurd-i386 not in arch list: i386 amd64 ia64 powerpc s390 -- skipping
</span>
</li>
<li class="packageinfo"><a href="http://buildd.debian-ports.org/build.php?arch=hurd-i386&amp;pkg=lsb-build-cc3&amp;ver=3.2.0-1">lsb-build-cc3_3.2.0-1</a>  [buildd_hurd-i386-beethoven]<span>
  Previous state was Failed until 2009 Jul 26 11:10:31
  Previous failing reasons:
    -------------------- 3.2.0-1 --------------------
    &gt; : hurd-i386 not in arch list: i386 amd64 ia64 powerpc s390 -- skipping
    -------------------- 3.1.1-2 --------------------
    &gt; : hurd-i386 not in arch list: i386 amd64 ia64 powerpc s390 -- skipping
    -------------------- 3.1.1-1 --------------------
    &gt; cc -g -Wall    lsbcc.c   -o lsbcc
    &gt; lsbcc.c:109: error: 'PATH_MAX' undeclared here (not in a function)
    &gt; lsbcc.c: In function 'find_gcc_base_dir':
    &gt; lsbcc.c:320: warning: unused variable 'buf'
    &gt; lsbcc.c:319: warning: unused variable 'cmd'
    &gt; make[2]: *** [lsbcc] Error 1
    &gt; make[2]: Leaving directory `/build/buildd/lsb-build-cc3-3.0.3/build_env/lsbdev-cc'
    -------------------- 3.0.3-6 --------------------
    &gt; cc -g -Wall    lsbcc.c   -o lsbcc
    &gt; lsbcc.c:109: error: 'PATH_MAX' undeclared here (not in a function)
    &gt; lsbcc.c: In function 'find_gcc_base_dir':
    &gt; lsbcc.c:320: warning: unused variable 'buf'
    &gt; lsbcc.c:319: warning: unused variable 'cmd'
    &gt; make[2]: *** [lsbcc] Error 1
    &gt; make[2]: Leaving directory `/build/buildd/lsb-build-cc3-3.0.3/build_env/lsbdev-cc'
</span>
</li>
<li class="packageinfo"><a href="http://buildd.debian-ports.org/build.php?arch=hurd-i386&amp;pkg=lsb-pkgchk3&amp;ver=3.2.1-1">lsb-pkgchk3_3.2.1-1</a>  [buildd_hurd-i386-beethoven]<span>
  Previous state was Failed until 2009 Jul 26 11:10:31
  Previous failing reasons:
    -------------------- 3.2.1-1 --------------------
    &gt; : hurd-i386 not in arch list: i386 amd64 ia64 powerpc s390 -- skipping
    -------------------- 3.1.1-2 --------------------
    &gt; cc -Wall   -c -o fhspaths.o fhspaths.c
    &gt; fhspaths.c: In function 'match_fhs_attributes':
    &gt; fhspaths.c:104: error: 'PATH_MAX' undeclared (first use in this function)
    &gt; make[2]: *** [fhspaths.o] Error 1
    &gt; make[2]: Leaving directory `/build/buildd/lsb-pkgchk3-3.1.1/tests/misc/fhschk'
    -------------------- 3.1.1-1 --------------------
    &gt; cc -Wall   -c -o fhspaths.o fhspaths.c
    &gt; fhspaths.c: In function 'match_fhs_attributes':
    &gt; fhspaths.c:104: error: 'PATH_MAX' undeclared (first use in this function)
    &gt; fhspaths.c:104: warning: unused variable 'fhspath'
    &gt; make[2]: *** [fhspaths.o] Error 1
    &gt; make[2]: Leaving directory `/build/buildd/lsb-pkgchk3-3.0.3/tests/misc/fhschk'
    -------------------- 3.0.3-5 --------------------
    &gt; cc -Wall   -c -o fhspaths.o fhspaths.c
    &gt; fhspaths.c: In function 'match_fhs_attributes':
    &gt; fhspaths.c:104: error: 'PATH_MAX' undeclared (first use in this function)
    &gt; fhspaths.c:104: warning: unused variable 'fhspath'
    &gt; make[2]: *** [fhspaths.o] Error 1
    &gt; make[2]: Leaving directory `/build/buildd/lsb-pkgchk3-3.0.3/tests/misc/fhschk'
</span>
</li>
<li class="packageinfo"><a href="http://buildd.debian-ports.org/build.php?arch=hurd-i386&amp;pkg=lustre&amp;ver=1.6.7-2">lustre_1.6.7-2</a>  [buildd_hurd-i386-rossini]<span>
  Previous state was Failed until 2009 Jul 26 11:10:31
  Previous failing reasons:
    -------------------- 1.6.7-2 --------------------
    &gt; configure: error: don't find &lt;sys/quota.h&gt; in your system
    -------------------- 1.6.3-1 --------------------
    &gt; : hurd-i386 not in arch list: i386 powerpc amd64 ia64 -- skipping
    -------------------- 1.6.2-3 --------------------
    &gt; : hurd-i386 not in arch list: i386 powerpc amd64 ia64 -- skipping
    -------------------- 1.6.0.1-2 --------------------
    &gt; : hurd-i386 not in arch list: i386 powerpc amd64 ia64 -- skipping
    -------------------- 1.5.97-1 --------------------
    &gt; : hurd-i386 not in arch list: i386 powerpc amd64 ia64 -- skipping
</span>
</li>
<li class="empty"><br /></li>
<li class="packageinfo"><a href="http://buildd.debian-ports.org/build.php?arch=hurd-i386&amp;pkg=mbr&amp;ver=1.1.10-2">mbr_1.1.10-2</a>  [buildd_hurd-i386-rossini]<span>
  Reasons for BD-Uninstallable:
    madwimax (= 0.1.1-1) build-depends on libusb-1.0-0-dev {NOT AVAILABLE}
  Previous state was Needs-Build until 2009 Sep 27 17:15:47
  Reasons for failing:
    [Category: none]
  Previous state was Failed until 2009 Jul 26 11:10:31
  Previous failing reasons:
    -------------------- 1.1.10-2 --------------------
    &gt; : hurd-i386 not in arch list: i386 amd64 lpia -- skipping
    -------------------- 1.1.10-1 --------------------
    &gt; : hurd-i386 not in arch list: i386 amd64 lpia -- skipping
</span>
</li>
<li class="packageinfo"><a href="http://buildd.debian-ports.org/build.php?arch=hurd-i386&amp;pkg=mit-scheme&amp;ver=7.7.90%2B20090107-1">mit-scheme_7.7.90+20090107-1</a>  [buildd_hurd-i386-rossini]<span>
  Previous state was Failed until 2009 Jul 26 11:10:31
  Previous failing reasons:
    -------------------- 7.7.90+20090107-1 --------------------
    &gt; : hurd-i386 not in arch list: i386 -- skipping
    -------------------- 7.7.90+20080130-1 --------------------
    &gt; : hurd-i386 not in arch list: i386 -- skipping
    -------------------- 7.7.90+20070909-1 --------------------
    &gt; : hurd-i386 not in arch list: i386 -- skipping
    -------------------- 7.7.90+20070820-1 --------------------
    &gt; : hurd-i386 not in arch list: i386 -- skipping
    -------------------- 7.7.90+20070623-1 --------------------
    &gt; : hurd-i386 not in arch list: i386 -- skipping
    -------------------- 7.7.90+20070205-1 --------------------
    &gt; : hurd-i386 not in arch list: i386 -- skipping
    -------------------- 7.7.90+20060906-3 --------------------
    &gt; : hurd-i386 not in arch list: i386 -- skipping
</span>
</li>
<li class="packageinfo"><a href="http://buildd.debian-ports.org/build.php?arch=hurd-i386&amp;pkg=mkelfimage&amp;ver=2.7-7">mkelfimage_2.7-7</a>  [buildd_hurd-i386-rossini]<span>
  Previous state was Failed until 2009 Jul 26 11:10:31
  Previous failing reasons:
    -------------------- 2.7-7 --------------------
    &gt; : hurd-i386 not in arch list: amd64 i386 ia64 -- skipping
    -------------------- 2.7-6 --------------------
    &gt; : hurd-i386 not in arch list: amd64 i386 ia64 -- skipping
    -------------------- 2.7-5 --------------------
    &gt; : hurd-i386 not in arch list: amd64 i386 ia64 -- skipping
    -------------------- 2.7-4 --------------------
    &gt; : hurd-i386 not in arch list: amd64 i386 ia64 -- skipping
</span>
</li>
<li class="packageinfo"><a href="http://buildd.debian-ports.org/build.php?arch=hurd-i386&amp;pkg=mknbi&amp;ver=1.4.4-1.1">mknbi_1.4.4-1.1</a>  [buildd_hurd-i386-bach]<span>
  Previous state was Failed until 2009 Jul 26 11:10:31
  Previous failing reasons:
    -------------------- 1.4.4-1.1 --------------------
    &gt; : hurd-i386 not in arch list: i386 -- skipping
    -------------------- 1.4.4-1 --------------------
    &gt; : hurd-i386 not in arch list: i386 -- skipping
</span>
</li>
<li class="packageinfo"><a href="http://buildd.debian-ports.org/build.php?arch=hurd-i386&amp;pkg=mkrboot&amp;ver=0.96">mkrboot_0.96</a>  [buildd_hurd-i386-bach]<span>
  Previous state was Failed until 2009 Jul 26 11:10:31
  Previous failing reasons:
    -------------------- 0.96 --------------------
    &gt; : hurd-i386 not in arch list: i386 amd64 -- skipping
    -------------------- 0.95 --------------------
    &gt; : hurd-i386 not in arch list: i386 amd64 -- skipping
</span>
</li>
<li class="packageinfo"><a href="http://buildd.debian-ports.org/build.php?arch=hurd-i386&amp;pkg=morse&amp;ver=2.1-2">morse_2.1-2</a>  [buildd_hurd-i386-mozart]<span>
  Previous state was Failed until 2009 Jul 26 11:10:31
  Previous failing reasons:
    -------------------- 2.1-2 --------------------
    &gt; beepLinux.c:25:20: error: sys/kd.h: No such file or directory
</span>
</li>
<li class="empty"><br /></li>
<li class="packageinfo"><a href="http://buildd.debian-ports.org/build.php?arch=hurd-i386&amp;pkg=ndisgtk&amp;ver=0.8.4-1">ndisgtk_0.8.4-1</a>  [buildd_hurd-i386-mozart]<span>
  Previous state was Failed until 2009 Jul 26 11:10:31
  Previous failing reasons:
    -------------------- 0.8.4-1 --------------------
    &gt; : hurd-i386 not in arch list: i386 amd64 -- skipping
    -------------------- 0.8.3-1 --------------------
    &gt; : hurd-i386 not in arch list: i386 amd64 -- skipping
    -------------------- 0.8.2-1 --------------------
    &gt; : hurd-i386 not in arch list: i386 amd64 -- skipping
    -------------------- 0.7.2-1 --------------------
    &gt; : hurd-i386 not in arch list: i386 amd64 -- skipping
</span>
</li>
<li class="packageinfo"><a href="http://buildd.debian-ports.org/build.php?arch=hurd-i386&amp;pkg=nvtv&amp;ver=0.4.7-7">nvtv_0.4.7-7</a>  [buildd_hurd-i386-beethoven]<span>
  Previous state was Failed until 2009 Jul 26 11:10:31
  Previous failing reasons:
    -------------------- 0.4.7-7 --------------------
    &gt; : hurd-i386 not in arch list: i386 amd64 -- skipping
    -------------------- 0.4.7-6 --------------------
    &gt; : hurd-i386 not in arch list: i386 amd64 -- skipping
</span>
</li>
<li class="empty"><br /></li>
<li class="packageinfo"><a href="http://buildd.debian-ports.org/build.php?arch=hurd-i386&amp;pkg=pnputils&amp;ver=0.1-3">pnputils_0.1-3</a>  [buildd_hurd-i386-beethoven]<span>
  Previous state was Failed until 2009 Jul 26 11:10:31
  Previous failing reasons:
    -------------------- 0.1-3 --------------------
    &gt; : hurd-i386 not in arch list: i386 amd64 -- skipping
    -------------------- 0.1-2 --------------------
    &gt; cc -g -Wall -O2   -c -o lspnp.o lspnp.c
    &gt; lspnp.c:30:23: error: asm/types.h: No such file or directory
    [...]
    &gt; make[1]: *** [lspnp.o] Error 1
    &gt; make[1]: Leaving directory `/build/buildd/pnputils-0.1'
    -------------------- 0.1-1 --------------------
    &gt; cc -g -Wall -O2   -c -o lspnp.o lspnp.c
    &gt; lspnp.c:30:23: error: asm/types.h: No such file or directory
    [...]
    &gt; make[1]: *** [lspnp.o] Error 1
    &gt; make[1]: Leaving directory `/build/buildd/pnputils-0.1'
</span>
</li>
<li class="packageinfo"><a href="http://buildd.debian-ports.org/build.php?arch=hurd-i386&amp;pkg=prelink&amp;ver=0.0.20090311-1">prelink_0.0.20090311-1</a>  [buildd_hurd-i386-rossini]<span>
  Previous state was Failed until 2009 Jul 26 11:10:31
  Previous failing reasons:
    -------------------- 0.0.20090311-1 --------------------
    &gt; : hurd-i386 not in arch list: alpha amd64 i386 powerpc ppc64 -- skipping
    -------------------- 0.0.20071009-1 --------------------
    &gt; : hurd-i386 not in arch list: alpha amd64 i386 powerpc ppc64 -- skipping
</span>
</li>
<li class="packageinfo"><a href="http://buildd.debian-ports.org/build.php?arch=hurd-i386&amp;pkg=ps3-utils&amp;ver=2.3-1">ps3-utils_2.3-1</a>  [buildd_hurd-i386-beethoven]<span>
  Previous state was Failed until 2009 Jul 26 11:10:31
  Previous failing reasons:
    -------------------- 2.3-1 --------------------
    &gt; : hurd-i386 not in arch list: powerpc -- skipping
</span>
</li>
<li class="packageinfo"><a href="http://buildd.debian-ports.org/build.php?arch=hurd-i386&amp;pkg=purelibc&amp;ver=0.4%2Br646-1">purelibc_0.4+r646-1</a>  [buildd_hurd-i386-rossini]<span>
  Reasons for BD-Uninstallable:
    ptlib (= 2.6.4-1) build-depends on libdv4-dev {NOT AVAILABLE}
  Previous state was Needs-Build until 2009 Sep 07 16:45:50
  Reasons for failing:
    [Category: none]
  Previous state was Failed until 2009 Jul 26 11:10:31
  Previous failing reasons:
    -------------------- 0.4+r646-1 --------------------
    &gt; : hurd-i386 not in arch list: i386 amd64 powerpc ppc64 -- skipping
    -------------------- 0.4-1 --------------------
    &gt;  i486-gnu-gcc -DHAVE_CONFIG_H -I. -I. -I. -g -ggdb -D_GNU_SOURCE -g -Wall -O0 -MT libpurelibc_la-dir.lo -MD -MP -MF .deps/libpurelibc_la-dir.Tpo -c dir.c  -fPIC -DPIC -o .libs/libpurelibc_la-dir.o
    &gt; dir.c: In function 'readdir':
    &gt; dir.c:77: error: 'struct dirent' has no member named 'd_off'
    &gt; dir.c:77: error: 'struct dirent64' has no member named 'd_off'
    &gt; dir.c:77: error: 'struct dirent64' has no member named 'd_off'
    &gt; make[2]: *** [libpurelibc_la-dir.lo] Error 1
    &gt; make[2]: Leaving directory `/build/buildd/purelibc-0.2'
    -------------------- 0.3-1 --------------------
    &gt;  i486-gnu-gcc -DHAVE_CONFIG_H -I. -I. -I. -g -ggdb -D_GNU_SOURCE -g -Wall -O0 -MT libpurelibc_la-dir.lo -MD -MP -MF .deps/libpurelibc_la-dir.Tpo -c dir.c  -fPIC -DPIC -o .libs/libpurelibc_la-dir.o
    &gt; dir.c: In function 'readdir':
    &gt; dir.c:77: error: 'struct dirent' has no member named 'd_off'
    &gt; dir.c:77: error: 'struct dirent64' has no member named 'd_off'
    &gt; dir.c:77: error: 'struct dirent64' has no member named 'd_off'
    &gt; make[2]: *** [libpurelibc_la-dir.lo] Error 1
    &gt; make[2]: Leaving directory `/build/buildd/purelibc-0.2'
    -------------------- 0.2-1 --------------------
    &gt;  i486-gnu-gcc -DHAVE_CONFIG_H -I. -I. -I. -g -ggdb -D_GNU_SOURCE -g -Wall -O0 -MT libpurelibc_la-dir.lo -MD -MP -MF .deps/libpurelibc_la-dir.Tpo -c dir.c  -fPIC -DPIC -o .libs/libpurelibc_la-dir.o
    &gt; dir.c: In function 'readdir':
    &gt; dir.c:77: error: 'struct dirent' has no member named 'd_off'
    &gt; dir.c:77: error: 'struct dirent64' has no member named 'd_off'
    &gt; dir.c:77: error: 'struct dirent64' has no member named 'd_off'
    &gt; make[2]: *** [libpurelibc_la-dir.lo] Error 1
    &gt; make[2]: Leaving directory `/build/buildd/purelibc-0.2'
</span>
</li>
<li class="empty"><br /></li>
<li class="packageinfo"><a href="http://buildd.debian-ports.org/build.php?arch=hurd-i386&amp;pkg=qcam&amp;ver=0.91-12">qcam_0.91-12</a>  [buildd_hurd-i386-mozart]<span>
  Previous state was Failed until 2009 Jul 26 11:10:31
  Previous failing reasons:
    -------------------- 0.91-12 --------------------
    &gt; cc -Wall -O6 -DCONFIG_FILE=\"/etc/qcam.conf\" -c -o qcam-lib.o qcam-lib.c
    &gt; qcam-lib.c:46:21: error: qcam-os.h: No such file or directory
</span>
</li>
<li class="packageinfo"><a href="http://buildd.debian-ports.org/build.php?arch=hurd-i386&amp;pkg=qemu&amp;ver=0.10.5-1">qemu_0.10.5-1</a>  [buildd_hurd-i386-bach]<span>
  Previous state was Failed until 2009 Jul 26 11:10:31
  Previous failing reasons:
    -------------------- 0.10.5-1 --------------------
    &gt; : hurd-i386 not in arch list: amd64 arm armel hppa i386 powerpc sparc kfreebsd-i386 kfreebsd-amd64 ppc64 -- skipping
    -------------------- 0.10.4-1 --------------------
    &gt; : hurd-i386 not in arch list: amd64 arm armel hppa i386 powerpc sparc kfreebsd-i386 kfreebsd-amd64 ppc64 -- skipping
    -------------------- 0.10.3-1 --------------------
    &gt; : hurd-i386 not in arch list: amd64 arm armel hppa i386 powerpc sparc kfreebsd-i386 kfreebsd-amd64 ppc64 -- skipping
    -------------------- 0.10.2-2 --------------------
    &gt; : hurd-i386 not in arch list: amd64 i386 powerpc alpha sparc arm armeb armel s390 kfreebsd-i386 kfreebsd-amd64 -- skipping
    -------------------- 0.10.2-1 --------------------
    &gt; : hurd-i386 not in arch list: amd64 i386 powerpc alpha sparc arm armeb armel s390 kfreebsd-i386 kfreebsd-amd64 -- skipping
    -------------------- 0.10.1-1 --------------------
    &gt; : hurd-i386 not in arch list: amd64 i386 powerpc alpha sparc arm armeb armel s390 kfreebsd-i386 kfreebsd-amd64 -- skipping
    -------------------- 0.10.0-1 --------------------
    &gt; : hurd-i386 not in arch list: amd64 i386 powerpc alpha sparc arm armeb armel s390 kfreebsd-i386 kfreebsd-amd64 -- skipping
    -------------------- 0.9.1-10 --------------------
    &gt; : hurd-i386 not in arch list: amd64 i386 powerpc alpha sparc arm armeb armel s390 kfreebsd-i386 kfreebsd-amd64 -- skipping
    -------------------- 0.9.1-9 --------------------
    &gt; : hurd-i386 not in arch list: amd64 i386 powerpc alpha sparc arm armeb armel s390 kfreebsd-i386 kfreebsd-amd64 -- skipping
    -------------------- 0.9.1-8 --------------------
    &gt; : hurd-i386 not in arch list: amd64 i386 powerpc alpha sparc arm armeb armel s390 kfreebsd-i386 kfreebsd-amd64 -- skipping
    -------------------- 0.9.1-7 --------------------
    &gt; : hurd-i386 not in arch list: amd64 i386 powerpc alpha sparc arm armeb armel s390 kfreebsd-i386 kfreebsd-amd64 -- skipping
    -------------------- 0.9.1-6 --------------------
    &gt; : hurd-i386 not in arch list: amd64 i386 powerpc alpha sparc arm armeb armel s390 kfreebsd-i386 kfreebsd-amd64 -- skipping
    -------------------- 0.9.1-5 --------------------
    &gt; : hurd-i386 not in arch list: amd64 i386 powerpc alpha sparc arm armeb armel s390 kfreebsd-i386 kfreebsd-amd64 -- skipping
    -------------------- 0.9.1-4 --------------------
    &gt; : hurd-i386 not in arch list: amd64 i386 powerpc alpha sparc arm armeb armel s390 kfreebsd-i386 kfreebsd-amd64 -- skipping
    -------------------- 0.9.0+20070816-1 --------------------
    &gt; : hurd-i386 not in arch list: amd64 i386 powerpc alpha sparc arm s390 kfreebsd-i386 kfreebsd-amd64 -- skipping
    -------------------- 0.9.0-2 --------------------
    &gt; : hurd-i386 not in arch list: amd64 i386 powerpc alpha sparc arm s390 kfreebsd-i386 kfreebsd-amd64 -- skipping
    -------------------- 0.8.2-5 --------------------
    &gt; : hurd-i386 not in arch list: amd64 i386 powerpc alpha sparc arm s390 kfreebsd-i386 kfreebsd-amd64 -- skipping
    -------------------- 0.8.2-4 --------------------
    &gt; : hurd-i386 not in arch list: amd64 i386 powerpc alpha sparc arm s390 kfreebsd-i386 kfreebsd-amd64 -- skipping
</span>
</li>
<li class="empty"><br /></li>
<li class="packageinfo"><a href="http://buildd.debian-ports.org/build.php?arch=hurd-i386&amp;pkg=readahead-list&amp;ver=1%3A1.20060421.1016-6">readahead-list_1:1.20060421.1016-6</a>  [buildd_hurd-i386-mozart]<span>
  Reasons for BD-Uninstallable:
    readahead-fedora (= 1.5.0-5) build-depends on libaudit-dev {NOT AVAILABLE}
  Previous state was Needs-Build until 2009 Sep 12 00:30:46
  Reasons for failing:
    [Category: none]
  Previous state was Failed until 2009 Aug 16 01:40:26
  Previous failing reasons:
    -------------------- 1:1.20060421.1016-6 --------------------
    &gt; if g++ -DHAVE_CONFIG_H -I. -I. -I..   -D_FILE_OFFSET_BITS=64 -D_LARGEFILE_SOURCE -D_LARGEFILE64_SOURCE  -Wall -g -O2 -Wall -W -MT filelist-order.o -MD -MP -MF ".deps/filelist-order.Tpo" -c -o filelist-order.o filelist-order.cxx; \
    &gt; 	then mv -f ".deps/filelist-order.Tpo" ".deps/filelist-order.Po"; else rm -f ".deps/filelist-order.Tpo"; exit 1; fi
    &gt; filelist-order.cxx:34:22: error: linux/fs.h: No such file or directory
    &gt; make[3]: *** [filelist-order.o] Error 1
    &gt; make[3]: Leaving directory `/build/buildd/readahead-list-1.20060421.1016/src'
    -------------------- 1:1.20060421.1016-5 --------------------
    &gt; if g++ -DHAVE_CONFIG_H -I. -I. -I..   -D_FILE_OFFSET_BITS=64 -D_LARGEFILE_SOURCE -D_LARGEFILE64_SOURCE  -Wall -g -O2 -Wall -W -MT filelist-order.o -MD -MP -MF ".deps/filelist-order.Tpo" -c -o filelist-order.o filelist-order.cxx; \
    &gt; 	then mv -f ".deps/filelist-order.Tpo" ".deps/filelist-order.Po"; else rm -f ".deps/filelist-order.Tpo"; exit 1; fi
    &gt; filelist-order.cxx:34:22: error: linux/fs.h: No such file or directory
    &gt; make[3]: *** [filelist-order.o] Error 1
    &gt; make[3]: Leaving directory `/build/buildd/readahead-list-1.20060421.1016/src'
    -------------------- 1:1.20060421.1016-4 --------------------
    &gt; if g++ -DHAVE_CONFIG_H -I. -I. -I..   -D_FILE_OFFSET_BITS=64 -D_LARGEFILE_SOURCE -D_LARGEFILE64_SOURCE  -Wall -g -O2 -Wall -W -MT filelist-order.o -MD -MP -MF ".deps/filelist-order.Tpo" -c -o filelist-order.o filelist-order.cxx; \
    &gt; 	then mv -f ".deps/filelist-order.Tpo" ".deps/filelist-order.Po"; else rm -f ".deps/filelist-order.Tpo"; exit 1; fi
    &gt; filelist-order.cxx:34:22: error: linux/fs.h: No such file or directory
    &gt; make[3]: *** [filelist-order.o] Error 1
    &gt; make[3]: Leaving directory `/build/buildd/readahead-list-1.20060421.1016/src'
    -------------------- 1:1.20060421.1016-3 --------------------
    &gt; if g++ -DHAVE_CONFIG_H -I. -I. -I..   -D_FILE_OFFSET_BITS=64 -D_LARGEFILE_SOURCE -D_LARGEFILE64_SOURCE  -Wall -g -O2 -Wall -W -MT filelist-order.o -MD -MP -MF ".deps/filelist-order.Tpo" -c -o filelist-order.o filelist-order.cxx; \
    &gt; 	then mv -f ".deps/filelist-order.Tpo" ".deps/filelist-order.Po"; else rm -f ".deps/filelist-order.Tpo"; exit 1; fi
    &gt; filelist-order.cxx:34:22: error: linux/fs.h: No such file or directory
    &gt; make[3]: *** [filelist-order.o] Error 1
    &gt; make[3]: Leaving directory `/build/buildd/readahead-list-1.20060421.1016/src'
    -------------------- 1:1.20060421.1016-1 --------------------
    &gt; if g++ -DHAVE_CONFIG_H -I. -I. -I..   -D_FILE_OFFSET_BITS=64 -D_LARGEFILE_SOURCE -D_LARGEFILE64_SOURCE  -Wall -g -O2 -Wall -W -MT filelist-order.o -MD -MP -MF ".deps/filelist-order.Tpo" -c -o filelist-order.o filelist-order.cxx; \
    &gt; 	then mv -f ".deps/filelist-order.Tpo" ".deps/filelist-order.Po"; else rm -f ".deps/filelist-order.Tpo"; exit 1; fi
    &gt; filelist-order.cxx:34:22: error: linux/fs.h: No such file or directory
    &gt; make[3]: *** [filelist-order.o] Error 1
    &gt; make[3]: Leaving directory `/build/buildd/readahead-list-1.20060421.1016/src'
    -------------------- 1:0.20050517.0220-2 --------------------
    &gt; if g++ -DHAVE_CONFIG_H -I. -I. -I..   -D_FILE_OFFSET_BITS=64 -D_LARGEFILE_SOURCE -D_LARGEFILE64_SOURCE  -Wall -g -O2 -Wall -W -MT filelist-order.o -MD -MP -MF ".deps/filelist-order.Tpo" -c -o filelist-order.o filelist-order.cxx; \
    &gt; 	then mv -f ".deps/filelist-order.Tpo" ".deps/filelist-order.Po"; else rm -f ".deps/filelist-order.Tpo"; exit 1; fi
    &gt; filelist-order.cxx:33:22: error: linux/fs.h: No such file or directory
    &gt; make[3]: *** [filelist-order.o] Error 1
    &gt; make[3]: Leaving directory `/build/buildd/readahead-list-0.20050517.0220/src'
</span>
</li>
<li class="packageinfo"><a href="http://buildd.debian-ports.org/build.php?arch=hurd-i386&amp;pkg=retty&amp;ver=1.0-2">retty_1.0-2</a>  [buildd_hurd-i386-beethoven]<span>
  Previous state was Failed until 2009 Jul 26 11:10:31
  Previous failing reasons:
    -------------------- 1.0-2 --------------------
    &gt; : hurd-i386 not in arch list: i386 -- skipping
    -------------------- 1.0-1 --------------------
    &gt; : hurd-i386 not in arch list: i386 -- skipping
</span>
</li>
<li class="packageinfo"><a href="http://buildd.debian-ports.org/build.php?arch=hurd-i386&amp;pkg=rio&amp;ver=1.07-11.1">rio_1.07-11.1</a>  [buildd_hurd-i386-beethoven]<span>
  Previous state was Failed until 2009 Jul 26 11:10:31
  Previous failing reasons:
    -------------------- 1.07-11.1 --------------------
    &gt; : hurd-i386 not in arch list: i386 kfreebsd-i386 alpha -- skipping
    app.cpp:72:3: error: #error ! ! compiler/platform not supported ! !
</span>
</li>
<li class="empty"><br /></li>
<li class="packageinfo"><a href="http://buildd.debian-ports.org/build.php?arch=hurd-i386&amp;pkg=s3switch&amp;ver=0.0.20030423-2">s3switch_0.0.20030423-2</a>  [buildd_hurd-i386-beethoven]<span>
  Previous state was Failed until 2009 Jul 26 11:10:31
  Previous failing reasons:
    -------------------- 0.0.20030423-2 --------------------
    &gt; : hurd-i386 not in arch list: i386 -- skipping
    lrmi.c:15:22: error: asm/vm86.h: Aucun fichier ou rpertoire de ce type
</span>
</li>
<li class="packageinfo"><a href="http://buildd.debian-ports.org/build.php?arch=hurd-i386&amp;pkg=sbm&amp;ver=3.7.1-9">sbm_3.7.1-9</a>  [buildd_hurd-i386-beethoven]<span>
  Previous state was Failed until 2009 Jul 26 11:10:31
  Previous failing reasons:
    -------------------- 3.7.1-9 --------------------
    &gt; : hurd-i386 not in arch list: i386 amd64 -- skipping
</span>
</li>
<li class="packageinfo"><a href="http://buildd.debian-ports.org/build.php?arch=hurd-i386&amp;pkg=scratchbox2&amp;ver=2.0-3">scratchbox2_2.0-3</a>  [buildd_hurd-i386-bach]<span>
  Previous state was Failed until 2009 Jul 26 11:10:31
  Previous failing reasons:
    -------------------- 2.0-3 --------------------
    &gt; : hurd-i386 not in arch list: i386 amd64 powerpc ia64 -- skipping
    -------------------- 2.0-2 --------------------
    &gt; : hurd-i386 not in arch list: i386 amd64 powerpc ia64 -- skipping
    -------------------- 2.0-1 --------------------
    &gt; : hurd-i386 not in arch list: i386 amd64 powerpc ia64 -- skipping
    -------------------- 1.99.0.31-2 --------------------
    &gt; : hurd-i386 not in arch list: i386 amd64 powerpc ia64 -- skipping
    -------------------- 1.99.0.31-1 --------------------
    &gt; : hurd-i386 not in arch list: i386 amd64 powerpc ia64 -- skipping
    -------------------- 1.99.0.27-1 --------------------
    &gt; : hurd-i386 not in arch list: i386 amd64 powerpc ia64 -- skipping
    -------------------- 1.99.0.24-2 --------------------
    &gt; : hurd-i386 not in arch list: i386 amd64 powerpc ia64 -- skipping
    -------------------- 1.99.0.24-1 --------------------
    &gt; : hurd-i386 not in arch list: i386 amd64 powerpc ia64 -- skipping
    -------------------- 1.99.0.19 --------------------
    &gt; : hurd-i386 not in arch list: i386 amd64 powerpc ia64 -- skipping
    -------------------- 1.99.0.18 --------------------
    &gt; : hurd-i386 not in arch list: i386 amd64 powerpc ia64 -- skipping
</span>
</li>
<li class="packageinfo"><a href="http://buildd.debian-ports.org/build.php?arch=hurd-i386&amp;pkg=set6x86&amp;ver=1.5-14">set6x86_1.5-14</a>  [buildd_hurd-i386-mozart]<span>
  Previous state was Failed until 2009 Jul 26 11:10:31
  Previous failing reasons:
    -------------------- 1.5-14 --------------------
    &gt; : hurd-i386 not in arch list: kfreebsd-i386 i386 -- skipping
    -------------------- 1.5-14 --------------------
    &gt; : hurd-i386 not in arch list: kfreebsd-i386 i386 -- skipping
</span>
</li>
<li class="packageinfo"><a href="http://buildd.debian-ports.org/build.php?arch=hurd-i386&amp;pkg=smlnj&amp;ver=110.69-1">smlnj_110.69-1</a>  [buildd_hurd-i386-mozart]<span>
  Previous state was Failed until 2009 Jul 26 11:10:31
  Previous failing reasons:
    -------------------- 110.69-1 --------------------
    &gt; : hurd-i386 not in arch list: i386 amd64 powerpc all -- skipping
    -------------------- 110.67-4 --------------------
    &gt; ./config/install.sh: !!! Script /build/buildd/smlnj-110.67/bootstrap/bin/.arch-n-opsys fails on this machine.
    &gt; ./config/install.sh: !!! You must patch this by hand and repeat the installation.
    -------------------- 110.67-3 --------------------
    &gt; ./config/install.sh: !!! Script /build/buildd/smlnj-110.67/bootstrap/bin/.arch-n-opsys fails on this machine.
    &gt; ./config/install.sh: !!! You must patch this by hand and repeat the installation.
</span>
</li>
<li class="packageinfo"><a href="http://buildd.debian-ports.org/build.php?arch=hurd-i386&amp;pkg=stalin&amp;ver=0.11-4">stalin_0.11-4</a>  [buildd_hurd-i386-beethoven]<span>
  Previous state was Failed until 2009 Jul 26 11:10:31
  Previous failing reasons:
    -------------------- 0.11-4 --------------------
    &gt; : hurd-i386 not in arch list: i386 amd64 ia64 sparc kfreebsd-i386 kfreebsd-amd64 -- skipping
</span>
</li>
<li class="packageinfo"><a href="http://buildd.debian-ports.org/build.php?arch=hurd-i386&amp;pkg=svgalib&amp;ver=1%3A1.4.3-27">svgalib_1:1.4.3-27</a>  [buildd_hurd-i386-beethoven]<span>
  Previous state was Failed until 2009 Jul 26 11:10:31
  Previous failing reasons:
    -------------------- 1:1.4.3-27 --------------------
    &gt; cc -Wall -Wstrict-prototypes -fPIC -I/build/buildd/svgalib-1.4.3/include =
    -I. -I/build/buildd/svgalib-1.4.3/src -I/build/buildd/svgalib-1.4.3/src/con=
    fig -fomit-frame-pointer -O2 -fno-strength-reduce -pipe -g -DSVGALIB_CONFIG=
    _FILE=3D\"/etc/vga/libvga.config\" -DALLOW_MOUSE_OVERRIDE -DET4000_REGS=3D\=
    "/etc/vga/libvga.et4000\" -DDYNAMIC -DROOT_VC_SHORTCUT -DINCLUDE_VGA_DRIVER=
    -DINCLUDE_VGA_DRIVER_TEST -DINCLUDE_ET4000_DRIVER -DINCLUDE_ET4000_DRIVER_=
    TEST -DINCLUDE_CIRRUS_DRIVER -DINCLUDE_CIRRUS_DRIVER_TEST -DINCLUDE_TVGA_DR=
    IVER -DINCLUDE_TVGA_DRIVER_TEST -DINCLUDE_OAK_DRIVER -DINCLUDE_OAK_DRIVER_T=
    EST -DINCLUDE_EGA_DRIVER -DINCLUDE_EGA_DRIVER_TEST -DINCLUDE_MACH32_DRIVER =
    -DINCLUDE_MACH32_DRIVER_TEST -DINCLUDE_S3_DRIVER -DINCLUDE_S3_DRIVER_TEST -=
    DINCLUDE_ET3000_DRIVER -DINCLUDE_ET3000_DRIVER_TEST -DINCLUDE_GVGA6400_DRIV=
    ER -DINCLUDE_GVGA6400_DRIVER_TEST -DINCLUDE_ARK_DRIVER -DINCLUDE_ATI_DRIVER=
    -DINCLUDE_ATI_DRIVER_TEST -DINCLUDE_ALI_DRIVER -DINCLUDE_ALI_DRIVER_TEST -=
    DINCLUDE_CHIPS_DRIVER -DINCLUDE_CHIPS_DRIVER_TEST -DINCLUDE_APM_DRIVER -DIN=
    CLUDE_APM_DRIVER_TEST -DINCLUDE_VESA_DRIVER -DINCLUDE_VESA_DRIVER_TEST -DIN=
    CLUDE_NV3_DRIVER -DINCLUDE_NV3_DRIVER_TEST -DINCLUDE_G400_DRIVER -DINCLUDE_=
    G400_DRIVER_TEST -DINCLUDE_R128_DRIVER -DINCLUDE_R128_DRIVER_TEST -DINCLUDE=
    _MX_DRIVER -DINCLUDE_MX_DRIVER_TEST -DINCLUDE_SAVAGE_DRIVER -DINCLUDE_SAVAG=
    E_DRIVER_TEST -DINCLUDE_PARADISE_DRIVER -DINCLUDE_PARADISE_DRIVER_TEST -DIN=
    CLUDE_RAGE_DRIVER -DINCLUDE_RAGE_DRIVER_TEST -DINCLUDE_BANSHEE_DRIVER -DINC=
    LUDE_BANSHEE_DRIVER_TEST -DINCLUDE_SIS_DRIVER -DINCLUDE_SIS_DRIVER_TEST -DI=
    NCLUDE_I740_DRIVER -DINCLUDE_I740_DRIVER_TEST -DINCLUDE_LAGUNA_DRIVER -DINC=
    LUDE_LAGUNA_DRIVER_TEST -DINCLUDE_ET6000_DRIVER -DINCLUDE_ET6000_DRIVER_TES=
    T -DINCLUDE_NEO_DRIVER -DINCLUDE_NEO_DRIVER_TEST -DINCLUDE_FBDEV_DRIVER -c =
    -o vga.o /build/buildd/svgalib-1.4.3/src/vga.c
    &gt; /build/buildd/svgalib-1.4.3/src/vga.c:25:20: error: sys/kd.h: No such fil=
    e or directory
    &gt; make[2]: *** [vga.o] Error 1
    &gt; make[2]: Leaving directory `/build/buildd/svgalib-1.4.3/sharedlib'
    -------------------- 1:1.4.3-26 --------------------
    &gt; cc -Wall -Wstrict-prototypes -fPIC -I/build/buildd/svgalib-1.4.3/include =
    -I. -I/build/buildd/svgalib-1.4.3/src -I/build/buildd/svgalib-1.4.3/src/con=
    fig -fomit-frame-pointer -O2 -fno-strength-reduce -pipe -g -DSVGALIB_CONFIG=
    _FILE=3D\"/etc/vga/libvga.config\" -DALLOW_MOUSE_OVERRIDE -DET4000_REGS=3D\=
    "/etc/vga/libvga.et4000\" -DDYNAMIC -DROOT_VC_SHORTCUT -DINCLUDE_VGA_DRIVER=
    -DINCLUDE_VGA_DRIVER_TEST -DINCLUDE_ET4000_DRIVER -DINCLUDE_ET4000_DRIVER_=
    TEST -DINCLUDE_CIRRUS_DRIVER -DINCLUDE_CIRRUS_DRIVER_TEST -DINCLUDE_TVGA_DR=
    IVER -DINCLUDE_TVGA_DRIVER_TEST -DINCLUDE_OAK_DRIVER -DINCLUDE_OAK_DRIVER_T=
    EST -DINCLUDE_EGA_DRIVER -DINCLUDE_EGA_DRIVER_TEST -DINCLUDE_MACH32_DRIVER =
    -DINCLUDE_MACH32_DRIVER_TEST -DINCLUDE_S3_DRIVER -DINCLUDE_S3_DRIVER_TEST -=
    DINCLUDE_ET3000_DRIVER -DINCLUDE_ET3000_DRIVER_TEST -DINCLUDE_GVGA6400_DRIV=
    ER -DINCLUDE_GVGA6400_DRIVER_TEST -DINCLUDE_ARK_DRIVER -DINCLUDE_ATI_DRIVER=
    -DINCLUDE_ATI_DRIVER_TEST -DINCLUDE_ALI_DRIVER -DINCLUDE_ALI_DRIVER_TEST -=
    DINCLUDE_CHIPS_DRIVER -DINCLUDE_CHIPS_DRIVER_TEST -DINCLUDE_APM_DRIVER -DIN=
    CLUDE_APM_DRIVER_TEST -DINCLUDE_VESA_DRIVER -DINCLUDE_VESA_DRIVER_TEST -DIN=
    CLUDE_NV3_DRIVER -DINCLUDE_NV3_DRIVER_TEST -DINCLUDE_G400_DRIVER -DINCLUDE_=
    G400_DRIVER_TEST -DINCLUDE_R128_DRIVER -DINCLUDE_R128_DRIVER_TEST -DINCLUDE=
    _MX_DRIVER -DINCLUDE_MX_DRIVER_TEST -DINCLUDE_SAVAGE_DRIVER -DINCLUDE_SAVAG=
    E_DRIVER_TEST -DINCLUDE_PARADISE_DRIVER -DINCLUDE_PARADISE_DRIVER_TEST -DIN=
    CLUDE_RAGE_DRIVER -DINCLUDE_RAGE_DRIVER_TEST -DINCLUDE_BANSHEE_DRIVER -DINC=
    LUDE_BANSHEE_DRIVER_TEST -DINCLUDE_SIS_DRIVER -DINCLUDE_SIS_DRIVER_TEST -DI=
    NCLUDE_I740_DRIVER -DINCLUDE_I740_DRIVER_TEST -DINCLUDE_LAGUNA_DRIVER -DINC=
    LUDE_LAGUNA_DRIVER_TEST -DINCLUDE_ET6000_DRIVER -DINCLUDE_ET6000_DRIVER_TES=
    T -DINCLUDE_NEO_DRIVER -DINCLUDE_NEO_DRIVER_TEST -DINCLUDE_FBDEV_DRIVER -c =
    -o vga.o /build/buildd/svgalib-1.4.3/src/vga.c
    &gt; /build/buildd/svgalib-1.4.3/src/vga.c:25:20: error: sys/kd.h: No such fil=
    e or directory
    &gt; make[2]: *** [vga.o] Error 1
    &gt; make[2]: Leaving directory `/build/buildd/svgalib-1.4.3/sharedlib'
    -------------------- 1:1.4.3-25 --------------------
    &gt; cc -Wall -Wstrict-prototypes -fPIC -I/build/buildd/svgalib-1.4.3/include =
    -I. -I/build/buildd/svgalib-1.4.3/src -I/build/buildd/svgalib-1.4.3/src/con=
    fig -fomit-frame-pointer -O2 -fno-strength-reduce -pipe -g -DSVGALIB_CONFIG=
    _FILE=3D\"/etc/vga/libvga.config\" -DALLOW_MOUSE_OVERRIDE -DET4000_REGS=3D\=
    "/etc/vga/libvga.et4000\" -DDYNAMIC -DROOT_VC_SHORTCUT -DINCLUDE_VGA_DRIVER=
    -DINCLUDE_VGA_DRIVER_TEST -DINCLUDE_ET4000_DRIVER -DINCLUDE_ET4000_DRIVER_=
    TEST -DINCLUDE_CIRRUS_DRIVER -DINCLUDE_CIRRUS_DRIVER_TEST -DINCLUDE_TVGA_DR=
    IVER -DINCLUDE_TVGA_DRIVER_TEST -DINCLUDE_OAK_DRIVER -DINCLUDE_OAK_DRIVER_T=
    EST -DINCLUDE_EGA_DRIVER -DINCLUDE_EGA_DRIVER_TEST -DINCLUDE_MACH32_DRIVER =
    -DINCLUDE_MACH32_DRIVER_TEST -DINCLUDE_S3_DRIVER -DINCLUDE_S3_DRIVER_TEST -=
    DINCLUDE_ET3000_DRIVER -DINCLUDE_ET3000_DRIVER_TEST -DINCLUDE_GVGA6400_DRIV=
    ER -DINCLUDE_GVGA6400_DRIVER_TEST -DINCLUDE_ARK_DRIVER -DINCLUDE_ATI_DRIVER=
    -DINCLUDE_ATI_DRIVER_TEST -DINCLUDE_ALI_DRIVER -DINCLUDE_ALI_DRIVER_TEST -=
    DINCLUDE_CHIPS_DRIVER -DINCLUDE_CHIPS_DRIVER_TEST -DINCLUDE_APM_DRIVER -DIN=
    CLUDE_APM_DRIVER_TEST -DINCLUDE_VESA_DRIVER -DINCLUDE_VESA_DRIVER_TEST -DIN=
    CLUDE_NV3_DRIVER -DINCLUDE_NV3_DRIVER_TEST -DINCLUDE_G400_DRIVER -DINCLUDE_=
    G400_DRIVER_TEST -DINCLUDE_R128_DRIVER -DINCLUDE_R128_DRIVER_TEST -DINCLUDE=
    _MX_DRIVER -DINCLUDE_MX_DRIVER_TEST -DINCLUDE_SAVAGE_DRIVER -DINCLUDE_SAVAG=
    E_DRIVER_TEST -DINCLUDE_PARADISE_DRIVER -DINCLUDE_PARADISE_DRIVER_TEST -DIN=
    CLUDE_RAGE_DRIVER -DINCLUDE_RAGE_DRIVER_TEST -DINCLUDE_BANSHEE_DRIVER -DINC=
    LUDE_BANSHEE_DRIVER_TEST -DINCLUDE_SIS_DRIVER -DINCLUDE_SIS_DRIVER_TEST -DI=
    NCLUDE_I740_DRIVER -DINCLUDE_I740_DRIVER_TEST -DINCLUDE_LAGUNA_DRIVER -DINC=
    LUDE_LAGUNA_DRIVER_TEST -DINCLUDE_ET6000_DRIVER -DINCLUDE_ET6000_DRIVER_TES=
    T -DINCLUDE_NEO_DRIVER -DINCLUDE_NEO_DRIVER_TEST -DINCLUDE_FBDEV_DRIVER -c =
    -o vga.o /build/buildd/svgalib-1.4.3/src/vga.c
    &gt; /build/buildd/svgalib-1.4.3/src/vga.c:25:20: error: sys/kd.h: No such fil=
    e or directory
    &gt; make[2]: *** [vga.o] Error 1
    &gt; make[2]: Leaving directory `/build/buildd/svgalib-1.4.3/sharedlib'
</span>
</li>
<li class="packageinfo"><a href="http://buildd.debian-ports.org/build.php?arch=hurd-i386&amp;pkg=svgatextmode&amp;ver=1.9-21">svgatextmode_1.9-21</a>  [buildd_hurd-i386-beethoven]<span>
  Previous state was Failed until 2009 Jul 26 11:10:31
  Previous failing reasons:
    -------------------- 1.9-21 --------------------
    &gt; E: Couldn't find package linux-libc-dev
    -------------------- 1.9-20 --------------------
    &gt; E: Couldn't find package linux-libc-dev
</span>
</li>
<li class="packageinfo"><a href="http://buildd.debian-ports.org/build.php?arch=hurd-i386&amp;pkg=syslinux&amp;ver=2%3A3.82%2Bdfsg-1">syslinux_2:3.82+dfsg-1</a>  [buildd_hurd-i386-mozart]<span>
  Previous state was Failed until 2009 Jul 26 11:10:31
  Previous failing reasons:
    -------------------- 2:3.82+dfsg-1 --------------------
    &gt; : hurd-i386 not in arch list: amd64 i386 lpia all -- skipping
    -------------------- 2:3.81+dfsg-1 --------------------
    &gt; : hurd-i386 not in arch list: amd64 i386 lpia all -- skipping
</span>
</li>
<li class="packageinfo"><a href="http://buildd.debian-ports.org/build.php?arch=hurd-i386&amp;pkg=systemtap&amp;ver=0.9.8%2B0git20090713-1">systemtap_0.9.8+0git20090713-1</a>  [buildd_hurd-i386-mozart]<span>
  Previous state was Failed until 2009 Jul 26 11:10:31
  Previous failing reasons:
    -------------------- 0.9.8+0git20090713-1 --------------------
    &gt; : hurd-i386 not in arch list: i386 amd64 ia64 s390 powerpc arm armel armeb all -- skipping
    -------------------- 0.0.20090627-1 --------------------
    &gt; : hurd-i386 not in arch list: i386 amd64 ia64 s390 powerpc arm armel armeb all -- skipping
    -------------------- 0.0.20090613-1 --------------------
    &gt; : hurd-i386 not in arch list: i386 amd64 ia64 s390 powerpc arm armel armeb all -- skipping
    -------------------- 0.0.20090502-1 --------------------
    &gt; docproc.c:90: error: 'PATH_MAX' undeclared (first use in this function)
</span>
</li>
<li class="empty"><br /></li>
<li class="packageinfo"><a href="http://buildd.debian-ports.org/build.php?arch=hurd-i386&amp;pkg=tcc&amp;ver=0.9.24-1">tcc_0.9.24-1</a>  [buildd_hurd-i386-bach]<span>
  Previous state was Failed until 2009 Jul 26 11:10:31
  Previous failing reasons:
    -------------------- 0.9.24-1 --------------------
    &gt; Unsupported CPU
    -------------------- 0.9.24~cvs20070502-2 --------------------
    &gt; ./tcc -B. -I. -run tcctest.c &gt; test.out
    &gt; /usr/lib/libc.so:3: filename expected
    &gt; /usr/lib/libc.so:3: unrecognized file type
    &gt; tcc: file 'libcrt.a' not found
    &gt; tcc: file 'libmachuser.a' not found
    &gt; tcc: file 'libhurduser.a' not found
    &gt; /usr/lib/libc.a:4: filename expected
    &gt; /usr/lib/libc.a:4: unrecognized file type
    &gt; make[1]: *** [test.out] Error 255
    &gt; make[1]: Leaving directory `/build/buildd/tcc-0.9.24~cvs20070502'
</span>
</li>
<li class="packageinfo"><a href="http://buildd.debian-ports.org/build.php?arch=hurd-i386&amp;pkg=toshset&amp;ver=1.75-1">toshset_1.75-1</a>  [buildd_hurd-i386-rossini]<span>
  Previous state was Failed until 2009 Jul 26 11:10:31
  Previous failing reasons:
    -------------------- 1.75-1 --------------------
    &gt; : hurd-i386 not in arch list: i386 amd64 -- skipping
    -------------------- 1.74-3 --------------------
    &gt; : hurd-i386 not in arch list: i386 amd64 -- skipping
    -------------------- 1.74-2 --------------------
    &gt; : hurd-i386 not in arch list: i386 amd64 -- skipping
    -------------------- 1.74-1 --------------------
    &gt; : hurd-i386 not in arch list: i386 amd64 -- skipping
    -------------------- 1.73-3 --------------------
    &gt; : hurd-i386 not in arch list: i386 amd64 -- skipping
    -------------------- 1.73-2 --------------------
    &gt; : hurd-i386 not in arch list: i386 amd64 -- skipping
</span>
</li>
<li class="packageinfo"><a href="http://buildd.debian-ports.org/build.php?arch=hurd-i386&amp;pkg=toshutils&amp;ver=2.0.1%2Bdebian-23">toshutils_2.0.1+debian-23</a>  [buildd_hurd-i386-rossini]<span>
  Previous state was Failed until 2009 Jul 26 11:10:31
  Previous failing reasons:
    -------------------- 2.0.1+debian-23 --------------------
    &gt; : hurd-i386 not in arch list: i386 -- skipping
    -------------------- 2.0.1+debian-22 --------------------
    &gt; : hurd-i386 not in arch list: i386 -- skipping
    -------------------- 2.0.1+debian-21 --------------------
    &gt; : hurd-i386 not in arch list: i386 -- skipping
    -------------------- 2.0.1-20 --------------------
    &gt; : hurd-i386 not in arch list: i386 -- skipping
    -------------------- 2.0.1-19 --------------------
    &gt; : hurd-i386 not in arch list: i386 -- skipping
    -------------------- 2.0.1-19 --------------------
    &gt; autoreconf
    &gt; ls: ./acinclude.m4: No such file or directory
</span>
</li>
<li class="packageinfo"><a href="http://buildd.debian-ports.org/build.php?arch=hurd-i386&amp;pkg=tvtime&amp;ver=1.0.2-2">tvtime_1.0.2-2</a>  [buildd_hurd-i386-mozart]<span>
  Previous state was Failed until 2009 Jul 26 11:10:31
  Previous failing reasons:
    -------------------- 1.0.2-2 --------------------
    &gt; if i486-gnu-gcc -DHAVE_CONFIG_H -I. -I. -I..    `/usr/bin/freetype-config --cflags`  -Wall -pedantic -I. -DDATADIR="\"/usr/share/tvtime\"" -DCONFDIR="\"/etc/tvtime\"" -DFIFODIR="\"/tmp\"" -D_LARGEFILE64_SOURCE -DLOCALEDIR="\"/usr/share/locale\"" -I../plugins  -I/usr/include/libxml2 -DFONTDIR="\"/usr/share/fonts/truetype/freefont\""  -g  -O3 -fomit-frame-pointer -std=gnu99 -MT tvtime-videoinput.o -MD -MP -MF ".deps/tvtime-videoinput.Tpo" \
    &gt; 	  -c -o tvtime-videoinput.o `test -f 'videoinput.c' || echo './'`videoinput.c; \
    &gt; 	then mv -f ".deps/tvtime-videoinput.Tpo" ".deps/tvtime-videoinput.Po"; \
    &gt; 	else rm -f ".deps/tvtime-videoinput.Tpo"; exit 1; \
    &gt; 	fi
    &gt; In file included from videoinput.c:38:
    &gt; videodev.h:4:25: error: linux/types.h: No such file or directory
    -------------------- 1.0.2-1 --------------------
    &gt; if i486-gnu-gcc -DHAVE_CONFIG_H -I. -I. -I..    `/usr/bin/freetype-config --cflags`  -Wall -pedantic -I. -DDATADIR="\"/usr/share/tvtime\"" -DCONFDIR="\"/etc/tvtime\"" -DFIFODIR="\"/tmp\"" -D_LARGEFILE64_SOURCE -DLOCALEDIR="\"/usr/share/locale\"" -I../plugins  -I/usr/include/libxml2 -DFONTDIR="\"/usr/share/fonts/truetype/freefont\""  -g  -O3 -fomit-frame-pointer -std=gnu99 -MT tvtime-videoinput.o -MD -MP -MF ".deps/tvtime-videoinput.Tpo" \
    &gt; 	  -c -o tvtime-videoinput.o `test -f 'videoinput.c' || echo './'`videoinput.c; \
    &gt; 	then mv -f ".deps/tvtime-videoinput.Tpo" ".deps/tvtime-videoinput.Po"; \
    &gt; 	else rm -f ".deps/tvtime-videoinput.Tpo"; exit 1; \
    &gt; 	fi
    &gt; In file included from videoinput.c:38:
    &gt; videodev.h:4:25: error: linux/types.h: No such file or directory
    -------------------- 1.0.2-0.3 --------------------
    &gt; if i486-gnu-gcc -DHAVE_CONFIG_H -I. -I. -I..    `/usr/bin/freetype-config --cflags`  -Wall -pedantic -I. -DDATADIR="\"/usr/share/tvtime\"" -DCONFDIR="\"/etc/tvtime\"" -DFIFODIR="\"/tmp\"" -D_LARGEFILE64_SOURCE -DLOCALEDIR="\"/usr/share/locale\"" -I../plugins  -I/usr/include/libxml2 -DFONTDIR="\"/usr/share/fonts/truetype/freefont\""  -g  -O3 -fomit-frame-pointer -std=gnu99 -MT tvtime-videoinput.o -MD -MP -MF ".deps/tvtime-videoinput.Tpo" \
    &gt; 	  -c -o tvtime-videoinput.o `test -f 'videoinput.c' || echo './'`videoinput.c; \
    &gt; 	then mv -f ".deps/tvtime-videoinput.Tpo" ".deps/tvtime-videoinput.Po"; \
    &gt; 	else rm -f ".deps/tvtime-videoinput.Tpo"; exit 1; \
    &gt; 	fi
    &gt; In file included from videoinput.c:38:
    &gt; videodev.h:4:25: error: linux/types.h: No such file or directory
</span>
</li>
<li class="empty"><br /></li>
<li class="packageinfo"><a href="http://buildd.debian-ports.org/build.php?arch=hurd-i386&amp;pkg=u%2B%2B&amp;ver=5.3.0-2">u++_5.3.0-2</a>  [buildd_hurd-i386-mozart]<span>
  Previous state was Failed until 2009 Jul 26 11:10:31
  Previous failing reasons:
    -------------------- 5.3.0-2 --------------------
    &gt; make[1]: Entering directory `/build/buildd/u++-5.3.0'
    &gt; make[1]: *** No rule to make target `gnu-i386'.  Stop.
    -------------------- 5.3.0-1.1 --------------------
    &gt; make[1]: Entering directory `/build/buildd/u++-5.3.0'
    &gt; make[1]: *** No rule to make target `gnu-i386'.  Stop.
</span>
</li>
<li class="packageinfo"><a href="http://buildd.debian-ports.org/build.php?arch=hurd-i386&amp;pkg=usplash&amp;ver=0.5.19-3">usplash_0.5.19-3</a>  [buildd_hurd-i386-mozart]<span>
  Previous state was Failed until 2009 Jul 26 11:10:31
  Previous failing reasons:
    -------------------- 0.5.19-3 --------------------
    &gt; : hurd-i386 not in arch list: amd64 armel i386 powerpc sparc -- skipping
    -------------------- 0.5.19-2 --------------------
    &gt; : hurd-i386 not in arch list: amd64 armel i386 powerpc sparc -- skipping
    -------------------- 0.5.19-1 --------------------
    &gt; : hurd-i386 not in arch list: amd64 armel i386 powerpc sparc -- skipping
    -------------------- 0.5.2-3 --------------------
    &gt; cc -E -O2 -g -D_GNU_SOURCE -Wall -D_GNU_SOURCE -DBOGL_CFB_FB=1 -M arrow.c bdftobogl.c bogl-cfb.c bogl-cfb.h bogl-cfb8.c bogl-cfb8.h bogl-font.c bogl-font.h bogl-pcfb.c bogl-pcfb.h bogl-tcfb.c bogl-tcfb.h bogl-test.c bogl.c bogl.h boglP.h boml.c boml.h bowl-boxes.c bowl.c bowl.h pngtobogl.c &gt; .depend
    &gt; bogl-pcfb.c:30:22: error: linux/fb.h: No such file or directory
    &gt; bogl-tcfb.c:30:22: error: linux/fb.h: No such file or directory
    &gt; bogl.c:24:22: error: linux/fb.h: No such file or directory
    &gt; bogl.c:25:22: error: linux/kd.h: No such file or directory
    &gt; bogl.c:26:22: error: linux/vt.h: No such file or directory
    &gt; bowl-boxes.c:27:22: error: linux/vt.h: No such file or directory
    &gt; make[2]: *** [.depend] Error 1
    &gt; make[2]: Leaving directory `/build/buildd/usplash-0.3e/bogl'
    -------------------- 0.5.2-2 --------------------
    &gt; cc -E -O2 -g -D_GNU_SOURCE -Wall -D_GNU_SOURCE -DBOGL_CFB_FB=1 -M arrow.c bdftobogl.c bogl-cfb.c bogl-cfb.h bogl-cfb8.c bogl-cfb8.h bogl-font.c bogl-font.h bogl-pcfb.c bogl-pcfb.h bogl-tcfb.c bogl-tcfb.h bogl-test.c bogl.c bogl.h boglP.h boml.c boml.h bowl-boxes.c bowl.c bowl.h pngtobogl.c &gt; .depend
    &gt; bogl-pcfb.c:30:22: error: linux/fb.h: No such file or directory
    &gt; bogl-tcfb.c:30:22: error: linux/fb.h: No such file or directory
    &gt; bogl.c:24:22: error: linux/fb.h: No such file or directory
    &gt; bogl.c:25:22: error: linux/kd.h: No such file or directory
    &gt; bogl.c:26:22: error: linux/vt.h: No such file or directory
    &gt; bowl-boxes.c:27:22: error: linux/vt.h: No such file or directory
    &gt; make[2]: *** [.depend] Error 1
    &gt; make[2]: Leaving directory `/build/buildd/usplash-0.3e/bogl'
    -------------------- 0.4-43-3 --------------------
    &gt; cc -E -O2 -g -D_GNU_SOURCE -Wall -D_GNU_SOURCE -DBOGL_CFB_FB=1 -M arrow.c bdftobogl.c bogl-cfb.c bogl-cfb.h bogl-cfb8.c bogl-cfb8.h bogl-font.c bogl-font.h bogl-pcfb.c bogl-pcfb.h bogl-tcfb.c bogl-tcfb.h bogl-test.c bogl.c bogl.h boglP.h boml.c boml.h bowl-boxes.c bowl.c bowl.h pngtobogl.c &gt; .depend
    &gt; bogl-pcfb.c:30:22: error: linux/fb.h: No such file or directory
    &gt; bogl-tcfb.c:30:22: error: linux/fb.h: No such file or directory
    &gt; bogl.c:24:22: error: linux/fb.h: No such file or directory
    &gt; bogl.c:25:22: error: linux/kd.h: No such file or directory
    &gt; bogl.c:26:22: error: linux/vt.h: No such file or directory
    &gt; bowl-boxes.c:27:22: error: linux/vt.h: No such file or directory
    &gt; make[2]: *** [.depend] Error 1
    &gt; make[2]: Leaving directory `/build/buildd/usplash-0.3e/bogl'
    -------------------- 0.3e --------------------
    -------------------- 0.3e --------------------
    -------------------- 0.3e --------------------
    -------------------- 0.3e --------------------
    -------------------- 0.3e --------------------
    &gt; cc -E -O2 -g -D_GNU_SOURCE -Wall -D_GNU_SOURCE -DBOGL_CFB_FB=1 -M arrow.c bdftobogl.c bogl-cfb.c bogl-cfb.h bogl-cfb8.c bogl-cfb8.h bogl-font.c bogl-font.h bogl-pcfb.c bogl-pcfb.h bogl-tcfb.c bogl-tcfb.h bogl-test.c bogl.c bogl.h boglP.h boml.c boml.h bowl-boxes.c bowl.c bowl.h pngtobogl.c &gt; .depend
    &gt; bogl-pcfb.c:30:22: error: linux/fb.h: No such file or directory
    &gt; bogl-tcfb.c:30:22: error: linux/fb.h: No such file or directory
    &gt; bogl.c:24:22: error: linux/fb.h: No such file or directory
    &gt; bogl.c:25:22: error: linux/kd.h: No such file or directory
    &gt; bogl.c:26:22: error: linux/vt.h: No such file or directory
    &gt; bowl-boxes.c:27:22: error: linux/vt.h: No such file or directory
    &gt; make[2]: *** [.depend] Error 1
    &gt; make[2]: Leaving directory `/build/buildd/usplash-0.3e/bogl'
</span>
</li>
<li class="empty"><br /></li>
<li class="packageinfo"><a href="http://buildd.debian-ports.org/build.php?arch=hurd-i386&amp;pkg=v86d&amp;ver=0.1.9-1">v86d_0.1.9-1</a>  [buildd_hurd-i386-mozart]<span>
  Previous state was Failed until 2009 Jul 26 11:10:31
  Previous failing reasons:
    -------------------- 0.1.9-1 --------------------
    &gt; : hurd-i386 not in arch list: i386 amd64 -- skipping
    -------------------- 0.1.5.2-1 --------------------
    &gt; : hurd-i386 not in arch list: i386 amd64 -- skipping
    -------------------- 0.1.5-1 --------------------
    &gt; : hurd-i386 not in arch list: i386 amd64 -- skipping
</span>
</li>
<li class="empty"><br /></li>
<li class="packageinfo"><a href="http://buildd.debian-ports.org/build.php?arch=hurd-i386&amp;pkg=wine&amp;ver=1.0.1-2">wine_1.0.1-2</a>  [buildd_hurd-i386-bach]<span>
  Previous state was Failed until 2009 Jul 26 11:10:31
  Previous failing reasons:
    -------------------- 1.0.1-2 --------------------
    &gt; ../../../dlls/crypt32/rootstore.c:324: error: 'PATH_MAX' undeclared (first use in this function)
    -------------------- 1.0.1-1 --------------------
    &gt; ../../../dlls/crypt32/rootstore.c:324: error: 'PATH_MAX' undeclared (first use in this function)
</span>
</li>
<li class="empty"><br /></li>
<li class="packageinfo"><a href="http://buildd.debian-ports.org/build.php?arch=hurd-i386&amp;pkg=x86info&amp;ver=1.24-1">x86info_1.24-1</a>  [buildd_hurd-i386-rossini]<span>
  Previous state was Failed until 2009 Jul 26 11:10:31
  Previous failing reasons:
    -------------------- 1.24-1 --------------------
    &gt; : hurd-i386 not in arch list: i386 amd64 kfreebsd-i386 kfreebsd-amd64 -- skipping
    -------------------- 1.21-2 --------------------
    &gt; : hurd-i386 not in arch list: i386 amd64 kfreebsd-i386 -- skipping
    -------------------- 1.21-1 --------------------
    &gt; : hurd-i386 not in arch list: i386 amd64 kfreebsd-i386 -- skipping
</span>
</li>
<li class="packageinfo"><a href="http://buildd.debian-ports.org/build.php?arch=hurd-i386&amp;pkg=xenwatch&amp;ver=0.5.4-1">xenwatch_0.5.4-1</a>  [buildd_hurd-i386-rossini]<span>
  Previous state was Failed until 2009 Jul 26 11:10:31
  Previous failing reasons:
    -------------------- 0.5.4-1 --------------------
    &gt; : hurd-i386 not in arch list: amd64 i386 -- skipping
    -------------------- 0.5.2-1 --------------------
    &gt; : hurd-i386 not in arch list: amd64 i386 -- skipping
</span>
</li>
<li class="packageinfo"><a href="http://buildd.debian-ports.org/build.php?arch=hurd-i386&amp;pkg=xserver-xorg-input-vmmouse&amp;ver=1%3A12.6.4-1">xserver-xorg-input-vmmouse_1:12.6.4-1</a>  [buildd_hurd-i386-bach]<span>
  Previous state was Failed until 2009 Jul 26 11:10:31
  Previous failing reasons:
    -------------------- 1:12.6.4-1 --------------------
    &gt; : hurd-i386 not in arch list: i386 amd64 -- skipping
    -------------------- 1:12.6.3-2 --------------------
    &gt; : hurd-i386 not in arch list: i386 amd64 -- skipping
    -------------------- 1:12.5.1-4 --------------------
    &gt; : hurd-i386 not in arch list: i386 amd64 -- skipping
    -------------------- 1:12.5.1-3 --------------------
    &gt; : hurd-i386 not in arch list: i386 amd64 -- skipping
    -------------------- 1:12.5.1-2 --------------------
    &gt; : hurd-i386 not in arch list: i386 amd64 -- skipping
    -------------------- 1:12.5.1-1 --------------------
    &gt; : hurd-i386 not in arch list: i386 amd64 -- skipping
    -------------------- 1:12.4.3-2 --------------------
    &gt; : hurd-i386 not in arch list: i386 amd64 -- skipping
    -------------------- 1:12.4.3-1 --------------------
    &gt; : hurd-i386 not in arch list: i386 amd64 -- skipping
    -------------------- 1:12.4.2-3 --------------------
    &gt; : hurd-i386 not in arch list: i386 amd64 -- skipping
    -------------------- 12.4.0-2 --------------------
    &gt; : hurd-i386 not in arch list: i386 amd64 -- skipping
</span>
</li>
<li class="packageinfo"><a href="http://buildd.debian-ports.org/build.php?arch=hurd-i386&amp;pkg=xserver-xorg-video-geode&amp;ver=2.10.1-2">xserver-xorg-video-geode_2.10.1-2</a>  [buildd_hurd-i386-mozart]<span>
  Previous state was Failed until 2008 Sep 23 20:02:34
  Previous failing reasons:
    -------------------- 2.10.1-2 --------------------
    Same as previous version (couldn't extract the text)
    -------------------- 2.10.1-1 --------------------
    &gt; : hurd-i386 not in arch list: i386 -- skipping
    -------------------- 2.10.0-4 --------------------
    &gt; : hurd-i386 not in arch list: i386 -- skipping
    -------------------- 2.10.0-3 --------------------
    &gt; : hurd-i386 not in arch list: i386 -- skipping
    -------------------- 2.10.0-2 --------------------
    &gt; : hurd-i386 not in arch list: i386 -- skipping
    -------------------- 2.10.0-1 --------------------
    &gt; : hurd-i386 not in arch list: i386 -- skipping
    -------------------- 2.9.0-4 --------------------
    &gt; : hurd-i386 not in arch list: i386 -- skipping
    -------------------- 2.9.0-3 --------------------
    &gt; : hurd-i386 not in arch list: i386 -- skipping
    -------------------- 2.9.0-2 --------------------
    &gt; : hurd-i386 not in arch list: i386 -- skipping
    -------------------- 2.9.0-1 --------------------
    &gt; : hurd-i386 not in arch list: i386 -- skipping
    -------------------- 2.8.0+git20080424-1 --------------------
    &gt; : hurd-i386 not in arch list: i386 -- skipping
</span>
</li>
<li class="empty"><br /></li>
<li class="packageinfo"><a href="http://buildd.debian-ports.org/build.php?arch=hurd-i386&amp;pkg=ypsilon&amp;ver=0.9.6.update3-4">ypsilon_0.9.6.update3-4</a>  [buildd_hurd-i386-mozart]<span>
  Previous state was Failed until 2009 Jul 26 11:10:31
  Previous failing reasons:
    -------------------- 0.9.6.update3-4 --------------------
    &gt; : hurd-i386 not in arch list: i386 amd64 -- skipping
    -------------------- 0.9.6.update3-3 --------------------
    &gt; : hurd-i386 not in arch list: i386 amd64 -- skipping
    -------------------- 0.9.6.update3-2 --------------------
    &gt; : hurd-i386 not in arch list: i386 amd64 -- skipping
    -------------------- 0.9.6.update3-1 --------------------
    &gt; : hurd-i386 not in arch list: i386 amd64 -- skipping
</span>
</li>

   </ul>
 </body>
</html>
