<?xml version="1.0" encoding="iso-8859-1"?>
<!DOCTYPE html PUBLIC "-//W3C//DTD XHTML 1.0 Strict//EN" "http://www.w3.org/TR/xhtml1/DTD/xhtml1-strict.dtd">
<html xmlns="http://www.w3.org/1999/xhtml">
 <head>
  <title>input/m68k-all.txt Failed -- 2009-10-02 19:42:11</title>
  <link rel="stylesheet" href="http://buildd.net/builddnet.css" type="text/css" />
 </head>
 <body>
  <h1>Failed -- 56 -- 2009-10-02 19:42:11 input/m68k-all.txt</h1>
   <hr />
   <ul>
<li class="packageinfo"><a href="http://buildd.debian.org/build.php?arch=m68k&amp;pkg=adolc&amp;ver=1.10.2-3">adolc_1.10.2-3</a>  [buildd_m68k-thing2]<span>
    warning: some new symbols appeared in the symbols file
    all archs
  Previous state was Building until 2008 Aug 25 13:10:40
</span>
</li>
<li class="packageinfo"><a href="http://buildd.debian.org/build.php?arch=m68k&amp;pkg=antlr3&amp;ver=3.0.1%2Bdfsg-4">antlr3_3.0.1+dfsg-4</a>  [buildd_m68k-kiivi]<span>
  Reasons for BD-Uninstallable:
    antlr (= 2.7.7-14) build-depends on python {python (= 2.5.4-2)}
  Previous state was Needs-Build until 2009 Sep 07 23:00:31
</span>
</li>
<li class="packageinfo"><a href="http://buildd.debian.org/build.php?arch=m68k&amp;pkg=atlas&amp;ver=3.6.0-24">atlas_3.6.0-24</a>  [buildd_m68k-zlin2]<span>
    failed self-tests (on aranym)
  Previous state was Building until 2009 Feb 28 16:44:41
</span>
</li>
<li class="empty"><br /></li>
<li class="packageinfo"><a href="http://buildd.debian.org/build.php?arch=m68k&amp;pkg=cddlib&amp;ver=094b.dfsg-4">cddlib_094b.dfsg-4</a>  [buildd_m68k-elgar]<span>
    | libtool: compile:  g++ -DPACKAGE_NAME=\"\" -DPACKAGE_TARNAME=\"\"
    | -DPACKAGE_VERS
    | +ION=\"\" -DPACKAGE_STRING=\"\" -DPACKAGE_BUGREPORT=\"\"
    | -DPACKAGE=\"cddlib\" -D
    | +VERSION=\"0.94\" -DSTDC_HEADERS=1 -DHAVE_SYS_TYPES_H=1
    | -DHAVE_SYS_STAT_H=1 -DHA
    | +VE_STDLIB_H=1 -DHAVE_STRING_H=1 -DHAVE_MEMORY_H=1 -DHAVE_STRINGS_H=1
    | -DHAVE_INT
    | +TYPES_H=1 -DHAVE_STDINT_H=1 -DHAVE_UNISTD_H=1 -DHAVE_DLFCN_H=1
    | -DLT_OBJDIR=\".l
    | +ibs/\" -DHAVE_LIBGMP=1 -DSTDC_HEADERS=1 -I. -UGMPRATIONAL -g -O2 -g
    | -Wall -O2 -
    | +c cddlp.c -o cddlp.o &gt;/dev/null 2&gt;&amp;1
    .
    All errors to /dev/null? sigh.
  Previous state was Building until 2009 May 06 12:30:41
</span>
</li>
<li class="packageinfo"><a href="http://buildd.debian.org/build.php?arch=m68k&amp;pkg=cernlib&amp;ver=2006.dfsg.2-14">cernlib_2006.dfsg.2-14</a>  [buildd_m68k-zeus]<span>
    range check error on hex assignment
    gfortran ublow.F
    /build/buildd/cernlib-2006.dfsg.2/src/kernlib/kerngen/tcgens/lnxppcgs/ublow.F:23.28:
    Included at
    /build/buildd/cernlib-2006.dfsg.2/src/kernlib/kerngen/tcgens/ublow.F:34:
    ..
    data mask1/x'ff000000'/
    1
    Error: Arithmetic overflow converting INTEGER(8) to INTEGER(4) at (1). This
    check can be disabled with the option -fno-range-check
  Previous state was Building until 2009 Mar 23 13:51:27
</span>
</li>
<li class="packageinfo"><a href="http://buildd.debian.org/build.php?arch=m68k&amp;pkg=charva&amp;ver=1.1.4-4">charva_1.1.4-4</a>  [buildd_m68k-arrakis]<span>
  Previous state was Failed-Removed until 2008 Sep 23 19:58:30
</span>
</li>
<li class="packageinfo"><a href="http://buildd.debian.org/build.php?arch=m68k&amp;pkg=copyfs&amp;ver=1.0.1-4">copyfs_1.0.1-4</a>  [buildd_m68k-minthe]<span>
  Reasons for BD-Uninstallable:
    console-tools (= 1:0.2.3dbs-66) build-depends on linuxdoc-tools {linuxdoc-tools (= 0.9.60)}
  Previous state was Needs-Build until 2009 Aug 27 23:30:31
</span>
</li>
<li class="empty"><br /></li>
<li class="packageinfo"><a href="http://buildd.debian.org/build.php?arch=m68k&amp;pkg=diagnostics&amp;ver=0.2.7-2">diagnostics_0.2.7-2</a>  [buildd_m68k-zeus]<span>
    | /usr/include/sys/procfs.h:46: error: invalid application of 'sizeof' to
    | incomplete type 'user_regs_struct'
  Previous state was Building until 2009 May 27 12:46:03
</span>
</li>
<li class="empty"><br /></li>
<li class="packageinfo"><a href="http://buildd.debian.org/build.php?arch=m68k&amp;pkg=emacs22&amp;ver=22.3%2B1-1.1">emacs22_22.3+1-1.1</a>  [buildd_m68k-zlin2]<span>
    | ./temacs --batch --load loadup bootstrap
    | make[3]: *** [bootstrap-emacs] Segmentation fault
  Previous state was Building until 2009 Jul 04 16:11:23
</span>
</li>
<li class="packageinfo"><a href="http://buildd.debian.org/build.php?arch=m68k&amp;pkg=eprover&amp;ver=1.0.004-1">eprover_1.0.004-1</a>  [buildd_m68k-zeus]<span>
    /bin/sh: htlatex: command not found
    all archs
  Previous state was Building until 2009 Apr 10 21:17:12
</span>
</li>
<li class="empty"><br /></li>
<li class="packageinfo"><a href="http://buildd.debian.org/build.php?arch=m68k&amp;pkg=fizmo&amp;ver=0.6.4-1">fizmo_0.6.4-1</a>  [buildd_m68k-arrakis]<span>
  Reasons for BD-Uninstallable:
    excellent-bifurcation (= 0.0.20071015-2) build-depends on debhelper (&gt;= 5) {debhelper (= 7.4.3)}
  Previous state was Needs-Build until 2009 Aug 16 17:40:28
</span>
</li>
<li class="packageinfo"><a href="http://buildd.debian.org/build.php?arch=m68k&amp;pkg=freecycle&amp;ver=0.6.1.1alpha-1">freecycle_0.6.1.1alpha-1</a>  [buildd_m68k]<span>
    ice.
  Previous state was Needs-Build until 2008 Jul 18 15:57:41
</span>
</li>
<li class="packageinfo"><a href="http://buildd.debian.org/build.php?arch=m68k&amp;pkg=fusecompress&amp;ver=2.5-2">fusecompress_2.5-2</a>  [buildd_m68k-zlin3]<span>
    | FileRememberTimes.cpp: In destructor
    | 'FileRememberTimes::~FileRememberTimes()':
    | FileRememberTimes.cpp:22: error: 'futimens' was not declared in this
    | scope
    | make[2]: *** [FileRememberTimes.o] Error 1
  Previous state was Building until 2009 May 18 12:20:59
</span>
</li>
<li class="empty"><br /></li>
<li class="packageinfo"><a href="http://buildd.debian.org/build.php?arch=m68k&amp;pkg=gawk&amp;ver=1%3A3.1.6.dfsg-3">gawk_1:3.1.6.dfsg-3</a>  [buildd_m68k-zlin3]<span>
    | 4 TESTS FAILED
  Previous state was Building until 2009 Jun 30 12:24:40
</span>
</li>
<li class="packageinfo"><a href="http://buildd.debian.org/build.php?arch=m68k&amp;pkg=genesis&amp;ver=2.2.1-12">genesis_2.2.1-12</a>  [buildd_m68k-thing1]<span>
    hines_chip.c:595: internal compiler error: in reg_overlap_mentioned_for_reload_p, at reload.c:6525
    m68k only
  Previous state was Building until 2008 Apr 29 15:20:32
</span>
</li>
<li class="packageinfo"><a href="http://buildd.debian.org/build.php?arch=m68k&amp;pkg=gigedit&amp;ver=0.1.1-2.2">gigedit_0.1.1-2.2</a>  [buildd_m68k]<span>
    m68k.
  Previous state was Needs-Build until 2008 Jul 18 16:03:00
</span>
</li>
<li class="packageinfo"><a href="http://buildd.debian.org/build.php?arch=m68k&amp;pkg=gmfsk&amp;ver=0.6%2B0.7pre1-2.1">gmfsk_0.6+0.7pre1-2.1</a>  [buildd_m68k-theia]<span>
    waterfall.c: In function ‘waterfall_size_allocate’:
    waterfall.c:524: internal compiler error: Segmentation fault
    m68k only
  Previous state was Building until 2008 Apr 22 13:00:31
</span>
</li>
<li class="packageinfo"><a href="http://buildd.debian.org/build.php?arch=m68k&amp;pkg=gtest&amp;ver=1.3.0-1">gtest_1.3.0-1</a>  [buildd_m68k-vivaldi]<span>
    thread self-test failures
  Previous state was Building until 2009 May 27 13:04:43
</span>
</li>
<li class="packageinfo"><a href="http://buildd.debian.org/build.php?arch=m68k&amp;pkg=gtkrsync&amp;ver=1.0.2">gtkrsync_1.0.2</a>  [buildd_m68k]<span>
    all archs.
  Previous state was Dep-Wait until 2008 Jul 18 15:57:22
</span>
</li>
<li class="empty"><br /></li>
<li class="packageinfo"><a href="http://buildd.debian.org/build.php?arch=m68k&amp;pkg=iceowl&amp;ver=0.8-6">iceowl_0.8-6</a>  [buildd_m68k-minthe]<span>
  Reasons for BD-Uninstallable:
    bisho (= 0.12-1) build-depends on debhelper (&gt;= 7) {debhelper (= 7.4.3)}
  Previous state was Needs-Build until 2009 Sep 14 17:15:31
</span>
</li>
<li class="packageinfo"><a href="http://buildd.debian.org/build.php?arch=m68k&amp;pkg=inteltool&amp;ver=0.0%2Br4091-1">inteltool_0.0+r4091-1</a>  [buildd_m68k-zlin2]<span>
    | gcc -g -O2 -g -Wall -O2   -c -o inteltool.o inteltool.c
    | In file included from inteltool.c:26:
    | inteltool.h:22:20: error: sys/io.h: No such file or directory
    | inteltool.c: In function 'map_physical':
    | inteltool.c:60: warning: format '%08x' expects type 'unsigned int', but
    | argument
    | + 2 has type 'long unsigned int'
    | inteltool.c: In function 'main':
    | inteltool.c:186: warning: implicit declaration of function 'iopl'
    needs porting
  Previous state was Building until 2009 May 11 13:50:57
</span>
</li>
<li class="empty"><br /></li>
<li class="packageinfo"><a href="http://buildd.debian.org/build.php?arch=m68k&amp;pkg=libb-utils-perl&amp;ver=0.07-1">libb-utils-perl_0.07-1</a>  [buildd_m68k-elgar]<span>
    failed self-tests
    | DIED. FAILED tests 4-9, 14-27, 36-43, 46-51, 58-59, 62-63, 68-81, 90-93,
    | 96-99
    |        Failed 60/109 tests, 44.95% okay
  Previous state was Building until 2009 Mar 04 13:31:10
</span>
</li>
<li class="packageinfo"><a href="http://buildd.debian.org/build.php?arch=m68k&amp;pkg=libconvert-binary-c-perl&amp;ver=0.74-1">libconvert-binary-c-perl_0.74-1</a>  [buildd_m68k-poseidon]<span>
    timeout on threads self-test
    tests/602_threads.........
    m68k only
  Previous state was Building until 2009 Apr 21 12:41:04
</span>
</li>
<li class="packageinfo"><a href="http://buildd.debian.org/build.php?arch=m68k&amp;pkg=libdatetime-perl&amp;ver=2%3A0.4900-1">libdatetime-perl_2:0.4900-1</a>  [buildd_m68k-poseidon]<span>
    | t/20infinite............
    | #   Failed test 'pos microsecond is inf'
    | #   at t/20infinite.t line 85.
    | #          got: '-2147483647'
    | #     expected: 'inf'
  Previous state was Building until 2009 Jun 30 15:58:18
</span>
</li>
<li class="packageinfo"><a href="http://buildd.debian.org/build.php?arch=m68k&amp;pkg=libembperl-perl&amp;ver=2.2.0-3.1">libembperl-perl_2.2.0-3.1</a>  [buildd_m68k]<span>
    perl threads problems, m68k
    .
  Previous state was Building until 2008 Jul 18 18:08:04
</span>
</li>
<li class="packageinfo"><a href="http://buildd.debian.org/build.php?arch=m68k&amp;pkg=libforks-perl&amp;ver=0.33-1">libforks-perl_0.33-1</a>  [buildd_m68k-zlin2]<span>
  Reasons for BD-Uninstallable:
    libfilter-perl (= 1.37-2) build-depends on debhelper (&gt;= 7.0.50) {debhelper (= 7.4.3)}
    debhelper (= 7.4.3) depends on perl-base (&gt;= 5.10) {perl-base (= 5.10.0-19)}
  Previous state was Needs-Build until 2009 Sep 07 01:15:31
</span>
</li>
<li class="packageinfo"><a href="http://buildd.debian.org/build.php?arch=m68k&amp;pkg=libgnomedb3&amp;ver=3.0.0-4">libgnomedb3_3.0.0-4</a>  [buildd_m68k]<span>
    /bin/sed: can't read /usr/lib/libfam.la: No such file or directory.
  Previous state was Needs-Build until 2008 Jul 18 16:10:40
</span>
</li>
<li class="packageinfo"><a href="http://buildd.debian.org/build.php?arch=m68k&amp;pkg=libgtk2-notify-perl&amp;ver=0.05-1">libgtk2-notify-perl_0.05-1</a>  [buildd_m68k-vault13]<span>
    | Failed 2/34 tests, 94.12% okay
  Previous state was Building until 2009 May 27 12:15:50
</span>
</li>
<li class="packageinfo"><a href="http://buildd.debian.org/build.php?arch=m68k&amp;pkg=libipc-sharelite-perl&amp;ver=0.17-1">libipc-sharelite-perl_0.17-1</a>  [buildd_m68k-zlin2]<span>
    DIED. FAILED tests 2-14
  Previous state was Building until 2009 Apr 10 21:47:14
</span>
</li>
<li class="packageinfo"><a href="http://buildd.debian.org/build.php?arch=m68k&amp;pkg=libitpp&amp;ver=4.0.6-3">libitpp_4.0.6-3</a>  [buildd_m68k-zlin2]<span>
    | ERROR: 6/55 tests failed!!!
  Previous state was Building until 2009 Apr 27 12:30:48
</span>
</li>
<li class="packageinfo"><a href="http://buildd.debian.org/build.php?arch=m68k&amp;pkg=libkarma&amp;ver=0.0.6-4.1">libkarma_0.0.6-4.1</a>  [buildd_m68k-zeus]<span>
    see bug <a href="http://bugs.debian.org/cgi-bin/bugreport.cgi?bug=520862">#520862</a>, /usr/bin/csc: Command not found, all archs
  Previous state was Building until 2009 Apr 10 20:55:25
</span>
</li>
<li class="packageinfo"><a href="http://buildd.debian.org/build.php?arch=m68k&amp;pkg=libsigsegv&amp;ver=2.5-3">libsigsegv_2.5-3</a>  [buildd_m68k-zlin1]<span>
    failed self-test: FAIL: sigsegv2, m68k only
  Previous state was Building until 2009 Mar 27 01:12:17
</span>
</li>
<li class="packageinfo"><a href="http://buildd.debian.org/build.php?arch=m68k&amp;pkg=libtommath&amp;ver=0.39-3">libtommath_0.39-3</a>  [buildd_m68k]<span>
    all archs.
  Previous state was Needs-Build until 2008 Jul 18 15:57:16
</span>
</li>
<li class="packageinfo"><a href="http://buildd.debian.org/build.php?arch=m68k&amp;pkg=llvm&amp;ver=2.5-2">llvm_2.5-2</a>  [buildd_m68k-vivaldi]<span>
    ICE
    /build/buildd/llvm-2.5/lib/Transforms/Scalar/InstructionCombining.cpp:10865:
    err
    +or: unable to generate reloads for:
    (insn:QI 265 264 266 36
    /build/buildd/llvm-2.5/lib/Transforms/Scalar/Instruction
    +Combining.cpp:10579 (parallel [
                (set (cc0)
                    (compare (reg:DI 0 %d0)
                        (reg:DI 3 %d3 [335])))
                (clobber (reg:DI 337))
            ]) 12 {*m68k.md:521} (expr_list:REG_DEAD (reg:DI 0 %d0)
            (expr_list:REG_UNUSED (reg:DI 337)
                (nil))))
    /build/buildd/llvm-2.5/lib/Transforms/Scalar/InstructionCombining.cpp:10865:
    int
    +ernal compiler error: in find_reloads, at reload.c:3767
    Please submit a full bug report,
    with preprocessed source if appropriate.
    See &lt;file:///usr/share/doc/gcc-4.3/README.Bugs&gt; for instructions.
  Previous state was Building until 2009 Mar 23 14:00:55
</span>
</li>
<li class="packageinfo"><a href="http://buildd.debian.org/build.php?arch=m68k&amp;pkg=luxrender&amp;ver=0.5-1">luxrender_0.5-1</a>  [buildd_m68k-theia]<span>
    cc1plus: error: unrecognized command line option "-msse2"
    all archs
  Previous state was Building until 2008 Aug 25 13:00:50
</span>
</li>
<li class="empty"><br /></li>
<li class="packageinfo"><a href="http://buildd.debian.org/build.php?arch=m68k&amp;pkg=mpfr&amp;ver=2.4.1-2">mpfr_2.4.1-2</a>  [buildd_m68k-zlin3]<span>
    | Error: sign of -0.0 is not set correctly
    | FAIL: tset_ld
  Previous state was Building until 2009 Jun 30 12:24:04
</span>
</li>
<li class="packageinfo"><a href="http://buildd.debian.org/build.php?arch=m68k&amp;pkg=mseide-msegui&amp;ver=1.8-1">mseide-msegui_1.8-1</a>  [buildd_m68k-kullervo]<span>
     fp-compiler unavailable - stale b-d or dep-wait?
     E: Package fp-compiler has no installation candidate
     Package fp-compiler is not available, but is referred to by another package.
     This may mean that the package is missing, has been obsoleted, or
     is only available from another source
     apt-get failed.
  Previous state was Building until 2008 Nov 09 18:59:50
</span>
</li>
<li class="empty"><br /></li>
<li class="packageinfo"><a href="http://buildd.debian.org/build.php?arch=m68k&amp;pkg=oaklisp&amp;ver=1.3.3-3">oaklisp_1.3.3-3</a>  [buildd_m68k-zlin3]<span>
    Same as previous version (couldn't extract the text)
  Previous state was Building until 2009 Mar 23 14:10:43
</span>
</li>
<li class="packageinfo"><a href="http://buildd.debian.org/build.php?arch=m68k&amp;pkg=oolite&amp;ver=1.65-6">oolite_1.65-6</a>  [buildd_m68k]<span>
    ice segfault.
  Previous state was Needs-Build until 2008 Jul 18 16:11:51
</span>
</li>
<li class="packageinfo"><a href="http://buildd.debian.org/build.php?arch=m68k&amp;pkg=osptoolkit&amp;ver=3.4.2-1">osptoolkit_3.4.2-1</a>  [buildd_m68k-thing1]<span>
    src/osptransapi.c:121: internal compiler error: in reload_cse_simplify_operands, at postreload.c:395
    m68k only
  Previous state was Building until 2008 Apr 29 12:30:35
</span>
</li>
<li class="packageinfo"><a href="http://buildd.debian.org/build.php?arch=m68k&amp;pkg=ounit&amp;ver=1.0.3-2">ounit_1.0.3-2</a>  [buildd_m68k-hobbes]<span>
     openjade borkedness
     openjade:/build/buildd/ounit-1.0.3/doc/manual/src/OUnit.xml:1:58:W: cannot
     generate system identifier for public text "-//Davenport//DTD DocBook V3.0//EN"
     openjade:/build/buildd/ounit-1.0.3/doc/manual/src/OUnit.xml:1:58:E: reference
     to entity "BOOK" for which no system identifier could be generated
     openjade:/build/buildd/ounit-1.0.3/doc/manual/src/OUnit.xml:1:0: entity was defined here
     openjade:/build/buildd/ounit-1.0.3/doc/manual/src/OUnit.xml:1:58:E: DTD did not
     contain element declaration for document type name
  Previous state was Building until 2009 Mar 13 23:37:02
</span>
</li>
<li class="empty"><br /></li>
<li class="packageinfo"><a href="http://buildd.debian.org/build.php?arch=m68k&amp;pkg=php-apc&amp;ver=3.0.19-2">php-apc_3.0.19-2</a>  [buildd_m68k-kullervo]<span>
     build deps not satisfied
  Previous state was Building until 2009 Jan 01 23:38:40
</span>
</li>
<li class="packageinfo"><a href="http://buildd.debian.org/build.php?arch=m68k&amp;pkg=php-geoip&amp;ver=1.0.7-1">php-geoip_1.0.7-1</a>  [buildd_m68k-zlin3]<span>
    | cp: cannot stat `libtool.m4': No such file or directory
    | cp: cannot stat `ltmain.sh': No such file or directory
    | cat: ./build/libtool.m4: No such file or directory
    | configure.in:8: warning: LT_AC_PROG_SED is m4_require'd but not
    | m4_defun'd
    | aclocal.m4:2619: PHP_CONFIG_NICE is expanded from...
  Previous state was Building until 2009 Jun 30 12:24:28
</span>
</li>
<li class="empty"><br /></li>
<li class="packageinfo"><a href="http://buildd.debian.org/build.php?arch=m68k&amp;pkg=seq24&amp;ver=0.9.0-1">seq24_0.9.0-1</a>  [buildd_m68k-crest]<span>
  Reasons for BD-Uninstallable:
    schism (= 2:0+20090817-1) build-depends on debhelper (&gt;= 7.0.0) {debhelper (= 7.4.3)}
  Previous state was Needs-Build until 2009 Aug 18 14:10:28
</span>
</li>
<li class="packageinfo"><a href="http://buildd.debian.org/build.php?arch=m68k&amp;pkg=sigscheme&amp;ver=0.8.3-4">sigscheme_0.8.3-4</a>  [buildd_m68k-spice]<span>
    self test failures
    m68k only
  Previous state was Building until 2008 Aug 02 01:31:33
</span>
</li>
<li class="packageinfo"><a href="http://buildd.debian.org/build.php?arch=m68k&amp;pkg=soundmodem&amp;ver=0.13-1">soundmodem_0.13-1</a>  [buildd_m68k-zlin2]<span>
    | make[2]: Entering directory `/build/buildd/soundmodem-0.13/fsk'
    | ./gendf9icfilt &gt; fskic.h
    | terminate called after throwing an instance of 'matrix_exception'
    |   what():  mcholfactor: matrix not positive definite a[39][39]=19.463
    | s=-263.919
    |
    | /bin/sh: line 1: 10699 Aborted                 ./gendf9icfilt &gt; fskic.h
  Previous state was Building until 2009 Apr 29 13:50:50
</span>
</li>
<li class="packageinfo"><a href="http://buildd.debian.org/build.php?arch=m68k&amp;pkg=sox&amp;ver=14.3.0-1">sox_14.3.0-1</a>  [buildd_m68k-poseidon]<span>
    | ffmpeg.c: In function 'read_samples':
    | ffmpeg.c:224: error: 'AVERROR_EOF' undeclared (first use in this
    | function)
    | ffmpeg.c:224: error: (Each undeclared identifier is reported only once
    | ffmpeg.c:224: error: for each function it appears in.)
  Previous state was Building until 2009 Jul 05 14:22:59
</span>
</li>
<li class="packageinfo"><a href="http://buildd.debian.org/build.php?arch=m68k&amp;pkg=sqlite3-ruby&amp;ver=1.2.4-2">sqlite3-ruby_1.2.4-2</a>  [buildd_m68k-arrakis]<span>
  Reasons for BD-Uninstallable:
    rubyluabridge (= 0.6.0-4) build-depends on liblua5.1-0-dev {liblua5.1-0-dev (= 5.1.4-3)}
  Previous state was Needs-Build until 2009 Aug 28 01:30:29
</span>
</li>
<li class="packageinfo"><a href="http://buildd.debian.org/build.php?arch=m68k&amp;pkg=srtp&amp;ver=1.4.4%7Edfsg-2">srtp_1.4.4~dfsg-2</a>  [buildd_m68k-vivaldi]<span>
    error: crypto_kernel init failed, other archs
  Previous state was Building until 2008 Apr 29 20:41:41
</span>
</li>
<li class="packageinfo"><a href="http://buildd.debian.org/build.php?arch=m68k&amp;pkg=swfdec-gnome&amp;ver=2.26.0-1">swfdec-gnome_2.26.0-1</a>  [buildd_m68k-crest]<span>
     needs perl upgrade
  Previous state was Building until 2009 Mar 18 23:04:32
</span>
</li>
<li class="empty"><br /></li>
<li class="packageinfo"><a href="http://buildd.debian.org/build.php?arch=m68k&amp;pkg=t38modem&amp;ver=0.8.4-2">t38modem_0.8.4-2</a>  [buildd_m68k]<span>
    m68k but see 478502.
  Previous state was Needs-Build until 2008 Jul 18 16:04:41
</span>
</li>
<li class="packageinfo"><a href="http://buildd.debian.org/build.php?arch=m68k&amp;pkg=ttfm&amp;ver=0.1-1.2">ttfm_0.1-1.2</a>  [buildd_m68k]<span>
  Reasons for BD-Uninstallable:
    zhone (= 0-git20090610-5) build-depends on libedje-bin {NOT AVAILABLE}
  Previous state was Needs-Build until 2009 Sep 23 20:00:32
</span>
</li>
<li class="empty"><br /></li>
<li class="packageinfo"><a href="http://buildd.debian.org/build.php?arch=m68k&amp;pkg=wide-dhcpv6&amp;ver=20080615-6">wide-dhcpv6_20080615-6</a>  [buildd_m68k-poseidon]<span>
    In file included from dhcp6c.c:71:
    ./dhcp6.h:112: error: redefinition of 'struct in6_pktinfo'
    make[1]: *** [dhcp6c.o] Error 1
  Previous state was Building until 2009 Apr 29 12:30:42
</span>
</li>
<li class="packageinfo"><a href="http://buildd.debian.org/build.php?arch=m68k&amp;pkg=wordgrinder&amp;ver=0.3.2-1">wordgrinder_0.3.2-1</a>  [buildd_m68k-crest]<span>
     borked source
      "-.pm-cache/2-main.o: In function `wcstoul':
      main.c:(.text+0x6c): multiple definition of `wcstoul'
      .pm-cache/1-utils.o:utils.c:(.text+0x274): first defined here
  Previous state was Building until 2009 Mar 07 02:22:32
</span>
</li>
<li class="empty"><br /></li>
<li class="packageinfo"><a href="http://buildd.debian.org/build.php?arch=m68k&amp;pkg=xf86-input-evtouch&amp;ver=0.8.8-1">xf86-input-evtouch_0.8.8-1</a>  [buildd_m68k-elgar]<span>
    | evtouch.c:656: warning: passing argument 3 of
    | =E2=80=98InitValuatorClassDeviceStruct=E2=80=99 makes pointer from inte=
    ger without a cast
    | evtouch.c:656: error: too few arguments to function
    | =E2=80=98InitValuatorClassDeviceStruct=E2=80=99
  Previous state was Building until 2009 May 27 12:44:24
</span>
</li>
<li class="packageinfo"><a href="http://buildd.debian.org/build.php?arch=m68k&amp;pkg=xpdf&amp;ver=3.02-1.4%2Blenny1">xpdf_3.02-1.4+lenny1</a>  [buildd_m68k-zlin3]<span>
  Reasons for BD-Uninstallable:
    xmlsec1 (= 1.2.12-1) build-depends on debhelper (&gt;&gt; 7.0.0) {debhelper (= 7.4.3)}
  Previous state was Needs-Build until 2009 Sep 06 05:45:31
</span>
</li>

   </ul>
 </body>
</html>
